[2021-05-04 16:11:02.948] [exthost] [info] extension host started
[2021-05-04 16:11:02.998] [exthost] [info] ExtensionService#_doActivateExtension vscode.microsoft-authentication {"startup":false,"extensionId":{"value":"vscode.microsoft-authentication","_lower":"vscode.microsoft-authentication"},"activationEvent":"onAuthenticationRequest:microsoft"}
[2021-05-04 16:11:02.998] [exthost] [info] ExtensionService#loadCommonJSModule file:///usr/share/code/resources/app/extensions/microsoft-authentication/dist/extension.js
[2021-05-04 16:11:03.016] [exthost] [info] ExtensionService#_doActivateExtension vscode.debug-auto-launch {"startup":true,"extensionId":{"value":"vscode.debug-auto-launch","_lower":"vscode.debug-auto-launch"},"activationEvent":"*"}
[2021-05-04 16:11:03.016] [exthost] [info] ExtensionService#loadCommonJSModule file:///usr/share/code/resources/app/extensions/debug-auto-launch/dist/extension
[2021-05-04 16:11:03.020] [exthost] [info] ExtensionService#_doActivateExtension vscode.git {"startup":true,"extensionId":{"value":"vscode.github","_lower":"vscode.github"},"activationEvent":"*"}
[2021-05-04 16:11:03.020] [exthost] [info] ExtensionService#loadCommonJSModule file:///usr/share/code/resources/app/extensions/git/dist/main
[2021-05-04 16:11:03.127] [exthost] [info] ExtensionService#_doActivateExtension ms-vscode.js-debug {"startup":false,"extensionId":{"value":"ms-vscode.js-debug","_lower":"ms-vscode.js-debug"},"activationEvent":"onCommand:extension.js-debug.clearAutoAttachVariables"}
[2021-05-04 16:11:03.127] [exthost] [info] ExtensionService#loadCommonJSModule file:///usr/share/code/resources/app/extensions/ms-vscode.js-debug/src/extension.js
[2021-05-04 16:11:03.370] [exthost] [info] ExtensionService#_doActivateExtension vscode.github {"startup":true,"extensionId":{"value":"vscode.github","_lower":"vscode.github"},"activationEvent":"*"}
[2021-05-04 16:11:03.370] [exthost] [info] ExtensionService#loadCommonJSModule file:///usr/share/code/resources/app/extensions/github/dist/extension.js
[2021-05-04 16:11:03.378] [exthost] [info] ExtensionService#_doActivateExtension vscode.github-authentication {"startup":false,"extensionId":{"value":"vscode.github-authentication","_lower":"vscode.github-authentication"},"activationEvent":"onAuthenticationRequest:github"}
[2021-05-04 16:11:03.378] [exthost] [info] ExtensionService#loadCommonJSModule file:///usr/share/code/resources/app/extensions/github-authentication/dist/extension.js
[2021-05-04 16:11:03.395] [exthost] [info] eager extensions activated
[2021-05-04 16:11:03.405] [exthost] [info] ExtensionService#_doActivateExtension vscode.emmet {"startup":false,"extensionId":{"value":"vscode.emmet","_lower":"vscode.emmet"},"activationEvent":"onStartupFinished"}
[2021-05-04 16:11:03.405] [exthost] [info] ExtensionService#loadCommonJSModule file:///usr/share/code/resources/app/extensions/emmet/dist/node/emmetNodeMain
[2021-05-04 16:11:03.419] [exthost] [info] ExtensionService#_doActivateExtension vscode.merge-conflict {"startup":false,"extensionId":{"value":"vscode.merge-conflict","_lower":"vscode.merge-conflict"},"activationEvent":"onStartupFinished"}
[2021-05-04 16:11:03.419] [exthost] [info] ExtensionService#loadCommonJSModule file:///usr/share/code/resources/app/extensions/merge-conflict/dist/mergeConflictMain
[2021-05-04 16:11:03.422] [exthost] [info] ExtensionService#_doActivateExtension vscode.testing-editor-contributions {"startup":false,"extensionId":{"value":"vscode.testing-editor-contributions","_lower":"vscode.testing-editor-contributions"},"activationEvent":"onStartupFinished"}
[2021-05-04 16:11:03.422] [exthost] [info] ExtensionService#loadCommonJSModule file:///usr/share/code/resources/app/extensions/testing-editor-contributions/dist/extension.js
[2021-05-04 16:11:15.375] [exthost] [info] extension host terminating: received terminate message from renderer
[2021-05-04 16:11:16.378] [exthost] [info] exiting with code 0
[2021-05-04 16:11:16.782] [exthost] [info] extension host started
[2021-05-04 16:11:16.829] [exthost] [info] ExtensionService#_doActivateExtension vscode.microsoft-authentication {"startup":false,"extensionId":{"value":"vscode.microsoft-authentication","_lower":"vscode.microsoft-authentication"},"activationEvent":"onAuthenticationRequest:microsoft"}
[2021-05-04 16:11:16.829] [exthost] [info] ExtensionService#loadCommonJSModule file:///usr/share/code/resources/app/extensions/microsoft-authentication/dist/extension.js
[2021-05-04 16:11:16.840] [exthost] [info] ExtensionService#_doActivateExtension vscode.debug-auto-launch {"startup":true,"extensionId":{"value":"vscode.debug-auto-launch","_lower":"vscode.debug-auto-launch"},"activationEvent":"*"}
[2021-05-04 16:11:16.840] [exthost] [info] ExtensionService#loadCommonJSModule file:///usr/share/code/resources/app/extensions/debug-auto-launch/dist/extension
[2021-05-04 16:11:16.842] [exthost] [info] ExtensionService#_doActivateExtension vscode.git {"startup":true,"extensionId":{"value":"vscode.github","_lower":"vscode.github"},"activationEvent":"*"}
[2021-05-04 16:11:16.843] [exthost] [info] ExtensionService#loadCommonJSModule file:///usr/share/code/resources/app/extensions/git/dist/main
[2021-05-04 16:11:16.901] [exthost] [info] ExtensionService#_doActivateExtension ms-vscode.cpptools {"startup":true,"extensionId":{"value":"ms-vscode.cpptools","_lower":"ms-vscode.cpptools"},"activationEvent":"workspaceContains:/.vscode/c_cpp_properties.json"}
[2021-05-04 16:11:16.901] [exthost] [info] ExtensionService#loadCommonJSModule file:///home/kist/.vscode/extensions/ms-vscode.cpptools-1.3.1/dist/main
[2021-05-04 16:11:17.185] [exthost] [info] ExtensionService#_doActivateExtension vscode.github {"startup":true,"extensionId":{"value":"vscode.github","_lower":"vscode.github"},"activationEvent":"*"}
[2021-05-04 16:11:17.185] [exthost] [info] ExtensionService#loadCommonJSModule file:///usr/share/code/resources/app/extensions/github/dist/extension.js
[2021-05-04 16:11:17.190] [exthost] [info] ExtensionService#_doActivateExtension ms-vscode.js-debug {"startup":false,"extensionId":{"value":"ms-vscode.js-debug","_lower":"ms-vscode.js-debug"},"activationEvent":"onCommand:extension.js-debug.clearAutoAttachVariables"}
[2021-05-04 16:11:17.190] [exthost] [info] ExtensionService#loadCommonJSModule file:///usr/share/code/resources/app/extensions/ms-vscode.js-debug/src/extension.js
[2021-05-04 16:11:17.309] [exthost] [info] ExtensionService#_doActivateExtension ms-vscode.cmake-tools {"startup":true,"extensionId":{"value":"ms-vscode.cmake-tools","_lower":"ms-vscode.cmake-tools"},"activationEvent":"workspaceContains:**/CMakeLists.txt"}
[2021-05-04 16:11:17.309] [exthost] [info] ExtensionService#loadCommonJSModule file:///home/kist/.vscode/extensions/ms-vscode.cmake-tools-1.7.1/dist/main
[2021-05-04 16:11:17.575] [exthost] [info] ExtensionService#_doActivateExtension vscode.github-authentication {"startup":false,"extensionId":{"value":"vscode.github-authentication","_lower":"vscode.github-authentication"},"activationEvent":"onAuthenticationRequest:github"}
[2021-05-04 16:11:17.576] [exthost] [info] ExtensionService#loadCommonJSModule file:///usr/share/code/resources/app/extensions/github-authentication/dist/extension.js
[2021-05-04 16:11:17.805] [exthost] [info] ExtensionService#_doActivateExtension vscode.configuration-editing {"startup":false,"extensionId":{"value":"vscode.configuration-editing","_lower":"vscode.configuration-editing"},"activationEvent":"onLanguage:json"}
[2021-05-04 16:11:17.805] [exthost] [info] ExtensionService#loadCommonJSModule file:///usr/share/code/resources/app/extensions/configuration-editing/dist/configurationEditingMain
[2021-05-04 16:11:17.811] [exthost] [info] ExtensionService#_doActivateExtension vscode.extension-editing {"startup":false,"extensionId":{"value":"vscode.extension-editing","_lower":"vscode.extension-editing"},"activationEvent":"onLanguage:json"}
[2021-05-04 16:11:17.811] [exthost] [info] ExtensionService#loadCommonJSModule file:///usr/share/code/resources/app/extensions/extension-editing/dist/extensionEditingMain
[2021-05-04 16:11:17.826] [exthost] [info] ExtensionService#_doActivateExtension vscode.json-language-features {"startup":false,"extensionId":{"value":"vscode.json-language-features","_lower":"vscode.json-language-features"},"activationEvent":"onLanguage:json"}
[2021-05-04 16:11:17.826] [exthost] [info] ExtensionService#loadCommonJSModule file:///usr/share/code/resources/app/extensions/json-language-features/client/dist/node/jsonClientMain
[2021-05-04 16:11:17.871] [exthost] [info] ExtensionService#_doActivateExtension vscode.npm {"startup":false,"extensionId":{"value":"vscode.npm","_lower":"vscode.npm"},"activationEvent":"onLanguage:json"}
[2021-05-04 16:11:17.871] [exthost] [info] ExtensionService#loadCommonJSModule file:///usr/share/code/resources/app/extensions/npm/dist/npmMain
[2021-05-04 16:11:17.924] [exthost] [info] ExtensionService#_doActivateExtension vscode.typescript-language-features {"startup":false,"extensionId":{"value":"vscode.typescript-language-features","_lower":"vscode.typescript-language-features"},"activationEvent":"onLanguage:jsonc"}
[2021-05-04 16:11:17.924] [exthost] [info] ExtensionService#loadCommonJSModule file:///usr/share/code/resources/app/extensions/typescript-language-features/dist/extension
[2021-05-04 16:11:18.111] [exthost] [info] eager extensions activated
[2021-05-04 16:11:18.126] [exthost] [info] ExtensionService#_doActivateExtension vscode.emmet {"startup":false,"extensionId":{"value":"vscode.emmet","_lower":"vscode.emmet"},"activationEvent":"onStartupFinished"}
[2021-05-04 16:11:18.126] [exthost] [info] ExtensionService#loadCommonJSModule file:///usr/share/code/resources/app/extensions/emmet/dist/node/emmetNodeMain
[2021-05-04 16:11:18.136] [exthost] [info] ExtensionService#_doActivateExtension vscode.merge-conflict {"startup":false,"extensionId":{"value":"vscode.merge-conflict","_lower":"vscode.merge-conflict"},"activationEvent":"onStartupFinished"}
[2021-05-04 16:11:18.136] [exthost] [info] ExtensionService#loadCommonJSModule file:///usr/share/code/resources/app/extensions/merge-conflict/dist/mergeConflictMain
[2021-05-04 16:11:18.140] [exthost] [info] ExtensionService#_doActivateExtension vscode.testing-editor-contributions {"startup":false,"extensionId":{"value":"vscode.testing-editor-contributions","_lower":"vscode.testing-editor-contributions"},"activationEvent":"onStartupFinished"}
[2021-05-04 16:11:18.140] [exthost] [info] ExtensionService#loadCommonJSModule file:///usr/share/code/resources/app/extensions/testing-editor-contributions/dist/extension.js
[2021-05-04 16:15:16.567] [exthost] [error] [ms-vscode.cpptools] provider FAILED
[2021-05-04 16:15:16.567] [exthost] [error] undefined
[2021-05-04 16:16:35.045] [exthost] [error] [ms-vscode.cpptools] provider FAILED
[2021-05-04 16:16:35.045] [exthost] [error] undefined
[2021-05-04 16:17:34.805] [exthost] [error] [ms-vscode.cpptools] provider FAILED
[2021-05-04 16:17:34.805] [exthost] [error] undefined
[2021-05-04 16:19:00.527] [exthost] [error] [ms-vscode.cpptools] provider FAILED
[2021-05-04 16:19:00.527] [exthost] [error] undefined
[2021-05-04 16:19:51.177] [exthost] [error] [ms-vscode.cpptools] provider FAILED
[2021-05-04 16:19:51.178] [exthost] [error] undefined
[2021-05-04 16:20:59.762] [exthost] [error] [ms-vscode.cpptools] provider FAILED
[2021-05-04 16:20:59.762] [exthost] [error] undefined
[2021-05-04 16:21:05.407] [exthost] [error] [ms-vscode.cpptools] provider FAILED
[2021-05-04 16:21:05.407] [exthost] [error] undefined
[2021-05-04 16:21:08.364] [exthost] [error] [ms-vscode.cpptools] provider FAILED
[2021-05-04 16:21:08.364] [exthost] [error] undefined
[2021-05-04 16:24:03.928] [exthost] [error] [ms-vscode.cpptools] provider FAILED
[2021-05-04 16:24:03.928] [exthost] [error] undefined
[2021-05-04 16:24:12.852] [exthost] [error] [ms-vscode.cpptools] provider FAILED
[2021-05-04 16:24:12.852] [exthost] [error] undefined
[2021-05-04 16:24:27.327] [exthost] [error] [ms-vscode.cpptools] provider FAILED
[2021-05-04 16:24:27.327] [exthost] [error] undefined
[2021-05-04 16:25:16.100] [exthost] [error] [ms-vscode.cpptools] provider FAILED
[2021-05-04 16:25:16.100] [exthost] [error] undefined
[2021-05-04 16:25:18.848] [exthost] [error] [ms-vscode.cpptools] provider FAILED
[2021-05-04 16:25:18.848] [exthost] [error] undefined
[2021-05-04 16:26:03.352] [exthost] [error] [ms-vscode.cpptools] provider FAILED
[2021-05-04 16:26:03.352] [exthost] [error] undefined
[2021-05-04 16:26:05.414] [exthost] [error] [ms-vscode.cpptools] provider FAILED
[2021-05-04 16:26:05.414] [exthost] [error] undefined
[2021-05-04 16:27:05.064] [exthost] [error] [ms-vscode.cpptools] provider FAILED
[2021-05-04 16:27:05.064] [exthost] [error] undefined
[2021-05-04 16:27:09.631] [exthost] [error] [ms-vscode.cpptools] provider FAILED
[2021-05-04 16:27:09.631] [exthost] [error] undefined
[2021-05-04 16:27:13.725] [exthost] [error] [ms-vscode.cpptools] provider FAILED
[2021-05-04 16:27:13.725] [exthost] [error] undefined
[2021-05-04 16:27:18.104] [exthost] [error] [ms-vscode.cpptools] provider FAILED
[2021-05-04 16:27:18.104] [exthost] [error] undefined
[2021-05-04 16:27:40.658] [exthost] [error] [ms-vscode.cpptools] provider FAILED
[2021-05-04 16:27:40.658] [exthost] [error] undefined
[2021-05-04 16:28:07.227] [exthost] [error] [ms-vscode.cpptools] provider FAILED
[2021-05-04 16:28:07.227] [exthost] [error] undefined
[2021-05-04 16:28:24.460] [exthost] [info] ExtensionService#_doActivateExtension twxs.cmake {"startup":false,"extensionId":{"value":"twxs.cmake","_lower":"twxs.cmake"},"activationEvent":"onLanguage:cmake"}
[2021-05-04 16:28:24.460] [exthost] [info] ExtensionService#loadCommonJSModule file:///home/kist/.vscode/extensions/twxs.cmake-0.0.17/out/extension
[2021-05-04 16:34:12.658] [exthost] [error] [ms-vscode.cpptools] provider FAILED
[2021-05-04 16:34:12.658] [exthost] [error] undefined
[2021-05-04 16:35:26.036] [exthost] [error] [ms-vscode.cpptools] provider FAILED
[2021-05-04 16:35:26.036] [exthost] [error] undefined
[2021-05-04 16:35:53.839] [exthost] [error] [ms-vscode.cpptools] provider FAILED
[2021-05-04 16:35:53.839] [exthost] [error] undefined
[2021-05-04 16:35:58.266] [exthost] [error] [ms-vscode.cpptools] provider FAILED
[2021-05-04 16:35:58.266] [exthost] [error] undefined
[2021-05-04 16:36:34.515] [exthost] [error] [ms-vscode.cpptools] provider FAILED
[2021-05-04 16:36:34.515] [exthost] [error] undefined
[2021-05-04 16:36:36.775] [exthost] [error] [ms-vscode.cpptools] provider FAILED
[2021-05-04 16:36:36.775] [exthost] [error] undefined
[2021-05-04 16:36:38.841] [exthost] [error] [ms-vscode.cpptools] provider FAILED
[2021-05-04 16:36:38.841] [exthost] [error] undefined
[2021-05-04 16:36:41.016] [exthost] [error] [ms-vscode.cpptools] provider FAILED
[2021-05-04 16:36:41.016] [exthost] [error] undefined
[2021-05-04 16:36:43.018] [exthost] [error] [ms-vscode.cpptools] provider FAILED
[2021-05-04 16:36:43.018] [exthost] [error] undefined
[2021-05-04 16:36:45.184] [exthost] [error] [ms-vscode.cpptools] provider FAILED
[2021-05-04 16:36:45.184] [exthost] [error] undefined
[2021-05-04 16:37:53.177] [exthost] [error] [ms-vscode.cpptools] provider FAILED
[2021-05-04 16:37:53.177] [exthost] [error] undefined
[2021-05-04 16:37:54.227] [exthost] [error] [ms-vscode.cpptools] provider FAILED
[2021-05-04 16:37:54.227] [exthost] [error] undefined
[2021-05-04 16:38:05.452] [exthost] [error] [ms-vscode.cpptools] provider FAILED
[2021-05-04 16:38:05.452] [exthost] [error] undefined
[2021-05-04 16:51:51.378] [exthost] [error] [ms-vscode.cpptools] provider FAILED
[2021-05-04 16:51:51.378] [exthost] [error] undefined
[2021-05-04 17:44:16.190] [exthost] [info] extension host terminating: received terminate message from renderer
[2021-05-04 17:44:17.202] [exthost] [info] exiting with code 0
