[2021-05-18 09:54:01.394] [exthost] [info] extension host started
[2021-05-18 09:54:01.486] [exthost] [info] ExtensionService#_doActivateExtension vscode.microsoft-authentication {"startup":false,"extensionId":{"value":"vscode.microsoft-authentication","_lower":"vscode.microsoft-authentication"},"activationEvent":"onAuthenticationRequest:microsoft"}
[2021-05-18 09:54:01.486] [exthost] [info] ExtensionService#loadCommonJSModule file:///usr/share/code/resources/app/extensions/microsoft-authentication/dist/extension.js
[2021-05-18 09:54:01.503] [exthost] [info] ExtensionService#_doActivateExtension ms-vscode.cpptools {"startup":false,"extensionId":{"value":"ms-vscode.cpptools","_lower":"ms-vscode.cpptools"},"activationEvent":"onLanguage:cpp"}
[2021-05-18 09:54:01.503] [exthost] [info] ExtensionService#loadCommonJSModule file:///home/kist/.vscode/extensions/ms-vscode.cpptools-1.3.1/dist/main
[2021-05-18 09:54:01.591] [exthost] [info] ExtensionService#_doActivateExtension vscode.debug-auto-launch {"startup":true,"extensionId":{"value":"vscode.debug-auto-launch","_lower":"vscode.debug-auto-launch"},"activationEvent":"*"}
[2021-05-18 09:54:01.591] [exthost] [info] ExtensionService#loadCommonJSModule file:///usr/share/code/resources/app/extensions/debug-auto-launch/dist/extension
[2021-05-18 09:54:01.598] [exthost] [info] ExtensionService#_doActivateExtension vscode.git {"startup":true,"extensionId":{"value":"vscode.github","_lower":"vscode.github"},"activationEvent":"*"}
[2021-05-18 09:54:01.598] [exthost] [info] ExtensionService#loadCommonJSModule file:///usr/share/code/resources/app/extensions/git/dist/main
[2021-05-18 09:54:02.318] [exthost] [info] ExtensionService#_doActivateExtension ms-vscode.cmake-tools {"startup":true,"extensionId":{"value":"ms-vscode.cmake-tools","_lower":"ms-vscode.cmake-tools"},"activationEvent":"workspaceContains:**/CMakeLists.txt"}
[2021-05-18 09:54:02.319] [exthost] [info] ExtensionService#loadCommonJSModule file:///home/kist/.vscode/extensions/ms-vscode.cmake-tools-1.7.1/dist/main
[2021-05-18 09:54:02.515] [exthost] [info] ExtensionService#_doActivateExtension ms-vscode.js-debug {"startup":false,"extensionId":{"value":"ms-vscode.js-debug","_lower":"ms-vscode.js-debug"},"activationEvent":"onCommand:extension.js-debug.clearAutoAttachVariables"}
[2021-05-18 09:54:02.515] [exthost] [info] ExtensionService#loadCommonJSModule file:///usr/share/code/resources/app/extensions/ms-vscode.js-debug/src/extension.js
[2021-05-18 09:54:02.772] [exthost] [info] ExtensionService#_doActivateExtension vscode.github {"startup":true,"extensionId":{"value":"vscode.github","_lower":"vscode.github"},"activationEvent":"*"}
[2021-05-18 09:54:02.772] [exthost] [info] ExtensionService#loadCommonJSModule file:///usr/share/code/resources/app/extensions/github/dist/extension.js
[2021-05-18 09:54:02.781] [exthost] [info] ExtensionService#_doActivateExtension vscode.configuration-editing {"startup":false,"extensionId":{"value":"vscode.configuration-editing","_lower":"vscode.configuration-editing"},"activationEvent":"onLanguage:json"}
[2021-05-18 09:54:02.781] [exthost] [info] ExtensionService#loadCommonJSModule file:///usr/share/code/resources/app/extensions/configuration-editing/dist/configurationEditingMain
[2021-05-18 09:54:02.788] [exthost] [info] ExtensionService#_doActivateExtension vscode.extension-editing {"startup":false,"extensionId":{"value":"vscode.extension-editing","_lower":"vscode.extension-editing"},"activationEvent":"onLanguage:json"}
[2021-05-18 09:54:02.788] [exthost] [info] ExtensionService#loadCommonJSModule file:///usr/share/code/resources/app/extensions/extension-editing/dist/extensionEditingMain
[2021-05-18 09:54:02.800] [exthost] [info] ExtensionService#_doActivateExtension vscode.json-language-features {"startup":false,"extensionId":{"value":"vscode.json-language-features","_lower":"vscode.json-language-features"},"activationEvent":"onLanguage:json"}
[2021-05-18 09:54:02.800] [exthost] [info] ExtensionService#loadCommonJSModule file:///usr/share/code/resources/app/extensions/json-language-features/client/dist/node/jsonClientMain
[2021-05-18 09:54:02.830] [exthost] [info] ExtensionService#_doActivateExtension vscode.npm {"startup":false,"extensionId":{"value":"vscode.npm","_lower":"vscode.npm"},"activationEvent":"onLanguage:json"}
[2021-05-18 09:54:02.830] [exthost] [info] ExtensionService#loadCommonJSModule file:///usr/share/code/resources/app/extensions/npm/dist/npmMain
[2021-05-18 09:54:02.892] [exthost] [info] ExtensionService#_doActivateExtension vscode.typescript-language-features {"startup":false,"extensionId":{"value":"vscode.typescript-language-features","_lower":"vscode.typescript-language-features"},"activationEvent":"onLanguage:jsonc"}
[2021-05-18 09:54:02.892] [exthost] [info] ExtensionService#loadCommonJSModule file:///usr/share/code/resources/app/extensions/typescript-language-features/dist/extension
[2021-05-18 09:54:03.062] [exthost] [info] ExtensionService#_doActivateExtension vscode.github-authentication {"startup":false,"extensionId":{"value":"vscode.github-authentication","_lower":"vscode.github-authentication"},"activationEvent":"onAuthenticationRequest:github"}
[2021-05-18 09:54:03.062] [exthost] [info] ExtensionService#loadCommonJSModule file:///usr/share/code/resources/app/extensions/github-authentication/dist/extension.js
[2021-05-18 09:54:03.283] [exthost] [warning] [Decorations] CAPPING events from decorations provider vscode.git 713
[2021-05-18 09:54:03.725] [exthost] [info] eager extensions activated
[2021-05-18 09:54:03.761] [exthost] [info] ExtensionService#_doActivateExtension vscode.emmet {"startup":false,"extensionId":{"value":"vscode.emmet","_lower":"vscode.emmet"},"activationEvent":"onStartupFinished"}
[2021-05-18 09:54:03.761] [exthost] [info] ExtensionService#loadCommonJSModule file:///usr/share/code/resources/app/extensions/emmet/dist/node/emmetNodeMain
[2021-05-18 09:54:03.776] [exthost] [info] ExtensionService#_doActivateExtension vscode.merge-conflict {"startup":false,"extensionId":{"value":"vscode.merge-conflict","_lower":"vscode.merge-conflict"},"activationEvent":"onStartupFinished"}
[2021-05-18 09:54:03.776] [exthost] [info] ExtensionService#loadCommonJSModule file:///usr/share/code/resources/app/extensions/merge-conflict/dist/mergeConflictMain
[2021-05-18 09:54:03.780] [exthost] [info] ExtensionService#_doActivateExtension vscode.testing-editor-contributions {"startup":false,"extensionId":{"value":"vscode.testing-editor-contributions","_lower":"vscode.testing-editor-contributions"},"activationEvent":"onStartupFinished"}
[2021-05-18 09:54:03.781] [exthost] [info] ExtensionService#loadCommonJSModule file:///usr/share/code/resources/app/extensions/testing-editor-contributions/dist/extension.js
[2021-05-18 09:55:14.919] [exthost] [error] [ms-vscode.cpptools] provider FAILED
[2021-05-18 09:55:14.919] [exthost] [error] undefined
[2021-05-18 09:55:15.787] [exthost] [warning] [Decorations] CAPPING events from decorations provider vscode.git 718
[2021-05-18 10:36:06.584] [exthost] [error] [ms-vscode.cpptools] provider FAILED
[2021-05-18 10:36:06.584] [exthost] [error] undefined
[2021-05-18 10:36:14.962] [exthost] [error] [ms-vscode.cpptools] provider FAILED
[2021-05-18 10:36:14.962] [exthost] [error] undefined
[2021-05-18 10:36:34.108] [exthost] [error] [ms-vscode.cpptools] provider FAILED
[2021-05-18 10:36:34.108] [exthost] [error] undefined
[2021-05-18 10:36:36.618] [exthost] [warning] [Decorations] CAPPING events from decorations provider vscode.git 719
[2021-05-18 10:36:38.413] [exthost] [error] [ms-vscode.cpptools] provider FAILED
[2021-05-18 10:36:38.413] [exthost] [error] undefined
[2021-05-18 10:37:04.082] [exthost] [error] [ms-vscode.cpptools] provider FAILED
[2021-05-18 10:37:04.082] [exthost] [error] undefined
[2021-05-18 10:37:25.055] [exthost] [error] [ms-vscode.cpptools] provider FAILED
[2021-05-18 10:37:25.055] [exthost] [error] undefined
[2021-05-18 10:37:41.709] [exthost] [warning] [Decorations] CAPPING events from decorations provider vscode.git 719
[2021-05-18 10:38:45.391] [exthost] [error] [ms-vscode.cpptools] provider FAILED
[2021-05-18 10:38:45.391] [exthost] [error] undefined
[2021-05-18 10:38:49.639] [exthost] [error] [ms-vscode.cpptools] provider FAILED
[2021-05-18 10:38:49.639] [exthost] [error] undefined
[2021-05-18 10:39:10.903] [exthost] [error] [ms-vscode.cpptools] provider FAILED
[2021-05-18 10:39:10.903] [exthost] [error] undefined
[2021-05-18 10:39:14.279] [exthost] [error] [ms-vscode.cpptools] provider FAILED
[2021-05-18 10:39:14.279] [exthost] [error] undefined
[2021-05-18 10:39:18.623] [exthost] [error] [ms-vscode.cpptools] provider FAILED
[2021-05-18 10:39:18.623] [exthost] [error] undefined
[2021-05-18 10:39:23.624] [exthost] [error] [ms-vscode.cpptools] provider FAILED
[2021-05-18 10:39:23.624] [exthost] [error] undefined
[2021-05-18 10:39:31.927] [exthost] [error] [ms-vscode.cpptools] provider FAILED
[2021-05-18 10:39:31.927] [exthost] [error] undefined
[2021-05-18 10:39:32.442] [exthost] [warning] [Decorations] CAPPING events from decorations provider vscode.git 719
[2021-05-18 10:39:39.333] [exthost] [error] [ms-vscode.cpptools] provider FAILED
[2021-05-18 10:39:39.333] [exthost] [error] undefined
[2021-05-18 10:39:42.742] [exthost] [warning] [Decorations] CAPPING events from decorations provider vscode.git 719
[2021-05-18 10:39:58.905] [exthost] [error] [ms-vscode.cpptools] provider FAILED
[2021-05-18 10:39:58.905] [exthost] [error] undefined
[2021-05-18 10:40:11.804] [exthost] [error] [ms-vscode.cpptools] provider FAILED
[2021-05-18 10:40:11.804] [exthost] [error] undefined
[2021-05-18 10:40:12.934] [exthost] [warning] [Decorations] CAPPING events from decorations provider vscode.git 719
[2021-05-18 10:40:18.915] [exthost] [warning] [Decorations] CAPPING events from decorations provider vscode.git 721
[2021-05-18 10:40:24.964] [exthost] [error] [ms-vscode.cpptools] provider FAILED
[2021-05-18 10:40:24.964] [exthost] [error] undefined
[2021-05-18 10:40:26.409] [exthost] [warning] [Decorations] CAPPING events from decorations provider vscode.git 716
[2021-05-18 10:40:34.730] [exthost] [warning] [Decorations] CAPPING events from decorations provider vscode.git 716
[2021-05-18 10:40:41.620] [exthost] [error] [ms-vscode.cpptools] provider FAILED
[2021-05-18 10:40:41.621] [exthost] [error] undefined
[2021-05-18 10:40:45.719] [exthost] [error] [ms-vscode.cpptools] provider FAILED
[2021-05-18 10:40:45.719] [exthost] [error] undefined
[2021-05-18 10:40:46.811] [exthost] [warning] [Decorations] CAPPING events from decorations provider vscode.git 716
[2021-05-18 10:40:56.016] [exthost] [warning] [Decorations] CAPPING events from decorations provider vscode.git 721
[2021-05-18 10:41:24.340] [exthost] [warning] [Decorations] CAPPING events from decorations provider vscode.git 719
[2021-05-18 10:42:11.001] [exthost] [error] [ms-vscode.cpptools] provider FAILED
[2021-05-18 10:42:11.001] [exthost] [error] undefined
[2021-05-18 10:42:26.540] [exthost] [error] [ms-vscode.cpptools] provider FAILED
[2021-05-18 10:42:26.540] [exthost] [error] undefined
[2021-05-18 10:42:54.281] [exthost] [warning] [Decorations] CAPPING events from decorations provider vscode.git 719
[2021-05-18 10:42:59.465] [exthost] [warning] [Decorations] CAPPING events from decorations provider vscode.git 719
[2021-05-18 10:43:32.244] [exthost] [warning] [Decorations] CAPPING events from decorations provider vscode.git 719
[2021-05-18 10:43:37.449] [exthost] [warning] [Decorations] CAPPING events from decorations provider vscode.git 719
[2021-05-18 10:44:06.409] [exthost] [warning] [Decorations] CAPPING events from decorations provider vscode.git 719
[2021-05-18 10:52:47.664] [exthost] [error] [ms-vscode.cpptools] provider FAILED
[2021-05-18 10:52:47.664] [exthost] [error] undefined
[2021-05-18 10:53:18.360] [exthost] [error] [ms-vscode.cpptools] provider FAILED
[2021-05-18 10:53:18.360] [exthost] [error] undefined
[2021-05-18 10:53:52.827] [exthost] [error] [ms-vscode.cpptools] provider FAILED
[2021-05-18 10:53:52.827] [exthost] [error] undefined
[2021-05-18 10:54:05.517] [exthost] [error] [ms-vscode.cpptools] provider FAILED
[2021-05-18 10:54:05.517] [exthost] [error] undefined
[2021-05-18 10:54:12.470] [exthost] [warning] [Decorations] CAPPING events from decorations provider vscode.git 719
[2021-05-18 10:54:17.667] [exthost] [warning] [Decorations] CAPPING events from decorations provider vscode.git 721
[2021-05-18 10:54:57.386] [exthost] [warning] [Decorations] CAPPING events from decorations provider vscode.git 721
[2021-05-18 10:55:02.576] [exthost] [warning] [Decorations] CAPPING events from decorations provider vscode.git 718
[2021-05-18 10:55:08.512] [exthost] [warning] [Decorations] CAPPING events from decorations provider vscode.git 718
[2021-05-18 10:55:17.688] [exthost] [warning] [Decorations] CAPPING events from decorations provider vscode.git 718
[2021-05-18 10:55:22.401] [exthost] [error] [ms-vscode.cpptools] provider FAILED
[2021-05-18 10:55:22.401] [exthost] [error] undefined
[2021-05-18 10:55:27.374] [exthost] [warning] [Decorations] CAPPING events from decorations provider vscode.git 718
[2021-05-18 10:55:54.899] [exthost] [warning] [Decorations] CAPPING events from decorations provider vscode.git 718
[2021-05-18 10:57:01.570] [exthost] [warning] [Decorations] CAPPING events from decorations provider vscode.git 718
[2021-05-18 10:57:06.767] [exthost] [warning] [Decorations] CAPPING events from decorations provider vscode.git 718
[2021-05-18 11:00:09.958] [exthost] [warning] [Decorations] CAPPING events from decorations provider vscode.git 718
[2021-05-18 11:00:15.158] [exthost] [warning] [Decorations] CAPPING events from decorations provider vscode.git 718
[2021-05-18 11:00:35.627] [exthost] [error] [ms-vscode.cpptools] provider FAILED
[2021-05-18 11:00:35.627] [exthost] [error] undefined
[2021-05-18 11:00:54.641] [exthost] [warning] [Decorations] CAPPING events from decorations provider vscode.git 718
[2021-05-18 11:00:59.869] [exthost] [warning] [Decorations] CAPPING events from decorations provider vscode.git 718
[2021-05-18 11:01:47.747] [exthost] [error] [ms-vscode.cpptools] provider FAILED
[2021-05-18 11:01:47.747] [exthost] [error] undefined
[2021-05-18 11:01:53.427] [exthost] [warning] [Decorations] CAPPING events from decorations provider vscode.git 718
[2021-05-18 11:04:12.878] [exthost] [warning] [Decorations] CAPPING events from decorations provider vscode.git 718
[2021-05-18 11:04:18.109] [exthost] [warning] [Decorations] CAPPING events from decorations provider vscode.git 718
[2021-05-18 11:04:39.883] [exthost] [warning] [Decorations] CAPPING events from decorations provider vscode.git 718
[2021-05-18 11:05:02.468] [exthost] [warning] [Decorations] CAPPING events from decorations provider vscode.git 718
[2021-05-18 11:05:06.500] [exthost] [error] [ms-vscode.cpptools] provider FAILED
[2021-05-18 11:05:06.500] [exthost] [error] undefined
[2021-05-18 11:05:07.658] [exthost] [warning] [Decorations] CAPPING events from decorations provider vscode.git 719
[2021-05-18 11:05:12.829] [exthost] [error] [ms-vscode.cpptools] provider FAILED
[2021-05-18 11:05:12.829] [exthost] [error] undefined
[2021-05-18 11:05:36.976] [exthost] [warning] [Decorations] CAPPING events from decorations provider vscode.git 719
[2021-05-18 11:05:44.999] [exthost] [error] [ms-vscode.cpptools] provider FAILED
[2021-05-18 11:05:44.999] [exthost] [error] undefined
[2021-05-18 11:06:26.976] [exthost] [warning] [Decorations] CAPPING events from decorations provider vscode.git 718
[2021-05-18 11:06:31.309] [exthost] [error] [ms-vscode.cpptools] provider FAILED
[2021-05-18 11:06:31.309] [exthost] [error] undefined
[2021-05-18 11:06:34.752] [exthost] [warning] [Decorations] CAPPING events from decorations provider vscode.git 720
[2021-05-18 11:06:39.955] [exthost] [warning] [Decorations] CAPPING events from decorations provider vscode.git 720
[2021-05-18 11:07:37.359] [exthost] [warning] [Decorations] CAPPING events from decorations provider vscode.git 718
[2021-05-18 11:08:27.585] [exthost] [warning] [Decorations] CAPPING events from decorations provider vscode.git 718
[2021-05-18 11:09:16.772] [exthost] [warning] [Decorations] CAPPING events from decorations provider vscode.git 718
[2021-05-18 11:09:40.093] [exthost] [warning] [Decorations] CAPPING events from decorations provider vscode.git 718
[2021-05-18 11:09:45.316] [exthost] [warning] [Decorations] CAPPING events from decorations provider vscode.git 718
[2021-05-18 11:09:54.082] [exthost] [error] [ms-vscode.cpptools] provider FAILED
[2021-05-18 11:09:54.082] [exthost] [error] undefined
[2021-05-18 11:10:09.723] [exthost] [warning] [Decorations] CAPPING events from decorations provider vscode.git 718
[2021-05-18 11:10:12.984] [exthost] [error] [ms-vscode.cpptools] provider FAILED
[2021-05-18 11:10:12.984] [exthost] [error] undefined
[2021-05-18 11:10:14.917] [exthost] [warning] [Decorations] CAPPING events from decorations provider vscode.git 718
[2021-05-18 11:10:19.100] [exthost] [error] [ms-vscode.cpptools] provider FAILED
[2021-05-18 11:10:19.100] [exthost] [error] undefined
[2021-05-18 11:10:20.116] [exthost] [warning] [Decorations] CAPPING events from decorations provider vscode.git 719
[2021-05-18 11:10:29.136] [exthost] [error] [ms-vscode.cpptools] provider FAILED
[2021-05-18 11:10:29.136] [exthost] [error] undefined
[2021-05-18 11:10:32.257] [exthost] [error] [ms-vscode.cpptools] provider FAILED
[2021-05-18 11:10:32.257] [exthost] [error] undefined
[2021-05-18 11:10:35.276] [exthost] [warning] [Decorations] CAPPING events from decorations provider vscode.git 719
[2021-05-18 11:10:59.156] [exthost] [warning] [Decorations] CAPPING events from decorations provider vscode.git 718
[2021-05-18 11:11:04.349] [exthost] [warning] [Decorations] CAPPING events from decorations provider vscode.git 718
[2021-05-18 11:24:23.480] [exthost] [error] [ms-vscode.cpptools] provider FAILED
[2021-05-18 11:24:23.480] [exthost] [error] undefined
[2021-05-18 11:24:24.464] [exthost] [warning] [Decorations] CAPPING events from decorations provider vscode.git 718
[2021-05-18 11:24:36.217] [exthost] [error] [ms-vscode.cpptools] provider FAILED
[2021-05-18 11:24:36.217] [exthost] [error] undefined
[2021-05-18 11:24:53.434] [exthost] [error] [ms-vscode.cpptools] provider FAILED
[2021-05-18 11:24:53.434] [exthost] [error] undefined
[2021-05-18 11:25:01.044] [exthost] [error] [ms-vscode.cpptools] provider FAILED
[2021-05-18 11:25:01.044] [exthost] [error] undefined
[2021-05-18 11:25:02.065] [exthost] [error] [ms-vscode.cpptools] provider FAILED
[2021-05-18 11:25:02.065] [exthost] [error] undefined
[2021-05-18 11:25:02.065] [exthost] [error] [ms-vscode.cpptools] provider FAILED
[2021-05-18 11:25:02.065] [exthost] [error] undefined
[2021-05-18 11:25:03.550] [exthost] [warning] [Decorations] CAPPING events from decorations provider vscode.git 718
[2021-05-18 11:25:03.629] [exthost] [error] [ms-vscode.cpptools] provider FAILED
[2021-05-18 11:25:03.629] [exthost] [error] undefined
[2021-05-18 11:25:07.094] [exthost] [error] [ms-vscode.cpptools] provider FAILED
[2021-05-18 11:25:07.094] [exthost] [error] undefined
[2021-05-18 11:25:21.776] [exthost] [error] [ms-vscode.cpptools] provider FAILED
[2021-05-18 11:25:21.776] [exthost] [error] undefined
[2021-05-18 11:25:28.017] [exthost] [error] [ms-vscode.cpptools] provider FAILED
[2021-05-18 11:25:28.017] [exthost] [error] undefined
[2021-05-18 11:25:32.500] [exthost] [error] [ms-vscode.cpptools] provider FAILED
[2021-05-18 11:25:32.500] [exthost] [error] undefined
[2021-05-18 11:25:34.992] [exthost] [error] [ms-vscode.cpptools] provider FAILED
[2021-05-18 11:25:34.992] [exthost] [error] undefined
[2021-05-18 11:25:39.398] [exthost] [warning] [Decorations] CAPPING events from decorations provider vscode.git 718
[2021-05-18 11:25:57.028] [exthost] [error] [ms-vscode.cpptools] provider FAILED
[2021-05-18 11:25:57.028] [exthost] [error] undefined
[2021-05-18 11:25:57.028] [exthost] [error] [ms-vscode.cpptools] provider FAILED
[2021-05-18 11:25:57.028] [exthost] [error] undefined
[2021-05-18 11:25:59.666] [exthost] [warning] [Decorations] CAPPING events from decorations provider vscode.git 718
[2021-05-18 11:26:00.586] [exthost] [error] [ms-vscode.cpptools] provider FAILED
[2021-05-18 11:26:00.586] [exthost] [error] undefined
[2021-05-18 11:26:10.112] [exthost] [warning] [Decorations] CAPPING events from decorations provider vscode.git 718
[2021-05-18 11:26:29.623] [exthost] [error] [ms-vscode.cpptools] provider FAILED
[2021-05-18 11:26:29.623] [exthost] [error] undefined
[2021-05-18 11:26:31.780] [exthost] [error] [ms-vscode.cpptools] provider FAILED
[2021-05-18 11:26:31.780] [exthost] [error] undefined
[2021-05-18 11:26:40.200] [exthost] [error] [ms-vscode.cpptools] provider FAILED
[2021-05-18 11:26:40.200] [exthost] [error] undefined
[2021-05-18 11:26:42.180] [exthost] [warning] [Decorations] CAPPING events from decorations provider vscode.git 718
[2021-05-18 11:27:20.242] [exthost] [warning] [Decorations] CAPPING events from decorations provider vscode.git 718
[2021-05-18 11:27:25.434] [exthost] [warning] [Decorations] CAPPING events from decorations provider vscode.git 718
[2021-05-18 11:27:52.653] [exthost] [warning] [Decorations] CAPPING events from decorations provider vscode.git 718
[2021-05-18 11:27:54.250] [exthost] [error] [ms-vscode.cpptools] provider FAILED
[2021-05-18 11:27:54.250] [exthost] [error] undefined
[2021-05-18 11:27:59.038] [exthost] [warning] [Decorations] CAPPING events from decorations provider vscode.git 718
[2021-05-18 11:28:04.269] [exthost] [warning] [Decorations] CAPPING events from decorations provider vscode.git 718
[2021-05-18 11:28:24.902] [exthost] [warning] [Decorations] CAPPING events from decorations provider vscode.git 718
[2021-05-18 11:28:30.130] [exthost] [warning] [Decorations] CAPPING events from decorations provider vscode.git 718
[2021-05-18 11:28:43.302] [exthost] [error] [ms-vscode.cpptools] provider FAILED
[2021-05-18 11:28:43.302] [exthost] [error] undefined
[2021-05-18 11:28:45.607] [exthost] [error] [ms-vscode.cpptools] provider FAILED
[2021-05-18 11:28:45.607] [exthost] [error] undefined
[2021-05-18 11:28:47.743] [exthost] [error] [ms-vscode.cpptools] provider FAILED
[2021-05-18 11:28:47.743] [exthost] [error] undefined
[2021-05-18 11:29:05.238] [exthost] [warning] [Decorations] CAPPING events from decorations provider vscode.git 718
[2021-05-18 11:29:10.442] [exthost] [warning] [Decorations] CAPPING events from decorations provider vscode.git 718
[2021-05-18 11:29:16.430] [exthost] [warning] [Decorations] CAPPING events from decorations provider vscode.git 718
[2021-05-18 11:29:17.320] [exthost] [error] [ms-vscode.cpptools] provider FAILED
[2021-05-18 11:29:17.320] [exthost] [error] undefined
[2021-05-18 11:29:24.188] [exthost] [warning] [Decorations] CAPPING events from decorations provider vscode.git 718
[2021-05-18 11:29:29.400] [exthost] [warning] [Decorations] CAPPING events from decorations provider vscode.git 718
[2021-05-18 11:29:33.002] [exthost] [error] [ms-vscode.cpptools] provider FAILED
[2021-05-18 11:29:33.002] [exthost] [error] undefined
[2021-05-18 11:29:58.939] [exthost] [warning] [Decorations] CAPPING events from decorations provider vscode.git 718
[2021-05-18 11:30:04.136] [exthost] [warning] [Decorations] CAPPING events from decorations provider vscode.git 718
[2021-05-18 13:54:45.622] [exthost] [error] [ms-vscode.cpptools] provider FAILED
[2021-05-18 13:54:45.622] [exthost] [error] undefined
[2021-05-18 13:54:55.938] [exthost] [error] [ms-vscode.cpptools] provider FAILED
[2021-05-18 13:54:55.938] [exthost] [error] undefined
[2021-05-18 13:54:58.421] [exthost] [error] [ms-vscode.cpptools] provider FAILED
[2021-05-18 13:54:58.421] [exthost] [error] undefined
[2021-05-18 13:56:22.041] [exthost] [warning] [Decorations] CAPPING events from decorations provider vscode.git 719
[2021-05-18 13:56:27.273] [exthost] [warning] [Decorations] CAPPING events from decorations provider vscode.git 719
[2021-05-18 13:56:45.929] [exthost] [error] [ms-vscode.cpptools] provider FAILED
[2021-05-18 13:56:45.929] [exthost] [error] undefined
[2021-05-18 13:57:13.084] [exthost] [error] [ms-vscode.cpptools] provider FAILED
[2021-05-18 13:57:13.084] [exthost] [error] undefined
[2021-05-18 13:57:13.113] [exthost] [error] [ms-vscode.cpptools] provider FAILED
[2021-05-18 13:57:13.113] [exthost] [error] undefined
[2021-05-18 13:57:26.131] [exthost] [error] [ms-vscode.cpptools] provider FAILED
[2021-05-18 13:57:26.132] [exthost] [error] undefined
[2021-05-18 13:57:36.122] [exthost] [error] [ms-vscode.cpptools] provider FAILED
[2021-05-18 13:57:36.122] [exthost] [error] undefined
[2021-05-18 13:57:42.898] [exthost] [error] [ms-vscode.cpptools] provider FAILED
[2021-05-18 13:57:42.898] [exthost] [error] undefined
[2021-05-18 13:58:21.778] [exthost] [error] [ms-vscode.cpptools] provider FAILED
[2021-05-18 13:58:21.778] [exthost] [error] undefined
[2021-05-18 13:58:30.818] [exthost] [error] [ms-vscode.cpptools] provider FAILED
[2021-05-18 13:58:30.818] [exthost] [error] undefined
[2021-05-18 13:58:37.133] [exthost] [error] [ms-vscode.cpptools] provider FAILED
[2021-05-18 13:58:37.133] [exthost] [error] undefined
[2021-05-18 13:58:43.358] [exthost] [error] [ms-vscode.cpptools] provider FAILED
[2021-05-18 13:58:43.358] [exthost] [error] undefined
[2021-05-18 13:58:51.619] [exthost] [error] [ms-vscode.cpptools] provider FAILED
[2021-05-18 13:58:51.619] [exthost] [error] undefined
[2021-05-18 13:59:11.736] [exthost] [error] [ms-vscode.cpptools] provider FAILED
[2021-05-18 13:59:11.736] [exthost] [error] undefined
[2021-05-18 13:59:13.084] [exthost] [warning] [Decorations] CAPPING events from decorations provider vscode.git 720
[2021-05-18 13:59:24.403] [exthost] [warning] [Decorations] CAPPING events from decorations provider vscode.git 719
[2021-05-18 13:59:41.155] [exthost] [error] [ms-vscode.cpptools] provider FAILED
[2021-05-18 13:59:41.155] [exthost] [error] undefined
[2021-05-18 13:59:58.158] [exthost] [warning] [Decorations] CAPPING events from decorations provider vscode.git 721
[2021-05-18 14:00:03.349] [exthost] [warning] [Decorations] CAPPING events from decorations provider vscode.git 719
[2021-05-18 14:00:12.386] [exthost] [warning] [Decorations] CAPPING events from decorations provider vscode.git 720
[2021-05-18 14:00:17.585] [exthost] [warning] [Decorations] CAPPING events from decorations provider vscode.git 718
[2021-05-18 14:01:25.120] [exthost] [warning] [Decorations] CAPPING events from decorations provider vscode.git 720
[2021-05-18 14:01:30.371] [exthost] [warning] [Decorations] CAPPING events from decorations provider vscode.git 718
[2021-05-18 14:08:27.916] [exthost] [warning] [Decorations] CAPPING events from decorations provider vscode.git 718
[2021-05-18 14:08:33.109] [exthost] [warning] [Decorations] CAPPING events from decorations provider vscode.git 718
[2021-05-18 14:08:35.078] [exthost] [error] [ms-vscode.cpptools] provider FAILED
[2021-05-18 14:08:35.078] [exthost] [error] undefined
[2021-05-18 14:09:18.471] [exthost] [error] [ms-vscode.cpptools] provider FAILED
[2021-05-18 14:09:18.472] [exthost] [error] undefined
[2021-05-18 14:09:20.941] [exthost] [warning] [Decorations] CAPPING events from decorations provider vscode.git 718
[2021-05-18 14:11:40.389] [exthost] [error] [ms-vscode.cpptools] provider FAILED
[2021-05-18 14:11:40.389] [exthost] [error] undefined
[2021-05-18 14:11:45.889] [exthost] [error] [ms-vscode.cpptools] provider FAILED
[2021-05-18 14:11:45.889] [exthost] [error] undefined
[2021-05-18 14:12:20.550] [exthost] [error] [ms-vscode.cpptools] provider FAILED
[2021-05-18 14:12:20.550] [exthost] [error] undefined
[2021-05-18 14:12:34.691] [exthost] [error] [ms-vscode.cpptools] provider FAILED
[2021-05-18 14:12:34.691] [exthost] [error] undefined
[2021-05-18 14:12:36.934] [exthost] [error] [ms-vscode.cpptools] provider FAILED
[2021-05-18 14:12:36.934] [exthost] [error] undefined
[2021-05-18 14:12:42.768] [exthost] [error] [ms-vscode.cpptools] provider FAILED
[2021-05-18 14:12:42.768] [exthost] [error] undefined
[2021-05-18 14:12:49.359] [exthost] [error] [ms-vscode.cpptools] provider FAILED
[2021-05-18 14:12:49.359] [exthost] [error] undefined
[2021-05-18 14:13:00.696] [exthost] [error] [ms-vscode.cpptools] provider FAILED
[2021-05-18 14:13:00.696] [exthost] [error] undefined
[2021-05-18 14:13:02.777] [exthost] [error] [ms-vscode.cpptools] provider FAILED
[2021-05-18 14:13:02.777] [exthost] [error] undefined
[2021-05-18 14:13:04.988] [exthost] [error] [ms-vscode.cpptools] provider FAILED
[2021-05-18 14:13:04.988] [exthost] [error] undefined
[2021-05-18 14:13:09.169] [exthost] [error] [ms-vscode.cpptools] provider FAILED
[2021-05-18 14:13:09.169] [exthost] [error] undefined
[2021-05-18 14:13:14.821] [exthost] [error] [ms-vscode.cpptools] provider FAILED
[2021-05-18 14:13:14.821] [exthost] [error] undefined
[2021-05-18 14:13:26.529] [exthost] [error] [ms-vscode.cpptools] provider FAILED
[2021-05-18 14:13:26.529] [exthost] [error] undefined
[2021-05-18 14:13:33.470] [exthost] [error] [ms-vscode.cpptools] provider FAILED
[2021-05-18 14:13:33.470] [exthost] [error] undefined
[2021-05-18 14:13:44.806] [exthost] [error] [ms-vscode.cpptools] provider FAILED
[2021-05-18 14:13:44.806] [exthost] [error] undefined
[2021-05-18 14:13:52.643] [exthost] [error] [ms-vscode.cpptools] provider FAILED
[2021-05-18 14:13:52.643] [exthost] [error] undefined
[2021-05-18 14:13:52.643] [exthost] [error] [ms-vscode.cpptools] provider FAILED
[2021-05-18 14:13:52.643] [exthost] [error] undefined
[2021-05-18 14:13:55.650] [exthost] [warning] [Decorations] CAPPING events from decorations provider vscode.git 718
[2021-05-18 14:13:56.595] [exthost] [error] [ms-vscode.cpptools] provider FAILED
[2021-05-18 14:13:56.595] [exthost] [error] undefined
[2021-05-18 14:13:59.955] [exthost] [error] [ms-vscode.cpptools] provider FAILED
[2021-05-18 14:13:59.955] [exthost] [error] undefined
[2021-05-18 14:14:10.555] [exthost] [error] [ms-vscode.cpptools] provider FAILED
[2021-05-18 14:14:10.555] [exthost] [error] undefined
[2021-05-18 14:14:12.410] [exthost] [warning] [Decorations] CAPPING events from decorations provider vscode.git 718
[2021-05-18 14:16:02.873] [exthost] [warning] [Decorations] CAPPING events from decorations provider vscode.git 718
[2021-05-18 14:16:08.081] [exthost] [warning] [Decorations] CAPPING events from decorations provider vscode.git 718
[2021-05-18 14:16:30.698] [exthost] [warning] [Decorations] CAPPING events from decorations provider vscode.git 718
[2021-05-18 14:16:44.345] [exthost] [error] [ms-vscode.cpptools] provider FAILED
[2021-05-18 14:16:44.345] [exthost] [error] undefined
[2021-05-18 14:17:10.969] [exthost] [error] [ms-vscode.cpptools] provider FAILED
[2021-05-18 14:17:10.969] [exthost] [error] undefined
[2021-05-18 14:17:52.019] [exthost] [warning] [Decorations] CAPPING events from decorations provider vscode.git 718
[2021-05-18 14:17:57.226] [exthost] [warning] [Decorations] CAPPING events from decorations provider vscode.git 718
[2021-05-18 14:18:05.144] [exthost] [error] [ms-vscode.cpptools] provider FAILED
[2021-05-18 14:18:05.144] [exthost] [error] undefined
[2021-05-18 14:18:11.768] [exthost] [error] [ms-vscode.cpptools] provider FAILED
[2021-05-18 14:18:11.768] [exthost] [error] undefined
[2021-05-18 15:17:47.077] [exthost] [warning] [Decorations] CAPPING events from decorations provider vscode.git 718
[2021-05-18 15:17:52.277] [exthost] [warning] [Decorations] CAPPING events from decorations provider vscode.git 718
[2021-05-18 15:18:32.189] [exthost] [error] [ms-vscode.cpptools] provider FAILED
[2021-05-18 15:18:32.189] [exthost] [error] undefined
[2021-05-18 15:18:55.237] [exthost] [error] [ms-vscode.cpptools] provider FAILED
[2021-05-18 15:18:55.237] [exthost] [error] undefined
[2021-05-18 15:18:59.658] [exthost] [error] [ms-vscode.cpptools] provider FAILED
[2021-05-18 15:18:59.658] [exthost] [error] undefined
[2021-05-18 15:19:04.171] [exthost] [error] [ms-vscode.cpptools] provider FAILED
[2021-05-18 15:19:04.171] [exthost] [error] undefined
[2021-05-18 15:19:14.592] [exthost] [error] [ms-vscode.cpptools] provider FAILED
[2021-05-18 15:19:14.592] [exthost] [error] undefined
[2021-05-18 15:19:18.593] [exthost] [error] [ms-vscode.cpptools] provider FAILED
[2021-05-18 15:19:18.593] [exthost] [error] undefined
[2021-05-18 15:19:21.173] [exthost] [error] [ms-vscode.cpptools] provider FAILED
[2021-05-18 15:19:21.173] [exthost] [error] undefined
[2021-05-18 15:19:27.760] [exthost] [error] [ms-vscode.cpptools] provider FAILED
[2021-05-18 15:19:27.760] [exthost] [error] undefined
[2021-05-18 15:19:29.838] [exthost] [error] [ms-vscode.cpptools] provider FAILED
[2021-05-18 15:19:29.838] [exthost] [error] undefined
[2021-05-18 15:19:32.158] [exthost] [error] [ms-vscode.cpptools] provider FAILED
[2021-05-18 15:19:32.158] [exthost] [error] undefined
[2021-05-18 15:19:38.221] [exthost] [error] [ms-vscode.cpptools] provider FAILED
[2021-05-18 15:19:38.221] [exthost] [error] undefined
[2021-05-18 15:19:44.908] [exthost] [error] [ms-vscode.cpptools] provider FAILED
[2021-05-18 15:19:44.908] [exthost] [error] undefined
[2021-05-18 15:19:52.947] [exthost] [error] [ms-vscode.cpptools] provider FAILED
[2021-05-18 15:19:52.947] [exthost] [error] undefined
[2021-05-18 15:19:55.615] [exthost] [error] [ms-vscode.cpptools] provider FAILED
[2021-05-18 15:19:55.615] [exthost] [error] undefined
[2021-05-18 15:19:57.433] [exthost] [error] [ms-vscode.cpptools] provider FAILED
[2021-05-18 15:19:57.433] [exthost] [error] undefined
[2021-05-18 15:19:59.649] [exthost] [error] [ms-vscode.cpptools] provider FAILED
[2021-05-18 15:19:59.649] [exthost] [error] undefined
[2021-05-18 15:20:01.018] [exthost] [warning] [Decorations] CAPPING events from decorations provider vscode.git 718
[2021-05-18 15:27:47.428] [exthost] [warning] [Decorations] CAPPING events from decorations provider vscode.git 718
[2021-05-18 15:31:54.286] [exthost] [error] [ms-vscode.cpptools] provider FAILED
[2021-05-18 15:31:54.286] [exthost] [error] undefined
[2021-05-18 15:32:04.589] [exthost] [error] [ms-vscode.cpptools] provider FAILED
[2021-05-18 15:32:04.589] [exthost] [error] undefined
[2021-05-18 15:32:08.506] [exthost] [error] [ms-vscode.cpptools] provider FAILED
[2021-05-18 15:32:08.506] [exthost] [error] undefined
[2021-05-18 15:32:09.526] [exthost] [warning] [Decorations] CAPPING events from decorations provider vscode.git 718
[2021-05-18 15:32:31.132] [exthost] [warning] [Decorations] CAPPING events from decorations provider vscode.git 718
[2021-05-18 15:32:36.957] [exthost] [warning] [Decorations] CAPPING events from decorations provider vscode.git 718
[2021-05-18 15:32:47.220] [exthost] [error] [ms-vscode.cpptools] provider FAILED
[2021-05-18 15:32:47.220] [exthost] [error] undefined
[2021-05-18 15:32:47.989] [exthost] [warning] [Decorations] CAPPING events from decorations provider vscode.git 718
[2021-05-18 15:33:36.770] [exthost] [warning] [Decorations] CAPPING events from decorations provider vscode.git 718
[2021-05-18 15:33:41.987] [exthost] [warning] [Decorations] CAPPING events from decorations provider vscode.git 718
[2021-05-18 15:34:17.457] [exthost] [warning] [Decorations] CAPPING events from decorations provider vscode.git 718
[2021-05-18 15:35:37.836] [exthost] [warning] [Decorations] CAPPING events from decorations provider vscode.git 718
[2021-05-18 16:50:53.035] [exthost] [error] [ms-vscode.cpptools] provider FAILED
[2021-05-18 16:50:53.036] [exthost] [error] undefined
[2021-05-18 16:51:07.159] [exthost] [warning] [Decorations] CAPPING events from decorations provider vscode.git 718
[2021-05-18 16:51:07.981] [exthost] [error] [ms-vscode.cpptools] provider FAILED
[2021-05-18 16:51:07.982] [exthost] [error] undefined
[2021-05-18 16:51:11.034] [exthost] [error] [ms-vscode.cpptools] provider FAILED
[2021-05-18 16:51:11.034] [exthost] [error] undefined
[2021-05-18 16:51:12.359] [exthost] [warning] [Decorations] CAPPING events from decorations provider vscode.git 718
[2021-05-18 16:51:14.370] [exthost] [error] [ms-vscode.cpptools] provider FAILED
[2021-05-18 16:51:14.370] [exthost] [error] undefined
[2021-05-18 16:51:17.571] [exthost] [warning] [Decorations] CAPPING events from decorations provider vscode.git 718
[2021-05-18 16:51:40.172] [exthost] [error] [ms-vscode.cpptools] provider FAILED
[2021-05-18 16:51:40.172] [exthost] [error] undefined
[2021-05-18 16:51:41.873] [exthost] [error] [ms-vscode.cpptools] provider FAILED
[2021-05-18 16:51:41.873] [exthost] [error] undefined
[2021-05-18 16:51:43.460] [exthost] [error] [ms-vscode.cpptools] provider FAILED
[2021-05-18 16:51:43.460] [exthost] [error] undefined
[2021-05-18 16:51:54.721] [exthost] [error] [ms-vscode.cpptools] provider FAILED
[2021-05-18 16:51:54.721] [exthost] [error] undefined
[2021-05-18 16:51:57.577] [exthost] [warning] [Decorations] CAPPING events from decorations provider vscode.git 718
[2021-05-18 16:52:06.434] [exthost] [warning] [Decorations] CAPPING events from decorations provider vscode.git 718
[2021-05-18 16:52:07.103] [exthost] [error] [ms-vscode.cpptools] provider FAILED
[2021-05-18 16:52:07.103] [exthost] [error] undefined
[2021-05-18 16:52:25.186] [exthost] [error] [ms-vscode.cpptools] provider FAILED
[2021-05-18 16:52:25.186] [exthost] [error] undefined
[2021-05-18 16:52:30.525] [exthost] [error] [ms-vscode.cpptools] provider FAILED
[2021-05-18 16:52:30.525] [exthost] [error] undefined
[2021-05-18 16:52:31.936] [exthost] [warning] [Decorations] CAPPING events from decorations provider vscode.git 718
[2021-05-18 16:53:13.095] [exthost] [error] [ms-vscode.cpptools] provider FAILED
[2021-05-18 16:53:13.095] [exthost] [error] undefined
[2021-05-18 16:53:19.264] [exthost] [error] [ms-vscode.cpptools] provider FAILED
[2021-05-18 16:53:19.264] [exthost] [error] undefined
[2021-05-18 16:53:25.988] [exthost] [error] [ms-vscode.cpptools] provider FAILED
[2021-05-18 16:53:25.988] [exthost] [error] undefined
[2021-05-18 16:53:26.760] [exthost] [warning] [Decorations] CAPPING events from decorations provider vscode.git 719
[2021-05-18 16:53:37.749] [exthost] [warning] [Decorations] CAPPING events from decorations provider vscode.git 719
[2021-05-18 16:53:43.358] [exthost] [error] [ms-vscode.cpptools] provider FAILED
[2021-05-18 16:53:43.358] [exthost] [error] undefined
[2021-05-18 16:53:44.917] [exthost] [warning] [Decorations] CAPPING events from decorations provider vscode.git 721
[2021-05-18 16:54:35.746] [exthost] [warning] [Decorations] CAPPING events from decorations provider vscode.git 721
[2021-05-18 16:54:40.957] [exthost] [warning] [Decorations] CAPPING events from decorations provider vscode.git 718
[2021-05-18 16:54:53.022] [exthost] [error] [ms-vscode.cpptools] provider FAILED
[2021-05-18 16:54:53.022] [exthost] [error] undefined
[2021-05-18 16:55:05.805] [exthost] [error] [ms-vscode.cpptools] provider FAILED
[2021-05-18 16:55:05.805] [exthost] [error] undefined
[2021-05-18 16:56:57.933] [exthost] [warning] [Decorations] CAPPING events from decorations provider vscode.git 718
[2021-05-18 16:57:03.133] [exthost] [warning] [Decorations] CAPPING events from decorations provider vscode.git 718
[2021-05-18 16:57:24.700] [exthost] [error] [ms-vscode.cpptools] provider FAILED
[2021-05-18 16:57:24.700] [exthost] [error] undefined
[2021-05-18 16:57:29.201] [exthost] [warning] [Decorations] CAPPING events from decorations provider vscode.git 720
[2021-05-18 16:57:51.275] [exthost] [warning] [Decorations] CAPPING events from decorations provider vscode.git 720
[2021-05-18 16:58:32.432] [exthost] [error] [ms-vscode.cpptools] provider FAILED
[2021-05-18 16:58:32.432] [exthost] [error] undefined
[2021-05-18 16:58:40.863] [exthost] [error] [ms-vscode.cpptools] provider FAILED
[2021-05-18 16:58:40.863] [exthost] [error] undefined
[2021-05-18 16:59:01.941] [exthost] [error] [ms-vscode.cpptools] provider FAILED
[2021-05-18 16:59:01.941] [exthost] [error] undefined
[2021-05-18 16:59:04.852] [exthost] [error] [ms-vscode.cpptools] provider FAILED
[2021-05-18 16:59:04.852] [exthost] [error] undefined
[2021-05-18 16:59:09.812] [exthost] [error] [ms-vscode.cpptools] provider FAILED
[2021-05-18 16:59:09.812] [exthost] [error] undefined
[2021-05-18 16:59:20.883] [exthost] [warning] [Decorations] CAPPING events from decorations provider vscode.git 718
[2021-05-18 16:59:26.090] [exthost] [warning] [Decorations] CAPPING events from decorations provider vscode.git 718
[2021-05-18 16:59:36.097] [exthost] [error] [ms-vscode.cpptools] provider FAILED
[2021-05-18 16:59:36.097] [exthost] [error] undefined
[2021-05-18 16:59:45.179] [exthost] [error] [ms-vscode.cpptools] provider FAILED
[2021-05-18 16:59:45.179] [exthost] [error] undefined
[2021-05-18 16:59:55.257] [exthost] [warning] [Decorations] CAPPING events from decorations provider vscode.git 718
[2021-05-18 17:00:00.470] [exthost] [warning] [Decorations] CAPPING events from decorations provider vscode.git 719
[2021-05-18 17:01:08.558] [exthost] [warning] [Decorations] CAPPING events from decorations provider vscode.git 719
[2021-05-18 17:01:13.770] [exthost] [warning] [Decorations] CAPPING events from decorations provider vscode.git 718
[2021-05-18 17:01:15.231] [exthost] [error] [ms-vscode.cpptools] provider FAILED
[2021-05-18 17:01:15.231] [exthost] [error] undefined
[2021-05-18 17:01:26.185] [exthost] [error] [ms-vscode.cpptools] provider FAILED
[2021-05-18 17:01:26.185] [exthost] [error] undefined
[2021-05-18 17:01:29.800] [exthost] [error] [ms-vscode.cpptools] provider FAILED
[2021-05-18 17:01:29.800] [exthost] [error] undefined
[2021-05-18 17:01:33.979] [exthost] [error] [ms-vscode.cpptools] provider FAILED
[2021-05-18 17:01:33.979] [exthost] [error] undefined
[2021-05-18 17:01:42.275] [exthost] [error] [ms-vscode.cpptools] provider FAILED
[2021-05-18 17:01:42.275] [exthost] [error] undefined
[2021-05-18 17:02:04.083] [exthost] [error] [ms-vscode.cpptools] provider FAILED
[2021-05-18 17:02:04.083] [exthost] [error] undefined
[2021-05-18 17:02:19.088] [exthost] [error] [ms-vscode.cpptools] provider FAILED
[2021-05-18 17:02:19.088] [exthost] [error] undefined
[2021-05-18 17:02:30.356] [exthost] [error] [ms-vscode.cpptools] provider FAILED
[2021-05-18 17:02:30.356] [exthost] [error] undefined
[2021-05-18 17:02:31.727] [exthost] [warning] [Decorations] CAPPING events from decorations provider vscode.git 718
[2021-05-18 17:03:58.662] [exthost] [warning] [Decorations] CAPPING events from decorations provider vscode.git 718
[2021-05-18 17:04:03.867] [exthost] [warning] [Decorations] CAPPING events from decorations provider vscode.git 718
[2021-05-18 17:04:16.767] [exthost] [error] [ms-vscode.cpptools] provider FAILED
[2021-05-18 17:04:16.767] [exthost] [error] undefined
[2021-05-18 17:04:17.556] [exthost] [warning] [Decorations] CAPPING events from decorations provider vscode.git 718
[2021-05-18 17:04:52.708] [exthost] [warning] [Decorations] CAPPING events from decorations provider vscode.git 718
[2021-05-18 17:05:05.173] [exthost] [warning] [Decorations] CAPPING events from decorations provider vscode.git 721
[2021-05-18 17:05:10.381] [exthost] [warning] [Decorations] CAPPING events from decorations provider vscode.git 720
[2021-05-18 17:05:17.557] [exthost] [warning] [Decorations] CAPPING events from decorations provider vscode.git 720
[2021-05-18 17:05:23.838] [exthost] [error] [ms-vscode.cpptools] provider FAILED
[2021-05-18 17:05:23.838] [exthost] [error] undefined
[2021-05-18 17:05:24.382] [exthost] [warning] [Decorations] CAPPING events from decorations provider vscode.git 719
[2021-05-18 17:05:24.671] [exthost] [warning] ms-vscode.cpptools - Code actions of kind 'quickfix 'requested but returned code action does not have a 'kind'. Code action will be dropped. Please set 'CodeAction.kind'.
[2021-05-18 17:05:27.717] [exthost] [error] [ms-vscode.cpptools] provider FAILED
[2021-05-18 17:05:27.717] [exthost] [error] undefined
[2021-05-18 17:05:29.583] [exthost] [warning] [Decorations] CAPPING events from decorations provider vscode.git 719
[2021-05-18 17:05:42.234] [exthost] [warning] [Decorations] CAPPING events from decorations provider vscode.git 719
[2021-05-18 17:05:42.534] [exthost] [error] [ms-vscode.cpptools] provider FAILED
[2021-05-18 17:05:42.534] [exthost] [error] undefined
[2021-05-18 17:05:47.441] [exthost] [warning] [Decorations] CAPPING events from decorations provider vscode.git 719
[2021-05-18 17:05:53.924] [exthost] [warning] [Decorations] CAPPING events from decorations provider vscode.git 719
[2021-05-18 17:06:01.171] [exthost] [warning] [Decorations] CAPPING events from decorations provider vscode.git 721
[2021-05-18 17:07:09.006] [exthost] [warning] [Decorations] CAPPING events from decorations provider vscode.git 721
[2021-05-18 17:07:14.222] [exthost] [warning] [Decorations] CAPPING events from decorations provider vscode.git 718
[2021-05-18 17:07:19.354] [exthost] [error] [ms-vscode.cpptools] provider FAILED
[2021-05-18 17:07:19.354] [exthost] [error] undefined
[2021-05-18 17:07:53.547] [exthost] [warning] [Decorations] CAPPING events from decorations provider vscode.git 718
[2021-05-18 17:07:58.743] [exthost] [warning] [Decorations] CAPPING events from decorations provider vscode.git 718
[2021-05-18 17:08:01.721] [exthost] [error] [ms-vscode.cpptools] provider FAILED
[2021-05-18 17:08:01.721] [exthost] [error] undefined
[2021-05-18 17:08:07.575] [exthost] [error] [ms-vscode.cpptools] provider FAILED
[2021-05-18 17:08:07.575] [exthost] [error] undefined
[2021-05-18 17:08:10.359] [exthost] [error] [ms-vscode.cpptools] provider FAILED
[2021-05-18 17:08:10.359] [exthost] [error] undefined
[2021-05-18 17:08:13.949] [exthost] [warning] [Decorations] CAPPING events from decorations provider vscode.git 718
[2021-05-18 17:08:27.311] [exthost] [error] [ms-vscode.cpptools] provider FAILED
[2021-05-18 17:08:27.311] [exthost] [error] undefined
[2021-05-18 17:08:35.663] [exthost] [error] [ms-vscode.cpptools] provider FAILED
[2021-05-18 17:08:35.663] [exthost] [error] undefined
[2021-05-18 17:08:37.811] [exthost] [error] [ms-vscode.cpptools] provider FAILED
[2021-05-18 17:08:37.811] [exthost] [error] undefined
[2021-05-18 17:08:39.984] [exthost] [error] [ms-vscode.cpptools] provider FAILED
[2021-05-18 17:08:39.984] [exthost] [error] undefined
[2021-05-18 17:08:42.143] [exthost] [error] [ms-vscode.cpptools] provider FAILED
[2021-05-18 17:08:42.143] [exthost] [error] undefined
[2021-05-18 17:08:48.672] [exthost] [error] [ms-vscode.cpptools] provider FAILED
[2021-05-18 17:08:48.672] [exthost] [error] undefined
[2021-05-18 17:08:54.814] [exthost] [error] [ms-vscode.cpptools] provider FAILED
[2021-05-18 17:08:54.814] [exthost] [error] undefined
[2021-05-18 17:08:56.827] [exthost] [error] [ms-vscode.cpptools] provider FAILED
[2021-05-18 17:08:56.827] [exthost] [error] undefined
[2021-05-18 17:08:56.830] [exthost] [error] [ms-vscode.cpptools] provider FAILED
[2021-05-18 17:08:56.830] [exthost] [error] undefined
[2021-05-18 17:08:58.906] [exthost] [error] [ms-vscode.cpptools] provider FAILED
[2021-05-18 17:08:58.906] [exthost] [error] undefined
[2021-05-18 17:09:03.679] [exthost] [error] [ms-vscode.cpptools] provider FAILED
[2021-05-18 17:09:03.679] [exthost] [error] undefined
[2021-05-18 17:09:03.681] [exthost] [error] [ms-vscode.cpptools] provider FAILED
[2021-05-18 17:09:03.681] [exthost] [error] undefined
[2021-05-18 17:09:05.487] [exthost] [error] [ms-vscode.cpptools] provider FAILED
[2021-05-18 17:09:05.487] [exthost] [error] undefined
[2021-05-18 17:09:12.247] [exthost] [error] [ms-vscode.cpptools] provider FAILED
[2021-05-18 17:09:12.247] [exthost] [error] undefined
[2021-05-18 17:09:16.930] [exthost] [error] [ms-vscode.cpptools] provider FAILED
[2021-05-18 17:09:16.930] [exthost] [error] undefined
[2021-05-18 17:09:22.886] [exthost] [error] [ms-vscode.cpptools] provider FAILED
[2021-05-18 17:09:22.886] [exthost] [error] undefined
[2021-05-18 17:09:29.208] [exthost] [error] [ms-vscode.cpptools] provider FAILED
[2021-05-18 17:09:29.208] [exthost] [error] undefined
[2021-05-18 17:09:31.240] [exthost] [error] [ms-vscode.cpptools] provider FAILED
[2021-05-18 17:09:31.240] [exthost] [error] undefined
[2021-05-18 17:09:33.471] [exthost] [error] [ms-vscode.cpptools] provider FAILED
[2021-05-18 17:09:33.471] [exthost] [error] undefined
[2021-05-18 17:09:35.606] [exthost] [error] [ms-vscode.cpptools] provider FAILED
[2021-05-18 17:09:35.606] [exthost] [error] undefined
[2021-05-18 17:09:37.743] [exthost] [error] [ms-vscode.cpptools] provider FAILED
[2021-05-18 17:09:37.743] [exthost] [error] undefined
[2021-05-18 17:09:41.960] [exthost] [error] [ms-vscode.cpptools] provider FAILED
[2021-05-18 17:09:41.960] [exthost] [error] undefined
[2021-05-18 17:09:46.758] [exthost] [error] [ms-vscode.cpptools] provider FAILED
[2021-05-18 17:09:46.758] [exthost] [error] undefined
[2021-05-18 17:09:53.521] [exthost] [error] [ms-vscode.cpptools] provider FAILED
[2021-05-18 17:09:53.522] [exthost] [error] undefined
[2021-05-18 17:09:55.614] [exthost] [error] [ms-vscode.cpptools] provider FAILED
[2021-05-18 17:09:55.614] [exthost] [error] undefined
[2021-05-18 17:09:57.638] [exthost] [error] [ms-vscode.cpptools] provider FAILED
[2021-05-18 17:09:57.638] [exthost] [error] undefined
[2021-05-18 17:09:59.637] [exthost] [error] [ms-vscode.cpptools] provider FAILED
[2021-05-18 17:09:59.637] [exthost] [error] undefined
[2021-05-18 17:10:03.922] [exthost] [error] [ms-vscode.cpptools] provider FAILED
[2021-05-18 17:10:03.922] [exthost] [error] undefined
[2021-05-18 17:10:16.423] [exthost] [error] [ms-vscode.cpptools] provider FAILED
[2021-05-18 17:10:16.423] [exthost] [error] undefined
[2021-05-18 17:10:18.464] [exthost] [error] [ms-vscode.cpptools] provider FAILED
[2021-05-18 17:10:18.464] [exthost] [error] undefined
[2021-05-18 17:10:24.884] [exthost] [warning] [Decorations] CAPPING events from decorations provider vscode.git 718
[2021-05-18 17:10:39.634] [exthost] [error] [ms-vscode.cpptools] provider FAILED
[2021-05-18 17:10:39.634] [exthost] [error] undefined
[2021-05-18 17:10:43.723] [exthost] [error] [ms-vscode.cpptools] provider FAILED
[2021-05-18 17:10:43.723] [exthost] [error] undefined
[2021-05-18 17:10:49.586] [exthost] [warning] [Decorations] CAPPING events from decorations provider vscode.git 718
[2021-05-18 17:11:04.129] [exthost] [warning] [Decorations] CAPPING events from decorations provider vscode.git 718
[2021-05-18 17:14:14.022] [exthost] [error] [ms-vscode.cpptools] provider FAILED
[2021-05-18 17:14:14.022] [exthost] [error] undefined
[2021-05-18 17:14:30.037] [exthost] [warning] [Decorations] CAPPING events from decorations provider vscode.git 719
[2021-05-18 17:14:35.243] [exthost] [warning] [Decorations] CAPPING events from decorations provider vscode.git 719
[2021-05-18 17:14:51.146] [exthost] [error] [ms-vscode.cpptools] provider FAILED
[2021-05-18 17:14:51.146] [exthost] [error] undefined
[2021-05-18 17:14:51.962] [exthost] [error] [ms-vscode.cpptools] provider FAILED
[2021-05-18 17:14:51.962] [exthost] [error] undefined
[2021-05-18 17:14:57.950] [exthost] [warning] [Decorations] CAPPING events from decorations provider vscode.git 719
[2021-05-18 17:14:57.991] [exthost] [error] [ms-vscode.cpptools] provider FAILED
[2021-05-18 17:14:57.991] [exthost] [error] undefined
[2021-05-18 17:15:25.430] [exthost] [error] [ms-vscode.cpptools] provider FAILED
[2021-05-18 17:15:25.430] [exthost] [error] undefined
[2021-05-18 17:15:25.847] [exthost] [warning] [Decorations] CAPPING events from decorations provider vscode.git 719
[2021-05-18 17:15:42.264] [exthost] [error] [ms-vscode.cpptools] provider FAILED
[2021-05-18 17:15:42.264] [exthost] [error] undefined
[2021-05-18 17:15:46.389] [exthost] [error] [ms-vscode.cpptools] provider FAILED
[2021-05-18 17:15:46.389] [exthost] [error] undefined
[2021-05-18 17:15:48.878] [exthost] [error] [ms-vscode.cpptools] provider FAILED
[2021-05-18 17:15:48.878] [exthost] [error] undefined
[2021-05-18 17:15:54.550] [exthost] [warning] [Decorations] CAPPING events from decorations provider vscode.git 719
[2021-05-18 17:15:55.327] [exthost] [error] [ms-vscode.cpptools] provider FAILED
[2021-05-18 17:15:55.327] [exthost] [error] undefined
[2021-05-18 17:16:20.514] [exthost] [warning] [Decorations] CAPPING events from decorations provider vscode.git 718
[2021-05-18 17:16:25.750] [exthost] [warning] [Decorations] CAPPING events from decorations provider vscode.git 718
[2021-05-18 17:17:11.175] [exthost] [error] [ms-vscode.cpptools] provider FAILED
[2021-05-18 17:17:11.175] [exthost] [error] undefined
[2021-05-18 17:17:15.430] [exthost] [error] [ms-vscode.cpptools] provider FAILED
[2021-05-18 17:17:15.430] [exthost] [error] undefined
[2021-05-18 17:17:17.781] [exthost] [error] [ms-vscode.cpptools] provider FAILED
[2021-05-18 17:17:17.781] [exthost] [error] undefined
[2021-05-18 17:17:20.735] [exthost] [error] [ms-vscode.cpptools] provider FAILED
[2021-05-18 17:17:20.736] [exthost] [error] undefined
[2021-05-18 17:17:24.282] [exthost] [warning] [Decorations] CAPPING events from decorations provider vscode.git 720
[2021-05-18 17:17:30.225] [exthost] [warning] [Decorations] CAPPING events from decorations provider vscode.git 720
[2021-05-18 17:17:41.824] [exthost] [warning] [Decorations] CAPPING events from decorations provider vscode.git 722
[2021-05-18 17:17:46.520] [exthost] [error] [ms-vscode.cpptools] provider FAILED
[2021-05-18 17:17:46.520] [exthost] [error] undefined
[2021-05-18 17:18:07.366] [exthost] [warning] [Decorations] CAPPING events from decorations provider vscode.git 721
[2021-05-18 17:18:12.604] [exthost] [warning] [Decorations] CAPPING events from decorations provider vscode.git 718
[2021-05-18 17:18:55.577] [exthost] [warning] [Decorations] CAPPING events from decorations provider vscode.git 718
[2021-05-18 17:19:00.332] [exthost] [error] [ms-vscode.cpptools] provider FAILED
[2021-05-18 17:19:00.332] [exthost] [error] undefined
[2021-05-18 17:19:12.672] [exthost] [warning] [Decorations] CAPPING events from decorations provider vscode.git 718
[2021-05-18 17:19:17.902] [exthost] [warning] [Decorations] CAPPING events from decorations provider vscode.git 719
[2021-05-18 17:19:18.213] [exthost] [error] [ms-vscode.cpptools] provider FAILED
[2021-05-18 17:19:18.213] [exthost] [error] undefined
[2021-05-18 17:19:28.550] [exthost] [error] [ms-vscode.cpptools] provider FAILED
[2021-05-18 17:19:28.550] [exthost] [error] undefined
[2021-05-18 17:19:57.472] [exthost] [warning] [Decorations] CAPPING events from decorations provider vscode.git 719
[2021-05-18 17:20:02.680] [exthost] [warning] [Decorations] CAPPING events from decorations provider vscode.git 718
[2021-05-18 17:20:45.269] [exthost] [warning] [Decorations] CAPPING events from decorations provider vscode.git 718
[2021-05-18 17:20:59.201] [exthost] [warning] [Decorations] CAPPING events from decorations provider vscode.git 722
[2021-05-18 17:21:07.409] [exthost] [warning] [Decorations] CAPPING events from decorations provider vscode.git 721
[2021-05-18 17:21:44.118] [exthost] [warning] [Decorations] CAPPING events from decorations provider vscode.git 722
[2021-05-18 17:21:49.327] [exthost] [warning] [Decorations] CAPPING events from decorations provider vscode.git 719
[2021-05-18 17:21:50.313] [exthost] [error] [ms-vscode.cpptools] provider FAILED
[2021-05-18 17:21:50.313] [exthost] [error] undefined
[2021-05-18 17:21:54.527] [exthost] [warning] [Decorations] CAPPING events from decorations provider vscode.git 719
[2021-05-18 17:23:53.187] [exthost] [error] [ms-vscode.cpptools] provider FAILED
[2021-05-18 17:23:53.187] [exthost] [error] undefined
[2021-05-18 17:24:02.193] [exthost] [error] [ms-vscode.cpptools] provider FAILED
[2021-05-18 17:24:02.193] [exthost] [error] undefined
[2021-05-18 17:24:15.547] [exthost] [error] [ms-vscode.cpptools] provider FAILED
[2021-05-18 17:24:15.547] [exthost] [error] undefined
[2021-05-18 17:24:17.253] [exthost] [warning] [Decorations] CAPPING events from decorations provider vscode.git 719
[2021-05-18 17:25:08.849] [exthost] [warning] [Decorations] CAPPING events from decorations provider vscode.git 718
[2021-05-18 17:49:05.145] [exthost] [warning] [Decorations] CAPPING events from decorations provider vscode.git 718
[2021-05-18 17:49:17.277] [exthost] [error] [ms-vscode.cpptools] provider FAILED
[2021-05-18 17:49:17.277] [exthost] [error] undefined
[2021-05-18 17:49:32.122] [exthost] [error] [ms-vscode.cpptools] provider FAILED
[2021-05-18 17:49:32.122] [exthost] [error] undefined
[2021-05-18 17:49:37.972] [exthost] [error] [ms-vscode.cpptools] provider FAILED
[2021-05-18 17:49:37.972] [exthost] [error] undefined
[2021-05-18 17:49:47.225] [exthost] [error] [ms-vscode.cpptools] provider FAILED
[2021-05-18 17:49:47.225] [exthost] [error] undefined
[2021-05-18 17:49:53.243] [exthost] [warning] [Decorations] CAPPING events from decorations provider vscode.git 718
[2021-05-18 17:50:12.724] [exthost] [error] [ms-vscode.cpptools] provider FAILED
[2021-05-18 17:50:12.724] [exthost] [error] undefined
[2021-05-18 17:50:15.828] [exthost] [error] [ms-vscode.cpptools] provider FAILED
[2021-05-18 17:50:15.828] [exthost] [error] undefined
[2021-05-18 17:50:18.293] [exthost] [warning] [Decorations] CAPPING events from decorations provider vscode.git 718
[2021-05-18 17:50:47.088] [exthost] [warning] [Decorations] CAPPING events from decorations provider vscode.git 718
[2021-05-18 17:50:52.309] [exthost] [warning] [Decorations] CAPPING events from decorations provider vscode.git 718
[2021-05-18 17:50:54.515] [exthost] [error] [ms-vscode.cpptools] provider FAILED
[2021-05-18 17:50:54.515] [exthost] [error] undefined
[2021-05-18 17:50:57.514] [exthost] [warning] [Decorations] CAPPING events from decorations provider vscode.git 718
[2021-05-18 17:51:00.327] [exthost] [error] [ms-vscode.cpptools] provider FAILED
[2021-05-18 17:51:00.327] [exthost] [error] undefined
[2021-05-18 17:51:02.718] [exthost] [warning] [Decorations] CAPPING events from decorations provider vscode.git 719
[2021-05-18 17:51:07.082] [exthost] [error] [ms-vscode.cpptools] provider FAILED
[2021-05-18 17:51:07.082] [exthost] [error] undefined
[2021-05-18 17:51:07.358] [exthost] [error] [ms-vscode.cpptools] provider FAILED
[2021-05-18 17:51:07.358] [exthost] [error] undefined
[2021-05-18 17:51:07.359] [exthost] [error] [ms-vscode.cpptools] provider FAILED
[2021-05-18 17:51:07.359] [exthost] [error] undefined
[2021-05-18 17:51:33.166] [exthost] [warning] [Decorations] CAPPING events from decorations provider vscode.git 719
[2021-05-18 17:51:37.176] [exthost] [error] [ms-vscode.cpptools] provider FAILED
[2021-05-18 17:51:37.176] [exthost] [error] undefined
[2021-05-18 17:51:38.370] [exthost] [warning] [Decorations] CAPPING events from decorations provider vscode.git 719
[2021-05-18 17:51:43.615] [exthost] [warning] [Decorations] CAPPING events from decorations provider vscode.git 719
[2021-05-18 17:51:48.852] [exthost] [warning] [Decorations] CAPPING events from decorations provider vscode.git 718
[2021-05-18 17:52:06.310] [exthost] [error] [ms-vscode.cpptools] provider FAILED
[2021-05-18 17:52:06.310] [exthost] [error] undefined
[2021-05-18 17:52:59.275] [exthost] [error] [ms-vscode.cpptools] provider FAILED
[2021-05-18 17:52:59.275] [exthost] [error] undefined
[2021-05-18 17:53:04.470] [exthost] [error] [ms-vscode.cpptools] provider FAILED
[2021-05-18 17:53:04.470] [exthost] [error] undefined
[2021-05-18 17:53:10.301] [exthost] [error] [ms-vscode.cpptools] provider FAILED
[2021-05-18 17:53:10.301] [exthost] [error] undefined
[2021-05-18 17:54:30.135] [exthost] [warning] [Decorations] CAPPING events from decorations provider vscode.git 718
[2021-05-18 17:54:35.355] [exthost] [warning] [Decorations] CAPPING events from decorations provider vscode.git 718
[2021-05-18 17:54:42.300] [exthost] [error] [ms-vscode.cpptools] provider FAILED
[2021-05-18 17:54:42.300] [exthost] [error] undefined
[2021-05-18 17:54:46.794] [exthost] [error] [ms-vscode.cpptools] provider FAILED
[2021-05-18 17:54:46.794] [exthost] [error] undefined
[2021-05-18 17:55:11.703] [exthost] [warning] [Decorations] CAPPING events from decorations provider vscode.git 720
[2021-05-18 17:55:16.912] [exthost] [warning] [Decorations] CAPPING events from decorations provider vscode.git 720
[2021-05-18 17:55:47.375] [exthost] [error] [ms-vscode.cpptools] provider FAILED
[2021-05-18 17:55:47.375] [exthost] [error] undefined
[2021-05-18 17:55:51.703] [exthost] [error] [ms-vscode.cpptools] provider FAILED
[2021-05-18 17:55:51.703] [exthost] [error] undefined
[2021-05-18 17:55:53.808] [exthost] [error] [ms-vscode.cpptools] provider FAILED
[2021-05-18 17:55:53.808] [exthost] [error] undefined
[2021-05-18 17:56:26.980] [exthost] [warning] [Decorations] CAPPING events from decorations provider vscode.git 720
[2021-05-18 17:56:29.795] [exthost] [error] [ms-vscode.cpptools] provider FAILED
[2021-05-18 17:56:29.795] [exthost] [error] undefined
[2021-05-18 17:56:31.925] [exthost] [error] [ms-vscode.cpptools] provider FAILED
[2021-05-18 17:56:31.925] [exthost] [error] undefined
[2021-05-18 17:56:38.943] [exthost] [warning] [Decorations] CAPPING events from decorations provider vscode.git 720
[2021-05-18 17:56:44.157] [exthost] [warning] [Decorations] CAPPING events from decorations provider vscode.git 720
[2021-05-18 17:56:51.619] [exthost] [warning] [Decorations] CAPPING events from decorations provider vscode.git 720
[2021-05-18 17:56:54.740] [exthost] [error] [ms-vscode.cpptools] provider FAILED
[2021-05-18 17:56:54.740] [exthost] [error] undefined
[2021-05-18 17:56:56.839] [exthost] [warning] [Decorations] CAPPING events from decorations provider vscode.git 720
[2021-05-18 17:57:01.080] [exthost] [error] [ms-vscode.cpptools] provider FAILED
[2021-05-18 17:57:01.080] [exthost] [error] undefined
[2021-05-18 17:57:12.341] [exthost] [warning] [Decorations] CAPPING events from decorations provider vscode.git 720
[2021-05-18 17:57:17.545] [exthost] [warning] [Decorations] CAPPING events from decorations provider vscode.git 720
[2021-05-18 17:57:36.940] [exthost] [warning] [Decorations] CAPPING events from decorations provider vscode.git 720
[2021-05-18 17:57:38.838] [exthost] [error] [ms-vscode.cpptools] provider FAILED
[2021-05-18 17:57:38.838] [exthost] [error] undefined
[2021-05-18 17:57:55.707] [exthost] [error] [ms-vscode.cpptools] provider FAILED
[2021-05-18 17:57:55.707] [exthost] [error] undefined
[2021-05-18 17:57:57.755] [exthost] [error] [ms-vscode.cpptools] provider FAILED
[2021-05-18 17:57:57.755] [exthost] [error] undefined
[2021-05-18 17:57:59.877] [exthost] [error] [ms-vscode.cpptools] provider FAILED
[2021-05-18 17:57:59.877] [exthost] [error] undefined
[2021-05-18 17:58:28.837] [exthost] [warning] [Decorations] CAPPING events from decorations provider vscode.git 720
[2021-05-18 17:58:34.048] [exthost] [warning] [Decorations] CAPPING events from decorations provider vscode.git 720
[2021-05-18 17:58:37.573] [exthost] [error] [ms-vscode.cpptools] provider FAILED
[2021-05-18 17:58:37.573] [exthost] [error] undefined
[2021-05-18 17:58:39.249] [exthost] [warning] [Decorations] CAPPING events from decorations provider vscode.git 720
[2021-05-18 17:58:39.590] [exthost] [info] extension host terminating: received terminate message from renderer
[2021-05-18 17:58:40.602] [exthost] [info] exiting with code 0
