[2021-05-11 09:31:52.827] [exthost] [info] extension host started
[2021-05-11 09:31:53.063] [exthost] [info] ExtensionService#_doActivateExtension vscode.microsoft-authentication {"startup":false,"extensionId":{"value":"vscode.microsoft-authentication","_lower":"vscode.microsoft-authentication"},"activationEvent":"onAuthenticationRequest:microsoft"}
[2021-05-11 09:31:53.064] [exthost] [info] ExtensionService#loadCommonJSModule file:///usr/share/code/resources/app/extensions/microsoft-authentication/dist/extension.js
[2021-05-11 09:31:53.079] [exthost] [info] ExtensionService#_doActivateExtension ms-vscode.cpptools {"startup":false,"extensionId":{"value":"ms-vscode.cpptools","_lower":"ms-vscode.cpptools"},"activationEvent":"onLanguage:cpp"}
[2021-05-11 09:31:53.079] [exthost] [info] ExtensionService#loadCommonJSModule file:///home/kist/.vscode/extensions/ms-vscode.cpptools-1.3.1/dist/main
[2021-05-11 09:31:53.153] [exthost] [info] ExtensionService#_doActivateExtension vscode.debug-auto-launch {"startup":true,"extensionId":{"value":"vscode.debug-auto-launch","_lower":"vscode.debug-auto-launch"},"activationEvent":"*"}
[2021-05-11 09:31:53.153] [exthost] [info] ExtensionService#loadCommonJSModule file:///usr/share/code/resources/app/extensions/debug-auto-launch/dist/extension
[2021-05-11 09:31:53.157] [exthost] [info] ExtensionService#_doActivateExtension vscode.git {"startup":true,"extensionId":{"value":"vscode.github","_lower":"vscode.github"},"activationEvent":"*"}
[2021-05-11 09:31:53.157] [exthost] [info] ExtensionService#loadCommonJSModule file:///usr/share/code/resources/app/extensions/git/dist/main
[2021-05-11 09:31:53.695] [exthost] [info] ExtensionService#_doActivateExtension vscode.github {"startup":true,"extensionId":{"value":"vscode.github","_lower":"vscode.github"},"activationEvent":"*"}
[2021-05-11 09:31:53.695] [exthost] [info] ExtensionService#loadCommonJSModule file:///usr/share/code/resources/app/extensions/github/dist/extension.js
[2021-05-11 09:31:53.752] [exthost] [info] ExtensionService#_doActivateExtension ms-vscode.js-debug {"startup":false,"extensionId":{"value":"ms-vscode.js-debug","_lower":"ms-vscode.js-debug"},"activationEvent":"onCommand:extension.js-debug.clearAutoAttachVariables"}
[2021-05-11 09:31:53.753] [exthost] [info] ExtensionService#loadCommonJSModule file:///usr/share/code/resources/app/extensions/ms-vscode.js-debug/src/extension.js
[2021-05-11 09:31:54.037] [exthost] [info] ExtensionService#_doActivateExtension vscode.github-authentication {"startup":false,"extensionId":{"value":"vscode.github-authentication","_lower":"vscode.github-authentication"},"activationEvent":"onAuthenticationRequest:github"}
[2021-05-11 09:31:54.037] [exthost] [info] ExtensionService#loadCommonJSModule file:///usr/share/code/resources/app/extensions/github-authentication/dist/extension.js
[2021-05-11 09:31:54.052] [exthost] [info] ExtensionService#_doActivateExtension ms-vscode.cmake-tools {"startup":true,"extensionId":{"value":"ms-vscode.cmake-tools","_lower":"ms-vscode.cmake-tools"},"activationEvent":"workspaceContains:**/CMakeLists.txt"}
[2021-05-11 09:31:54.052] [exthost] [info] ExtensionService#loadCommonJSModule file:///home/kist/.vscode/extensions/ms-vscode.cmake-tools-1.7.1/dist/main
[2021-05-11 09:31:54.170] [exthost] [info] ExtensionService#_doActivateExtension vscode.configuration-editing {"startup":false,"extensionId":{"value":"vscode.configuration-editing","_lower":"vscode.configuration-editing"},"activationEvent":"onLanguage:json"}
[2021-05-11 09:31:54.171] [exthost] [info] ExtensionService#loadCommonJSModule file:///usr/share/code/resources/app/extensions/configuration-editing/dist/configurationEditingMain
[2021-05-11 09:31:54.177] [exthost] [info] ExtensionService#_doActivateExtension vscode.extension-editing {"startup":false,"extensionId":{"value":"vscode.extension-editing","_lower":"vscode.extension-editing"},"activationEvent":"onLanguage:json"}
[2021-05-11 09:31:54.177] [exthost] [info] ExtensionService#loadCommonJSModule file:///usr/share/code/resources/app/extensions/extension-editing/dist/extensionEditingMain
[2021-05-11 09:31:54.190] [exthost] [info] ExtensionService#_doActivateExtension vscode.json-language-features {"startup":false,"extensionId":{"value":"vscode.json-language-features","_lower":"vscode.json-language-features"},"activationEvent":"onLanguage:json"}
[2021-05-11 09:31:54.190] [exthost] [info] ExtensionService#loadCommonJSModule file:///usr/share/code/resources/app/extensions/json-language-features/client/dist/node/jsonClientMain
[2021-05-11 09:31:54.225] [exthost] [info] ExtensionService#_doActivateExtension vscode.npm {"startup":false,"extensionId":{"value":"vscode.npm","_lower":"vscode.npm"},"activationEvent":"onLanguage:json"}
[2021-05-11 09:31:54.225] [exthost] [info] ExtensionService#loadCommonJSModule file:///usr/share/code/resources/app/extensions/npm/dist/npmMain
[2021-05-11 09:31:54.276] [exthost] [info] ExtensionService#_doActivateExtension vscode.typescript-language-features {"startup":false,"extensionId":{"value":"vscode.typescript-language-features","_lower":"vscode.typescript-language-features"},"activationEvent":"onLanguage:jsonc"}
[2021-05-11 09:31:54.276] [exthost] [info] ExtensionService#loadCommonJSModule file:///usr/share/code/resources/app/extensions/typescript-language-features/dist/extension
[2021-05-11 09:31:54.540] [exthost] [info] eager extensions activated
[2021-05-11 09:31:54.587] [exthost] [info] ExtensionService#_doActivateExtension vscode.emmet {"startup":false,"extensionId":{"value":"vscode.emmet","_lower":"vscode.emmet"},"activationEvent":"onStartupFinished"}
[2021-05-11 09:31:54.587] [exthost] [info] ExtensionService#loadCommonJSModule file:///usr/share/code/resources/app/extensions/emmet/dist/node/emmetNodeMain
[2021-05-11 09:31:54.600] [exthost] [info] ExtensionService#_doActivateExtension vscode.merge-conflict {"startup":false,"extensionId":{"value":"vscode.merge-conflict","_lower":"vscode.merge-conflict"},"activationEvent":"onStartupFinished"}
[2021-05-11 09:31:54.600] [exthost] [info] ExtensionService#loadCommonJSModule file:///usr/share/code/resources/app/extensions/merge-conflict/dist/mergeConflictMain
[2021-05-11 09:31:54.604] [exthost] [info] ExtensionService#_doActivateExtension vscode.testing-editor-contributions {"startup":false,"extensionId":{"value":"vscode.testing-editor-contributions","_lower":"vscode.testing-editor-contributions"},"activationEvent":"onStartupFinished"}
[2021-05-11 09:31:54.604] [exthost] [info] ExtensionService#loadCommonJSModule file:///usr/share/code/resources/app/extensions/testing-editor-contributions/dist/extension.js
[2021-05-11 09:31:54.823] [exthost] [error] [ms-vscode.cpptools] provider FAILED
[2021-05-11 09:31:54.823] [exthost] [error] undefined
[2021-05-11 09:33:53.217] [exthost] [error] [ms-vscode.cpptools] provider FAILED
[2021-05-11 09:33:53.217] [exthost] [error] undefined
[2021-05-11 09:33:57.496] [exthost] [error] [ms-vscode.cpptools] provider FAILED
[2021-05-11 09:33:57.496] [exthost] [error] undefined
[2021-05-11 09:33:59.521] [exthost] [error] [ms-vscode.cpptools] provider FAILED
[2021-05-11 09:33:59.521] [exthost] [error] undefined
[2021-05-11 09:34:01.703] [exthost] [error] [ms-vscode.cpptools] provider FAILED
[2021-05-11 09:34:01.703] [exthost] [error] undefined
[2021-05-11 09:34:04.357] [exthost] [error] [ms-vscode.cpptools] provider FAILED
[2021-05-11 09:34:04.357] [exthost] [error] undefined
[2021-05-11 09:34:06.593] [exthost] [error] [ms-vscode.cpptools] provider FAILED
[2021-05-11 09:34:06.593] [exthost] [error] undefined
[2021-05-11 09:34:10.857] [exthost] [error] [ms-vscode.cpptools] provider FAILED
[2021-05-11 09:34:10.857] [exthost] [error] undefined
[2021-05-11 09:34:20.912] [exthost] [error] [ms-vscode.cpptools] provider FAILED
[2021-05-11 09:34:20.912] [exthost] [error] undefined
[2021-05-11 09:34:27.694] [exthost] [error] [ms-vscode.cpptools] provider FAILED
[2021-05-11 09:34:27.694] [exthost] [error] undefined
[2021-05-11 09:34:50.865] [exthost] [error] [ms-vscode.cpptools] provider FAILED
[2021-05-11 09:34:50.865] [exthost] [error] undefined
[2021-05-11 09:35:45.742] [exthost] [error] [ms-vscode.cpptools] provider FAILED
[2021-05-11 09:35:45.742] [exthost] [error] undefined
[2021-05-11 09:36:30.514] [exthost] [error] [ms-vscode.cpptools] provider FAILED
[2021-05-11 09:36:30.514] [exthost] [error] undefined
[2021-05-11 09:36:55.724] [exthost] [error] [ms-vscode.cpptools] provider FAILED
[2021-05-11 09:36:55.724] [exthost] [error] undefined
[2021-05-11 09:37:00.035] [exthost] [error] [ms-vscode.cpptools] provider FAILED
[2021-05-11 09:37:00.035] [exthost] [error] undefined
[2021-05-11 09:37:11.185] [exthost] [error] [ms-vscode.cpptools] provider FAILED
[2021-05-11 09:37:11.185] [exthost] [error] undefined
[2021-05-11 09:37:13.063] [exthost] [error] [ms-vscode.cpptools] provider FAILED
[2021-05-11 09:37:13.063] [exthost] [error] undefined
[2021-05-11 09:37:29.886] [exthost] [error] [ms-vscode.cpptools] provider FAILED
[2021-05-11 09:37:29.886] [exthost] [error] undefined
[2021-05-11 09:37:34.704] [exthost] [error] [ms-vscode.cpptools] provider FAILED
[2021-05-11 09:37:34.704] [exthost] [error] undefined
[2021-05-11 09:37:38.881] [exthost] [error] [ms-vscode.cpptools] provider FAILED
[2021-05-11 09:37:38.881] [exthost] [error] undefined
[2021-05-11 09:37:56.001] [exthost] [error] [ms-vscode.cpptools] provider FAILED
[2021-05-11 09:37:56.001] [exthost] [error] undefined
[2021-05-11 09:37:57.966] [exthost] [error] [ms-vscode.cpptools] provider FAILED
[2021-05-11 09:37:57.966] [exthost] [error] undefined
[2021-05-11 09:38:10.664] [exthost] [error] [ms-vscode.cpptools] provider FAILED
[2021-05-11 09:38:10.664] [exthost] [error] undefined
[2021-05-11 09:38:34.762] [exthost] [error] [ms-vscode.cpptools] provider FAILED
[2021-05-11 09:38:34.762] [exthost] [error] undefined
[2021-05-11 09:38:38.574] [exthost] [error] [ms-vscode.cpptools] provider FAILED
[2021-05-11 09:38:38.574] [exthost] [error] undefined
[2021-05-11 09:38:40.750] [exthost] [error] [ms-vscode.cpptools] provider FAILED
[2021-05-11 09:38:40.750] [exthost] [error] undefined
[2021-05-11 09:38:51.292] [exthost] [error] [ms-vscode.cpptools] provider FAILED
[2021-05-11 09:38:51.292] [exthost] [error] undefined
[2021-05-11 09:38:59.745] [exthost] [error] [ms-vscode.cpptools] provider FAILED
[2021-05-11 09:38:59.745] [exthost] [error] undefined
[2021-05-11 09:39:01.750] [exthost] [error] [ms-vscode.cpptools] provider FAILED
[2021-05-11 09:39:01.750] [exthost] [error] undefined
[2021-05-11 09:39:05.739] [exthost] [error] [ms-vscode.cpptools] provider FAILED
[2021-05-11 09:39:05.739] [exthost] [error] undefined
[2021-05-11 09:39:16.884] [exthost] [error] [ms-vscode.cpptools] provider FAILED
[2021-05-11 09:39:16.885] [exthost] [error] undefined
[2021-05-11 09:39:48.582] [exthost] [error] [ms-vscode.cpptools] provider FAILED
[2021-05-11 09:39:48.582] [exthost] [error] undefined
[2021-05-11 09:39:55.868] [exthost] [error] [ms-vscode.cpptools] provider FAILED
[2021-05-11 09:39:55.868] [exthost] [error] undefined
[2021-05-11 09:40:02.044] [exthost] [error] [ms-vscode.cpptools] provider FAILED
[2021-05-11 09:40:02.044] [exthost] [error] undefined
[2021-05-11 09:40:06.655] [exthost] [error] [ms-vscode.cpptools] provider FAILED
[2021-05-11 09:40:06.655] [exthost] [error] undefined
[2021-05-11 09:40:17.019] [exthost] [error] [ms-vscode.cpptools] provider FAILED
[2021-05-11 09:40:17.019] [exthost] [error] undefined
