[2021-05-06 09:07:21.868] [exthost] [info] extension host started
[2021-05-06 09:07:21.908] [exthost] [info] ExtensionService#_doActivateExtension vscode.microsoft-authentication {"startup":false,"extensionId":{"value":"vscode.microsoft-authentication","_lower":"vscode.microsoft-authentication"},"activationEvent":"onAuthenticationRequest:microsoft"}
[2021-05-06 09:07:21.909] [exthost] [info] ExtensionService#loadCommonJSModule file:///usr/share/code/resources/app/extensions/microsoft-authentication/dist/extension.js
[2021-05-06 09:07:21.928] [exthost] [info] ExtensionService#_doActivateExtension vscode.debug-auto-launch {"startup":true,"extensionId":{"value":"vscode.debug-auto-launch","_lower":"vscode.debug-auto-launch"},"activationEvent":"*"}
[2021-05-06 09:07:21.928] [exthost] [info] ExtensionService#loadCommonJSModule file:///usr/share/code/resources/app/extensions/debug-auto-launch/dist/extension
[2021-05-06 09:07:21.932] [exthost] [info] ExtensionService#_doActivateExtension vscode.git {"startup":true,"extensionId":{"value":"vscode.github","_lower":"vscode.github"},"activationEvent":"*"}
[2021-05-06 09:07:21.933] [exthost] [info] ExtensionService#loadCommonJSModule file:///usr/share/code/resources/app/extensions/git/dist/main
[2021-05-06 09:07:22.049] [exthost] [info] ExtensionService#_doActivateExtension ms-vscode.js-debug {"startup":false,"extensionId":{"value":"ms-vscode.js-debug","_lower":"ms-vscode.js-debug"},"activationEvent":"onCommand:extension.js-debug.clearAutoAttachVariables"}
[2021-05-06 09:07:22.050] [exthost] [info] ExtensionService#loadCommonJSModule file:///usr/share/code/resources/app/extensions/ms-vscode.js-debug/src/extension.js
[2021-05-06 09:07:22.316] [exthost] [info] ExtensionService#_doActivateExtension vscode.github {"startup":true,"extensionId":{"value":"vscode.github","_lower":"vscode.github"},"activationEvent":"*"}
[2021-05-06 09:07:22.316] [exthost] [info] ExtensionService#loadCommonJSModule file:///usr/share/code/resources/app/extensions/github/dist/extension.js
[2021-05-06 09:07:22.325] [exthost] [info] eager extensions activated
[2021-05-06 09:07:22.326] [exthost] [info] ExtensionService#_doActivateExtension vscode.github-authentication {"startup":false,"extensionId":{"value":"vscode.github-authentication","_lower":"vscode.github-authentication"},"activationEvent":"onAuthenticationRequest:github"}
[2021-05-06 09:07:22.326] [exthost] [info] ExtensionService#loadCommonJSModule file:///usr/share/code/resources/app/extensions/github-authentication/dist/extension.js
[2021-05-06 09:07:22.341] [exthost] [info] ExtensionService#_doActivateExtension vscode.emmet {"startup":false,"extensionId":{"value":"vscode.emmet","_lower":"vscode.emmet"},"activationEvent":"onStartupFinished"}
[2021-05-06 09:07:22.341] [exthost] [info] ExtensionService#loadCommonJSModule file:///usr/share/code/resources/app/extensions/emmet/dist/node/emmetNodeMain
[2021-05-06 09:07:22.355] [exthost] [info] ExtensionService#_doActivateExtension vscode.merge-conflict {"startup":false,"extensionId":{"value":"vscode.merge-conflict","_lower":"vscode.merge-conflict"},"activationEvent":"onStartupFinished"}
[2021-05-06 09:07:22.355] [exthost] [info] ExtensionService#loadCommonJSModule file:///usr/share/code/resources/app/extensions/merge-conflict/dist/mergeConflictMain
[2021-05-06 09:07:22.359] [exthost] [info] ExtensionService#_doActivateExtension vscode.testing-editor-contributions {"startup":false,"extensionId":{"value":"vscode.testing-editor-contributions","_lower":"vscode.testing-editor-contributions"},"activationEvent":"onStartupFinished"}
[2021-05-06 09:07:22.359] [exthost] [info] ExtensionService#loadCommonJSModule file:///usr/share/code/resources/app/extensions/testing-editor-contributions/dist/extension.js
[2021-05-06 09:07:49.540] [exthost] [info] extension host terminating: received terminate message from renderer
[2021-05-06 09:07:50.544] [exthost] [info] exiting with code 0
[2021-05-06 09:07:51.010] [exthost] [info] extension host started
[2021-05-06 09:07:51.055] [exthost] [info] ExtensionService#_doActivateExtension vscode.microsoft-authentication {"startup":false,"extensionId":{"value":"vscode.microsoft-authentication","_lower":"vscode.microsoft-authentication"},"activationEvent":"onAuthenticationRequest:microsoft"}
[2021-05-06 09:07:51.055] [exthost] [info] ExtensionService#loadCommonJSModule file:///usr/share/code/resources/app/extensions/microsoft-authentication/dist/extension.js
[2021-05-06 09:07:51.065] [exthost] [info] ExtensionService#_doActivateExtension vscode.debug-auto-launch {"startup":true,"extensionId":{"value":"vscode.debug-auto-launch","_lower":"vscode.debug-auto-launch"},"activationEvent":"*"}
[2021-05-06 09:07:51.065] [exthost] [info] ExtensionService#loadCommonJSModule file:///usr/share/code/resources/app/extensions/debug-auto-launch/dist/extension
[2021-05-06 09:07:51.067] [exthost] [info] ExtensionService#_doActivateExtension vscode.git {"startup":true,"extensionId":{"value":"vscode.github","_lower":"vscode.github"},"activationEvent":"*"}
[2021-05-06 09:07:51.067] [exthost] [info] ExtensionService#loadCommonJSModule file:///usr/share/code/resources/app/extensions/git/dist/main
[2021-05-06 09:07:51.094] [exthost] [info] ExtensionService#_doActivateExtension ms-vscode.cpptools {"startup":true,"extensionId":{"value":"ms-vscode.cpptools","_lower":"ms-vscode.cpptools"},"activationEvent":"workspaceContains:/.vscode/c_cpp_properties.json"}
[2021-05-06 09:07:51.094] [exthost] [info] ExtensionService#loadCommonJSModule file:///home/kist/.vscode/extensions/ms-vscode.cpptools-1.3.1/dist/main
[2021-05-06 09:07:51.324] [exthost] [info] ExtensionService#_doActivateExtension vscode.github {"startup":true,"extensionId":{"value":"vscode.github","_lower":"vscode.github"},"activationEvent":"*"}
[2021-05-06 09:07:51.324] [exthost] [info] ExtensionService#loadCommonJSModule file:///usr/share/code/resources/app/extensions/github/dist/extension.js
[2021-05-06 09:07:51.328] [exthost] [info] ExtensionService#_doActivateExtension ms-vscode.js-debug {"startup":false,"extensionId":{"value":"ms-vscode.js-debug","_lower":"ms-vscode.js-debug"},"activationEvent":"onCommand:extension.js-debug.clearAutoAttachVariables"}
[2021-05-06 09:07:51.329] [exthost] [info] ExtensionService#loadCommonJSModule file:///usr/share/code/resources/app/extensions/ms-vscode.js-debug/src/extension.js
[2021-05-06 09:07:51.561] [exthost] [info] ExtensionService#_doActivateExtension vscode.github-authentication {"startup":false,"extensionId":{"value":"vscode.github-authentication","_lower":"vscode.github-authentication"},"activationEvent":"onAuthenticationRequest:github"}
[2021-05-06 09:07:51.561] [exthost] [info] ExtensionService#loadCommonJSModule file:///usr/share/code/resources/app/extensions/github-authentication/dist/extension.js
[2021-05-06 09:07:51.571] [exthost] [info] ExtensionService#_doActivateExtension ms-vscode.cmake-tools {"startup":true,"extensionId":{"value":"ms-vscode.cmake-tools","_lower":"ms-vscode.cmake-tools"},"activationEvent":"workspaceContains:**/CMakeLists.txt"}
[2021-05-06 09:07:51.571] [exthost] [info] ExtensionService#loadCommonJSModule file:///home/kist/.vscode/extensions/ms-vscode.cmake-tools-1.7.1/dist/main
[2021-05-06 09:07:52.011] [exthost] [info] ExtensionService#_doActivateExtension vscode.configuration-editing {"startup":false,"extensionId":{"value":"vscode.configuration-editing","_lower":"vscode.configuration-editing"},"activationEvent":"onLanguage:json"}
[2021-05-06 09:07:52.011] [exthost] [info] ExtensionService#loadCommonJSModule file:///usr/share/code/resources/app/extensions/configuration-editing/dist/configurationEditingMain
[2021-05-06 09:07:52.020] [exthost] [info] ExtensionService#_doActivateExtension vscode.extension-editing {"startup":false,"extensionId":{"value":"vscode.extension-editing","_lower":"vscode.extension-editing"},"activationEvent":"onLanguage:json"}
[2021-05-06 09:07:52.020] [exthost] [info] ExtensionService#loadCommonJSModule file:///usr/share/code/resources/app/extensions/extension-editing/dist/extensionEditingMain
[2021-05-06 09:07:52.052] [exthost] [info] ExtensionService#_doActivateExtension vscode.json-language-features {"startup":false,"extensionId":{"value":"vscode.json-language-features","_lower":"vscode.json-language-features"},"activationEvent":"onLanguage:json"}
[2021-05-06 09:07:52.054] [exthost] [info] ExtensionService#loadCommonJSModule file:///usr/share/code/resources/app/extensions/json-language-features/client/dist/node/jsonClientMain
[2021-05-06 09:07:52.096] [exthost] [info] ExtensionService#_doActivateExtension vscode.npm {"startup":false,"extensionId":{"value":"vscode.npm","_lower":"vscode.npm"},"activationEvent":"onLanguage:json"}
[2021-05-06 09:07:52.096] [exthost] [info] ExtensionService#loadCommonJSModule file:///usr/share/code/resources/app/extensions/npm/dist/npmMain
[2021-05-06 09:07:52.159] [exthost] [info] ExtensionService#_doActivateExtension vscode.typescript-language-features {"startup":false,"extensionId":{"value":"vscode.typescript-language-features","_lower":"vscode.typescript-language-features"},"activationEvent":"onLanguage:jsonc"}
[2021-05-06 09:07:52.159] [exthost] [info] ExtensionService#loadCommonJSModule file:///usr/share/code/resources/app/extensions/typescript-language-features/dist/extension
[2021-05-06 09:07:52.339] [exthost] [info] eager extensions activated
[2021-05-06 09:07:52.641] [exthost] [info] ExtensionService#_doActivateExtension vscode.emmet {"startup":false,"extensionId":{"value":"vscode.emmet","_lower":"vscode.emmet"},"activationEvent":"onStartupFinished"}
[2021-05-06 09:07:52.641] [exthost] [info] ExtensionService#loadCommonJSModule file:///usr/share/code/resources/app/extensions/emmet/dist/node/emmetNodeMain
[2021-05-06 09:07:52.651] [exthost] [info] ExtensionService#_doActivateExtension vscode.merge-conflict {"startup":false,"extensionId":{"value":"vscode.merge-conflict","_lower":"vscode.merge-conflict"},"activationEvent":"onStartupFinished"}
[2021-05-06 09:07:52.651] [exthost] [info] ExtensionService#loadCommonJSModule file:///usr/share/code/resources/app/extensions/merge-conflict/dist/mergeConflictMain
[2021-05-06 09:07:52.652] [exthost] [info] ExtensionService#_doActivateExtension vscode.testing-editor-contributions {"startup":false,"extensionId":{"value":"vscode.testing-editor-contributions","_lower":"vscode.testing-editor-contributions"},"activationEvent":"onStartupFinished"}
[2021-05-06 09:07:52.653] [exthost] [info] ExtensionService#loadCommonJSModule file:///usr/share/code/resources/app/extensions/testing-editor-contributions/dist/extension.js
[2021-05-06 09:08:46.112] [exthost] [error] [ms-vscode.cpptools] provider FAILED
[2021-05-06 09:08:46.112] [exthost] [error] undefined
[2021-05-06 09:09:06.499] [exthost] [error] [ms-vscode.cpptools] provider FAILED
[2021-05-06 09:09:06.499] [exthost] [error] undefined
[2021-05-06 09:15:15.470] [exthost] [error] [ms-vscode.cpptools] provider FAILED
[2021-05-06 09:15:15.470] [exthost] [error] undefined
[2021-05-06 09:15:19.439] [exthost] [error] [ms-vscode.cpptools] provider FAILED
[2021-05-06 09:15:19.439] [exthost] [error] undefined
[2021-05-06 09:15:23.608] [exthost] [error] [ms-vscode.cpptools] provider FAILED
[2021-05-06 09:15:23.608] [exthost] [error] undefined
[2021-05-06 09:15:41.860] [exthost] [error] [ms-vscode.cpptools] provider FAILED
[2021-05-06 09:15:41.860] [exthost] [error] undefined
[2021-05-06 09:16:28.390] [exthost] [error] [ms-vscode.cpptools] provider FAILED
[2021-05-06 09:16:28.390] [exthost] [error] undefined
[2021-05-06 09:17:10.766] [exthost] [error] [ms-vscode.cpptools] provider FAILED
[2021-05-06 09:17:10.766] [exthost] [error] undefined
[2021-05-06 09:17:43.829] [exthost] [error] [ms-vscode.cpptools] provider FAILED
[2021-05-06 09:17:43.829] [exthost] [error] undefined
[2021-05-06 09:19:11.247] [exthost] [error] [ms-vscode.cpptools] provider FAILED
[2021-05-06 09:19:11.247] [exthost] [error] undefined
[2021-05-06 09:19:23.363] [exthost] [error] [ms-vscode.cpptools] provider FAILED
[2021-05-06 09:19:23.363] [exthost] [error] undefined
[2021-05-06 09:19:26.326] [exthost] [info] ExtensionService#_doActivateExtension twxs.cmake {"startup":false,"extensionId":{"value":"twxs.cmake","_lower":"twxs.cmake"},"activationEvent":"onLanguage:cmake"}
[2021-05-06 09:19:26.326] [exthost] [info] ExtensionService#loadCommonJSModule file:///home/kist/.vscode/extensions/twxs.cmake-0.0.17/out/extension
[2021-05-06 09:20:02.713] [exthost] [error] [ms-vscode.cpptools] provider FAILED
[2021-05-06 09:20:02.713] [exthost] [error] undefined
[2021-05-06 09:22:51.127] [exthost] [error] [ms-vscode.cpptools] provider FAILED
[2021-05-06 09:22:51.127] [exthost] [error] undefined
[2021-05-06 09:23:06.001] [exthost] [error] [ms-vscode.cpptools] provider FAILED
[2021-05-06 09:23:06.001] [exthost] [error] undefined
[2021-05-06 09:23:12.057] [exthost] [error] [ms-vscode.cpptools] provider FAILED
[2021-05-06 09:23:12.057] [exthost] [error] undefined
[2021-05-06 09:24:44.936] [exthost] [error] [ms-vscode.cpptools] provider FAILED
[2021-05-06 09:24:44.936] [exthost] [error] undefined
[2021-05-06 09:24:57.540] [exthost] [error] [ms-vscode.cpptools] provider FAILED
[2021-05-06 09:24:57.540] [exthost] [error] undefined
[2021-05-06 09:25:04.109] [exthost] [error] [ms-vscode.cpptools] provider FAILED
[2021-05-06 09:25:04.109] [exthost] [error] undefined
[2021-05-06 09:25:06.292] [exthost] [error] [ms-vscode.cpptools] provider FAILED
[2021-05-06 09:25:06.292] [exthost] [error] undefined
[2021-05-06 09:27:52.587] [exthost] [error] [ms-vscode.cpptools] provider FAILED
[2021-05-06 09:27:52.587] [exthost] [error] undefined
[2021-05-06 09:28:30.235] [exthost] [error] [ms-vscode.cpptools] provider FAILED
[2021-05-06 09:28:30.235] [exthost] [error] undefined
[2021-05-06 09:29:38.076] [exthost] [error] [ms-vscode.cpptools] provider FAILED
[2021-05-06 09:29:38.076] [exthost] [error] undefined
[2021-05-06 09:32:28.731] [exthost] [error] [ms-vscode.cpptools] provider FAILED
[2021-05-06 09:32:28.731] [exthost] [error] undefined
[2021-05-06 09:32:38.836] [exthost] [error] [ms-vscode.cpptools] provider FAILED
[2021-05-06 09:32:38.836] [exthost] [error] undefined
[2021-05-06 09:32:59.285] [exthost] [error] [ms-vscode.cpptools] provider FAILED
[2021-05-06 09:32:59.285] [exthost] [error] undefined
[2021-05-06 09:33:13.269] [exthost] [error] [ms-vscode.cpptools] provider FAILED
[2021-05-06 09:33:13.269] [exthost] [error] undefined
[2021-05-06 09:33:15.679] [exthost] [error] [ms-vscode.cpptools] provider FAILED
[2021-05-06 09:33:15.679] [exthost] [error] undefined
[2021-05-06 09:33:21.025] [exthost] [error] [ms-vscode.cpptools] provider FAILED
[2021-05-06 09:33:21.025] [exthost] [error] undefined
[2021-05-06 09:33:29.283] [exthost] [error] [ms-vscode.cpptools] provider FAILED
[2021-05-06 09:33:29.283] [exthost] [error] undefined
[2021-05-06 09:35:01.868] [exthost] [error] [ms-vscode.cpptools] provider FAILED
[2021-05-06 09:35:01.868] [exthost] [error] undefined
[2021-05-06 09:35:08.110] [exthost] [error] [ms-vscode.cpptools] provider FAILED
[2021-05-06 09:35:08.110] [exthost] [error] undefined
[2021-05-06 09:35:33.426] [exthost] [error] [ms-vscode.cpptools] provider FAILED
[2021-05-06 09:35:33.426] [exthost] [error] undefined
[2021-05-06 09:35:54.394] [exthost] [error] [ms-vscode.cpptools] provider FAILED
[2021-05-06 09:35:54.394] [exthost] [error] undefined
[2021-05-06 09:44:36.186] [exthost] [error] [ms-vscode.cpptools] provider FAILED
[2021-05-06 09:44:36.186] [exthost] [error] undefined
[2021-05-06 09:45:50.609] [exthost] [error] [ms-vscode.cpptools] provider FAILED
[2021-05-06 09:45:50.609] [exthost] [error] undefined
[2021-05-06 09:46:05.152] [exthost] [error] [ms-vscode.cpptools] provider FAILED
[2021-05-06 09:46:05.152] [exthost] [error] undefined
[2021-05-06 09:46:12.138] [exthost] [error] [ms-vscode.cpptools] provider FAILED
[2021-05-06 09:46:12.138] [exthost] [error] undefined
[2021-05-06 09:47:46.627] [exthost] [error] [ms-vscode.cpptools] provider FAILED
[2021-05-06 09:47:46.627] [exthost] [error] undefined
[2021-05-06 09:47:50.407] [exthost] [error] [ms-vscode.cpptools] provider FAILED
[2021-05-06 09:47:50.407] [exthost] [error] undefined
[2021-05-06 09:47:58.362] [exthost] [error] [ms-vscode.cpptools] provider FAILED
[2021-05-06 09:47:58.362] [exthost] [error] undefined
[2021-05-06 09:48:09.741] [exthost] [error] [ms-vscode.cpptools] provider FAILED
[2021-05-06 09:48:09.741] [exthost] [error] undefined
[2021-05-06 09:48:21.403] [exthost] [error] [ms-vscode.cpptools] provider FAILED
[2021-05-06 09:48:21.403] [exthost] [error] undefined
[2021-05-06 09:51:02.457] [exthost] [error] [ms-vscode.cpptools] provider FAILED
[2021-05-06 09:51:02.457] [exthost] [error] undefined
[2021-05-06 09:51:12.803] [exthost] [error] [ms-vscode.cpptools] provider FAILED
[2021-05-06 09:51:12.803] [exthost] [error] undefined
[2021-05-06 09:51:18.908] [exthost] [error] [ms-vscode.cpptools] provider FAILED
[2021-05-06 09:51:18.908] [exthost] [error] undefined
[2021-05-06 09:51:20.918] [exthost] [error] [ms-vscode.cpptools] provider FAILED
[2021-05-06 09:51:20.918] [exthost] [error] undefined
[2021-05-06 09:51:33.303] [exthost] [error] [ms-vscode.cpptools] provider FAILED
[2021-05-06 09:51:33.303] [exthost] [error] undefined
[2021-05-06 09:51:45.936] [exthost] [error] [ms-vscode.cpptools] provider FAILED
[2021-05-06 09:51:45.937] [exthost] [error] undefined
[2021-05-06 09:51:50.033] [exthost] [error] [ms-vscode.cpptools] provider FAILED
[2021-05-06 09:51:50.033] [exthost] [error] undefined
[2021-05-06 09:51:54.385] [exthost] [error] [ms-vscode.cpptools] provider FAILED
[2021-05-06 09:51:54.385] [exthost] [error] undefined
[2021-05-06 09:53:20.196] [exthost] [error] [ms-vscode.cpptools] provider FAILED
[2021-05-06 09:53:20.196] [exthost] [error] undefined
[2021-05-06 09:53:39.662] [exthost] [error] [ms-vscode.cpptools] provider FAILED
[2021-05-06 09:53:39.662] [exthost] [error] undefined
[2021-05-06 09:53:43.226] [exthost] [error] [ms-vscode.cpptools] provider FAILED
[2021-05-06 09:53:43.226] [exthost] [error] undefined
[2021-05-06 09:54:04.426] [exthost] [error] [ms-vscode.cpptools] provider FAILED
[2021-05-06 09:54:04.426] [exthost] [error] undefined
[2021-05-06 09:54:11.039] [exthost] [error] [ms-vscode.cpptools] provider FAILED
[2021-05-06 09:54:11.039] [exthost] [error] undefined
[2021-05-06 09:55:03.949] [exthost] [error] [ms-vscode.cpptools] provider FAILED
[2021-05-06 09:55:03.949] [exthost] [error] undefined
[2021-05-06 10:10:09.162] [exthost] [error] [ms-vscode.cpptools] provider FAILED
[2021-05-06 10:10:09.162] [exthost] [error] undefined
[2021-05-06 10:10:15.415] [exthost] [error] [ms-vscode.cpptools] provider FAILED
[2021-05-06 10:10:15.415] [exthost] [error] undefined
[2021-05-06 10:10:17.305] [exthost] [error] [ms-vscode.cpptools] provider FAILED
[2021-05-06 10:10:17.305] [exthost] [error] undefined
[2021-05-06 10:11:31.550] [exthost] [error] [ms-vscode.cpptools] provider FAILED
[2021-05-06 10:11:31.550] [exthost] [error] undefined
[2021-05-06 10:11:35.135] [exthost] [error] [ms-vscode.cpptools] provider FAILED
[2021-05-06 10:11:35.135] [exthost] [error] undefined
[2021-05-06 10:15:06.865] [exthost] [error] [ms-vscode.cpptools] provider FAILED
[2021-05-06 10:15:06.865] [exthost] [error] undefined
[2021-05-06 10:15:08.905] [exthost] [error] [ms-vscode.cpptools] provider FAILED
[2021-05-06 10:15:08.905] [exthost] [error] undefined
[2021-05-06 10:16:50.058] [exthost] [error] [ms-vscode.cpptools] provider FAILED
[2021-05-06 10:16:50.058] [exthost] [error] undefined
[2021-05-06 10:16:52.157] [exthost] [error] [ms-vscode.cpptools] provider FAILED
[2021-05-06 10:16:52.157] [exthost] [error] undefined
[2021-05-06 10:16:58.655] [exthost] [error] [ms-vscode.cpptools] provider FAILED
[2021-05-06 10:16:58.655] [exthost] [error] undefined
[2021-05-06 10:22:29.868] [exthost] [error] [ms-vscode.cpptools] provider FAILED
[2021-05-06 10:22:29.868] [exthost] [error] undefined
[2021-05-06 10:22:49.143] [exthost] [error] [ms-vscode.cpptools] provider FAILED
[2021-05-06 10:22:49.143] [exthost] [error] undefined
[2021-05-06 10:22:55.443] [exthost] [error] [ms-vscode.cpptools] provider FAILED
[2021-05-06 10:22:55.443] [exthost] [error] undefined
[2021-05-06 10:23:07.852] [exthost] [error] [ms-vscode.cpptools] provider FAILED
[2021-05-06 10:23:07.852] [exthost] [error] undefined
[2021-05-06 10:24:33.629] [exthost] [error] [ms-vscode.cpptools] provider FAILED
[2021-05-06 10:24:33.629] [exthost] [error] undefined
[2021-05-06 10:24:44.126] [exthost] [error] [ms-vscode.cpptools] provider FAILED
[2021-05-06 10:24:44.126] [exthost] [error] undefined
[2021-05-06 10:24:55.168] [exthost] [error] [ms-vscode.cpptools] provider FAILED
[2021-05-06 10:24:55.169] [exthost] [error] undefined
[2021-05-06 10:25:08.004] [exthost] [error] [ms-vscode.cpptools] provider FAILED
[2021-05-06 10:25:08.004] [exthost] [error] undefined
[2021-05-06 10:26:57.939] [exthost] [error] [ms-vscode.cpptools] provider FAILED
[2021-05-06 10:26:57.939] [exthost] [error] undefined
[2021-05-06 10:54:51.457] [exthost] [error] [ms-vscode.cpptools] provider FAILED
[2021-05-06 10:54:51.457] [exthost] [error] undefined
[2021-05-06 10:55:12.991] [exthost] [error] [ms-vscode.cpptools] provider FAILED
[2021-05-06 10:55:12.991] [exthost] [error] undefined
[2021-05-06 11:02:40.158] [exthost] [info] extension host terminating: received terminate message from renderer
[2021-05-06 11:02:41.170] [exthost] [info] exiting with code 0
