[2021-05-11 09:31:52.618] [renderer1] [error] net::ERR_INTERNET_DISCONNECTED: Error: net::ERR_INTERNET_DISCONNECTED
    at SimpleURLLoaderWrapper.<anonymous> (electron/js2c/browser_init.js:109:6508)
    at SimpleURLLoaderWrapper.emit (events.js:315:20)
[2021-05-11 09:31:54.825] [renderer1] [error] 알 수 없는 오류가 발생했습니다. 자세한 내용은 로그를 참조하세요.
[2021-05-11 09:33:53.218] [renderer1] [error] 알 수 없는 오류가 발생했습니다. 자세한 내용은 로그를 참조하세요.
[2021-05-11 09:33:57.497] [renderer1] [error] 알 수 없는 오류가 발생했습니다. 자세한 내용은 로그를 참조하세요.
[2021-05-11 09:33:59.522] [renderer1] [error] 알 수 없는 오류가 발생했습니다. 자세한 내용은 로그를 참조하세요.
[2021-05-11 09:34:01.705] [renderer1] [error] 알 수 없는 오류가 발생했습니다. 자세한 내용은 로그를 참조하세요.
[2021-05-11 09:34:04.358] [renderer1] [error] 알 수 없는 오류가 발생했습니다. 자세한 내용은 로그를 참조하세요.
[2021-05-11 09:34:06.594] [renderer1] [error] 알 수 없는 오류가 발생했습니다. 자세한 내용은 로그를 참조하세요.
[2021-05-11 09:34:10.859] [renderer1] [error] 알 수 없는 오류가 발생했습니다. 자세한 내용은 로그를 참조하세요.
[2021-05-11 09:34:20.914] [renderer1] [error] 알 수 없는 오류가 발생했습니다. 자세한 내용은 로그를 참조하세요.
[2021-05-11 09:34:27.703] [renderer1] [error] 알 수 없는 오류가 발생했습니다. 자세한 내용은 로그를 참조하세요.
[2021-05-11 09:34:50.870] [renderer1] [error] 알 수 없는 오류가 발생했습니다. 자세한 내용은 로그를 참조하세요.
[2021-05-11 09:34:53.960] [renderer1] [error] [text file model] handleSaveError(47) - exit - resulted in a save error: Error: 파일 '/home/kist/Mobile_Robot-main/kist/src/subsrc/controller.cpp'(Error: 파일 수정됨)을(를) 쓸 수 없음 file:///home/kist/Mobile_Robot-main/kist/src/subsrc/controller.cpp
[2021-05-11 09:35:11.756] [renderer1] [error] [text file model] handleSaveError(47) - exit - resulted in a save error: Error: 파일 '/home/kist/Mobile_Robot-main/kist/src/subsrc/controller.cpp'(Error: 파일 수정됨)을(를) 쓸 수 없음 file:///home/kist/Mobile_Robot-main/kist/src/subsrc/controller.cpp
[2021-05-11 09:35:22.264] [renderer1] [error] [text file model] handleSaveError(47) - exit - resulted in a save error: Error: 파일 '/home/kist/Mobile_Robot-main/kist/src/subsrc/controller.cpp'(Error: 파일 수정됨)을(를) 쓸 수 없음 file:///home/kist/Mobile_Robot-main/kist/src/subsrc/controller.cpp
[2021-05-11 09:35:31.186] [renderer1] [error] [text file model] handleSaveError(47) - exit - resulted in a save error: Error: 파일 '/home/kist/Mobile_Robot-main/kist/src/subsrc/controller.cpp'(Error: 파일 수정됨)을(를) 쓸 수 없음 file:///home/kist/Mobile_Robot-main/kist/src/subsrc/controller.cpp
[2021-05-11 09:35:31.817] [renderer1] [error] [text file model] handleSaveError(47) - exit - resulted in a save error: Error: 파일 '/home/kist/Mobile_Robot-main/kist/src/subsrc/controller.cpp'(Error: 파일 수정됨)을(를) 쓸 수 없음 file:///home/kist/Mobile_Robot-main/kist/src/subsrc/controller.cpp
[2021-05-11 09:35:33.312] [renderer1] [error] [text file model] handleSaveError(47) - exit - resulted in a save error: Error: 파일 '/home/kist/Mobile_Robot-main/kist/src/subsrc/controller.cpp'(Error: 파일 수정됨)을(를) 쓸 수 없음 file:///home/kist/Mobile_Robot-main/kist/src/subsrc/controller.cpp
[2021-05-11 09:35:45.744] [renderer1] [error] 알 수 없는 오류가 발생했습니다. 자세한 내용은 로그를 참조하세요.
[2021-05-11 09:36:22.417] [renderer1] [error] [text file model] handleSaveError(52) - exit - resulted in a save error: Error: 파일 '/home/kist/Mobile_Robot-main/kist/src/subsrc/controller.cpp'(Error: 파일 수정됨)을(를) 쓸 수 없음 file:///home/kist/Mobile_Robot-main/kist/src/subsrc/controller.cpp
[2021-05-11 09:36:30.516] [renderer1] [error] 알 수 없는 오류가 발생했습니다. 자세한 내용은 로그를 참조하세요.
[2021-05-11 09:36:55.726] [renderer1] [error] 알 수 없는 오류가 발생했습니다. 자세한 내용은 로그를 참조하세요.
[2021-05-11 09:37:00.039] [renderer1] [error] 알 수 없는 오류가 발생했습니다. 자세한 내용은 로그를 참조하세요.
[2021-05-11 09:37:11.190] [renderer1] [error] 알 수 없는 오류가 발생했습니다. 자세한 내용은 로그를 참조하세요.
[2021-05-11 09:37:13.064] [renderer1] [error] 알 수 없는 오류가 발생했습니다. 자세한 내용은 로그를 참조하세요.
[2021-05-11 09:37:29.889] [renderer1] [error] 알 수 없는 오류가 발생했습니다. 자세한 내용은 로그를 참조하세요.
[2021-05-11 09:37:34.712] [renderer1] [error] 알 수 없는 오류가 발생했습니다. 자세한 내용은 로그를 참조하세요.
[2021-05-11 09:37:38.883] [renderer1] [error] 알 수 없는 오류가 발생했습니다. 자세한 내용은 로그를 참조하세요.
[2021-05-11 09:37:56.004] [renderer1] [error] 알 수 없는 오류가 발생했습니다. 자세한 내용은 로그를 참조하세요.
[2021-05-11 09:37:57.970] [renderer1] [error] 알 수 없는 오류가 발생했습니다. 자세한 내용은 로그를 참조하세요.
[2021-05-11 09:38:10.665] [renderer1] [error] 알 수 없는 오류가 발생했습니다. 자세한 내용은 로그를 참조하세요.
[2021-05-11 09:38:34.764] [renderer1] [error] 알 수 없는 오류가 발생했습니다. 자세한 내용은 로그를 참조하세요.
[2021-05-11 09:38:38.575] [renderer1] [error] 알 수 없는 오류가 발생했습니다. 자세한 내용은 로그를 참조하세요.
[2021-05-11 09:38:40.753] [renderer1] [error] 알 수 없는 오류가 발생했습니다. 자세한 내용은 로그를 참조하세요.
[2021-05-11 09:38:51.293] [renderer1] [error] 알 수 없는 오류가 발생했습니다. 자세한 내용은 로그를 참조하세요.
[2021-05-11 09:38:59.749] [renderer1] [error] 알 수 없는 오류가 발생했습니다. 자세한 내용은 로그를 참조하세요.
[2021-05-11 09:39:01.751] [renderer1] [error] 알 수 없는 오류가 발생했습니다. 자세한 내용은 로그를 참조하세요.
[2021-05-11 09:39:05.740] [renderer1] [error] 알 수 없는 오류가 발생했습니다. 자세한 내용은 로그를 참조하세요.
[2021-05-11 09:39:16.887] [renderer1] [error] 알 수 없는 오류가 발생했습니다. 자세한 내용은 로그를 참조하세요.
[2021-05-11 09:39:48.585] [renderer1] [error] 알 수 없는 오류가 발생했습니다. 자세한 내용은 로그를 참조하세요.
[2021-05-11 09:39:55.869] [renderer1] [error] 알 수 없는 오류가 발생했습니다. 자세한 내용은 로그를 참조하세요.
[2021-05-11 09:40:02.045] [renderer1] [error] 알 수 없는 오류가 발생했습니다. 자세한 내용은 로그를 참조하세요.
[2021-05-11 09:40:06.660] [renderer1] [error] 알 수 없는 오류가 발생했습니다. 자세한 내용은 로그를 참조하세요.
[2021-05-11 09:40:17.020] [renderer1] [error] 알 수 없는 오류가 발생했습니다. 자세한 내용은 로그를 참조하세요.
[2021-05-11 14:30:37.835] [renderer1] [error] 알 수 없는 오류가 발생했습니다. 자세한 내용은 로그를 참조하세요.
[2021-05-11 15:00:52.298] [renderer1] [error] 알 수 없는 오류가 발생했습니다. 자세한 내용은 로그를 참조하세요.
[2021-05-11 15:01:22.429] [renderer1] [error] 알 수 없는 오류가 발생했습니다. 자세한 내용은 로그를 참조하세요.
[2021-05-11 15:01:31.457] [renderer1] [error] 알 수 없는 오류가 발생했습니다. 자세한 내용은 로그를 참조하세요.
[2021-05-11 15:01:35.483] [renderer1] [error] 알 수 없는 오류가 발생했습니다. 자세한 내용은 로그를 참조하세요.
[2021-05-11 15:02:12.408] [renderer1] [error] 알 수 없는 오류가 발생했습니다. 자세한 내용은 로그를 참조하세요.
[2021-05-11 15:02:19.790] [renderer1] [error] 알 수 없는 오류가 발생했습니다. 자세한 내용은 로그를 참조하세요.
[2021-05-11 15:02:20.889] [renderer1] [error] 알 수 없는 오류가 발생했습니다. 자세한 내용은 로그를 참조하세요.
[2021-05-11 15:02:35.669] [renderer1] [error] 알 수 없는 오류가 발생했습니다. 자세한 내용은 로그를 참조하세요.
[2021-05-11 15:02:44.493] [renderer1] [error] 알 수 없는 오류가 발생했습니다. 자세한 내용은 로그를 참조하세요.
[2021-05-11 15:02:49.391] [renderer1] [error] 알 수 없는 오류가 발생했습니다. 자세한 내용은 로그를 참조하세요.
[2021-05-11 15:02:55.671] [renderer1] [error] 알 수 없는 오류가 발생했습니다. 자세한 내용은 로그를 참조하세요.
[2021-05-11 15:03:01.407] [renderer1] [error] 알 수 없는 오류가 발생했습니다. 자세한 내용은 로그를 참조하세요.
[2021-05-11 15:03:06.722] [renderer1] [error] 알 수 없는 오류가 발생했습니다. 자세한 내용은 로그를 참조하세요.
[2021-05-11 15:03:13.039] [renderer1] [error] 알 수 없는 오류가 발생했습니다. 자세한 내용은 로그를 참조하세요.
[2021-05-11 15:03:20.774] [renderer1] [error] 알 수 없는 오류가 발생했습니다. 자세한 내용은 로그를 참조하세요.
[2021-05-11 15:03:31.516] [renderer1] [error] 알 수 없는 오류가 발생했습니다. 자세한 내용은 로그를 참조하세요.
[2021-05-11 15:03:40.887] [renderer1] [error] 알 수 없는 오류가 발생했습니다. 자세한 내용은 로그를 참조하세요.
[2021-05-11 15:03:46.425] [renderer1] [error] 알 수 없는 오류가 발생했습니다. 자세한 내용은 로그를 참조하세요.
[2021-05-11 15:03:53.584] [renderer1] [error] 알 수 없는 오류가 발생했습니다. 자세한 내용은 로그를 참조하세요.
[2021-05-11 15:03:59.189] [renderer1] [error] 알 수 없는 오류가 발생했습니다. 자세한 내용은 로그를 참조하세요.
[2021-05-11 15:04:10.832] [renderer1] [error] 알 수 없는 오류가 발생했습니다. 자세한 내용은 로그를 참조하세요.
[2021-05-11 15:04:28.268] [renderer1] [error] 알 수 없는 오류가 발생했습니다. 자세한 내용은 로그를 참조하세요.
[2021-05-11 15:04:33.702] [renderer1] [error] 알 수 없는 오류가 발생했습니다. 자세한 내용은 로그를 참조하세요.
[2021-05-11 15:04:39.549] [renderer1] [error] 알 수 없는 오류가 발생했습니다. 자세한 내용은 로그를 참조하세요.
[2021-05-11 15:04:40.869] [renderer1] [error] 알 수 없는 오류가 발생했습니다. 자세한 내용은 로그를 참조하세요.
[2021-05-11 15:04:55.552] [renderer1] [error] 알 수 없는 오류가 발생했습니다. 자세한 내용은 로그를 참조하세요.
[2021-05-11 15:05:01.916] [renderer1] [error] 알 수 없는 오류가 발생했습니다. 자세한 내용은 로그를 참조하세요.
[2021-05-11 15:05:08.405] [renderer1] [error] 알 수 없는 오류가 발생했습니다. 자세한 내용은 로그를 참조하세요.
[2021-05-11 15:05:21.286] [renderer1] [error] 알 수 없는 오류가 발생했습니다. 자세한 내용은 로그를 참조하세요.
[2021-05-11 15:05:23.386] [renderer1] [error] 알 수 없는 오류가 발생했습니다. 자세한 내용은 로그를 참조하세요.
[2021-05-11 15:05:37.905] [renderer1] [error] 알 수 없는 오류가 발생했습니다. 자세한 내용은 로그를 참조하세요.
[2021-05-11 15:06:12.116] [renderer1] [error] 알 수 없는 오류가 발생했습니다. 자세한 내용은 로그를 참조하세요.
[2021-05-11 15:06:36.638] [renderer1] [error] 알 수 없는 오류가 발생했습니다. 자세한 내용은 로그를 참조하세요.
[2021-05-11 15:06:42.886] [renderer1] [error] 알 수 없는 오류가 발생했습니다. 자세한 내용은 로그를 참조하세요.
[2021-05-11 15:06:44.439] [renderer1] [error] 알 수 없는 오류가 발생했습니다. 자세한 내용은 로그를 참조하세요.
[2021-05-11 15:06:46.712] [renderer1] [error] 알 수 없는 오류가 발생했습니다. 자세한 내용은 로그를 참조하세요.
[2021-05-11 15:06:49.547] [renderer1] [error] 알 수 없는 오류가 발생했습니다. 자세한 내용은 로그를 참조하세요.
[2021-05-11 15:07:02.704] [renderer1] [error] 알 수 없는 오류가 발생했습니다. 자세한 내용은 로그를 참조하세요.
[2021-05-11 15:07:03.717] [renderer1] [error] 알 수 없는 오류가 발생했습니다. 자세한 내용은 로그를 참조하세요.
[2021-05-11 15:07:07.100] [renderer1] [error] 알 수 없는 오류가 발생했습니다. 자세한 내용은 로그를 참조하세요.
[2021-05-11 15:07:09.947] [renderer1] [error] 알 수 없는 오류가 발생했습니다. 자세한 내용은 로그를 참조하세요.
[2021-05-11 15:07:11.179] [renderer1] [error] 알 수 없는 오류가 발생했습니다. 자세한 내용은 로그를 참조하세요.
[2021-05-11 15:07:12.549] [renderer1] [error] 알 수 없는 오류가 발생했습니다. 자세한 내용은 로그를 참조하세요.
[2021-05-11 15:07:23.815] [renderer1] [error] 알 수 없는 오류가 발생했습니다. 자세한 내용은 로그를 참조하세요.
[2021-05-11 15:07:34.444] [renderer1] [error] 알 수 없는 오류가 발생했습니다. 자세한 내용은 로그를 참조하세요.
[2021-05-11 15:07:43.849] [renderer1] [error] 알 수 없는 오류가 발생했습니다. 자세한 내용은 로그를 참조하세요.
[2021-05-11 15:07:45.864] [renderer1] [error] 알 수 없는 오류가 발생했습니다. 자세한 내용은 로그를 참조하세요.
[2021-05-11 15:07:56.493] [renderer1] [error] 알 수 없는 오류가 발생했습니다. 자세한 내용은 로그를 참조하세요.
[2021-05-11 15:07:58.912] [renderer1] [error] 알 수 없는 오류가 발생했습니다. 자세한 내용은 로그를 참조하세요.
[2021-05-11 15:08:46.540] [renderer1] [error] 알 수 없는 오류가 발생했습니다. 자세한 내용은 로그를 참조하세요.
[2021-05-11 15:08:54.741] [renderer1] [error] 알 수 없는 오류가 발생했습니다. 자세한 내용은 로그를 참조하세요.
[2021-05-11 15:09:10.023] [renderer1] [error] 알 수 없는 오류가 발생했습니다. 자세한 내용은 로그를 참조하세요.
[2021-05-11 15:09:12.956] [renderer1] [error] 알 수 없는 오류가 발생했습니다. 자세한 내용은 로그를 참조하세요.
[2021-05-11 15:09:14.800] [renderer1] [error] 알 수 없는 오류가 발생했습니다. 자세한 내용은 로그를 참조하세요.
[2021-05-11 15:09:16.991] [renderer1] [error] 알 수 없는 오류가 발생했습니다. 자세한 내용은 로그를 참조하세요.
[2021-05-11 15:09:25.386] [renderer1] [error] 알 수 없는 오류가 발생했습니다. 자세한 내용은 로그를 참조하세요.
[2021-05-11 15:09:26.803] [renderer1] [error] 알 수 없는 오류가 발생했습니다. 자세한 내용은 로그를 참조하세요.
[2021-05-11 15:09:38.558] [renderer1] [error] 알 수 없는 오류가 발생했습니다. 자세한 내용은 로그를 참조하세요.
[2021-05-11 15:09:41.163] [renderer1] [error] 알 수 없는 오류가 발생했습니다. 자세한 내용은 로그를 참조하세요.
[2021-05-11 15:09:42.881] [renderer1] [error] 알 수 없는 오류가 발생했습니다. 자세한 내용은 로그를 참조하세요.
[2021-05-11 15:09:46.758] [renderer1] [error] 알 수 없는 오류가 발생했습니다. 자세한 내용은 로그를 참조하세요.
[2021-05-11 15:09:48.340] [renderer1] [error] 알 수 없는 오류가 발생했습니다. 자세한 내용은 로그를 참조하세요.
[2021-05-11 15:09:49.495] [renderer1] [error] 알 수 없는 오류가 발생했습니다. 자세한 내용은 로그를 참조하세요.
[2021-05-11 15:09:50.739] [renderer1] [error] 알 수 없는 오류가 발생했습니다. 자세한 내용은 로그를 참조하세요.
[2021-05-11 15:09:52.461] [renderer1] [error] 알 수 없는 오류가 발생했습니다. 자세한 내용은 로그를 참조하세요.
[2021-05-11 15:09:54.319] [renderer1] [error] 알 수 없는 오류가 발생했습니다. 자세한 내용은 로그를 참조하세요.
[2021-05-11 15:09:55.711] [renderer1] [error] 알 수 없는 오류가 발생했습니다. 자세한 내용은 로그를 참조하세요.
[2021-05-11 15:09:57.458] [renderer1] [error] 알 수 없는 오류가 발생했습니다. 자세한 내용은 로그를 참조하세요.
[2021-05-11 15:10:00.932] [renderer1] [error] 알 수 없는 오류가 발생했습니다. 자세한 내용은 로그를 참조하세요.
[2021-05-11 15:10:03.626] [renderer1] [error] 알 수 없는 오류가 발생했습니다. 자세한 내용은 로그를 참조하세요.
[2021-05-11 15:10:21.418] [renderer1] [error] 알 수 없는 오류가 발생했습니다. 자세한 내용은 로그를 참조하세요.
[2021-05-11 15:10:26.393] [renderer1] [error] 알 수 없는 오류가 발생했습니다. 자세한 내용은 로그를 참조하세요.
[2021-05-11 15:10:33.264] [renderer1] [error] 알 수 없는 오류가 발생했습니다. 자세한 내용은 로그를 참조하세요.
[2021-05-11 15:10:35.709] [renderer1] [error] 알 수 없는 오류가 발생했습니다. 자세한 내용은 로그를 참조하세요.
[2021-05-11 15:10:42.228] [renderer1] [error] 알 수 없는 오류가 발생했습니다. 자세한 내용은 로그를 참조하세요.
[2021-05-11 15:10:46.854] [renderer1] [error] 알 수 없는 오류가 발생했습니다. 자세한 내용은 로그를 참조하세요.
[2021-05-11 15:10:52.616] [renderer1] [error] 알 수 없는 오류가 발생했습니다. 자세한 내용은 로그를 참조하세요.
[2021-05-11 15:12:06.682] [renderer1] [error] 알 수 없는 오류가 발생했습니다. 자세한 내용은 로그를 참조하세요.
[2021-05-11 15:12:19.038] [renderer1] [error] 알 수 없는 오류가 발생했습니다. 자세한 내용은 로그를 참조하세요.
[2021-05-11 15:12:22.672] [renderer1] [error] 알 수 없는 오류가 발생했습니다. 자세한 내용은 로그를 참조하세요.
[2021-05-11 15:12:24.348] [renderer1] [error] 알 수 없는 오류가 발생했습니다. 자세한 내용은 로그를 참조하세요.
[2021-05-11 15:12:37.860] [renderer1] [error] 알 수 없는 오류가 발생했습니다. 자세한 내용은 로그를 참조하세요.
[2021-05-11 15:12:39.372] [renderer1] [error] 알 수 없는 오류가 발생했습니다. 자세한 내용은 로그를 참조하세요.
[2021-05-11 15:14:24.398] [renderer1] [error] 알 수 없는 오류가 발생했습니다. 자세한 내용은 로그를 참조하세요.
[2021-05-11 15:14:40.253] [renderer1] [error] 알 수 없는 오류가 발생했습니다. 자세한 내용은 로그를 참조하세요.
[2021-05-11 15:14:41.425] [renderer1] [error] 알 수 없는 오류가 발생했습니다. 자세한 내용은 로그를 참조하세요.
[2021-05-11 15:14:45.505] [renderer1] [error] 알 수 없는 오류가 발생했습니다. 자세한 내용은 로그를 참조하세요.
[2021-05-11 15:14:46.876] [renderer1] [error] 알 수 없는 오류가 발생했습니다. 자세한 내용은 로그를 참조하세요.
[2021-05-11 15:14:53.001] [renderer1] [error] 알 수 없는 오류가 발생했습니다. 자세한 내용은 로그를 참조하세요.
[2021-05-11 15:14:54.122] [renderer1] [error] 알 수 없는 오류가 발생했습니다. 자세한 내용은 로그를 참조하세요.
[2021-05-11 15:14:56.541] [renderer1] [error] 알 수 없는 오류가 발생했습니다. 자세한 내용은 로그를 참조하세요.
[2021-05-11 15:15:01.663] [renderer1] [error] 알 수 없는 오류가 발생했습니다. 자세한 내용은 로그를 참조하세요.
[2021-05-11 15:15:18.863] [renderer1] [error] 알 수 없는 오류가 발생했습니다. 자세한 내용은 로그를 참조하세요.
[2021-05-11 15:16:19.270] [renderer1] [error] 알 수 없는 오류가 발생했습니다. 자세한 내용은 로그를 참조하세요.
[2021-05-11 15:16:24.328] [renderer1] [error] 알 수 없는 오류가 발생했습니다. 자세한 내용은 로그를 참조하세요.
[2021-05-11 15:16:26.203] [renderer1] [error] 알 수 없는 오류가 발생했습니다. 자세한 내용은 로그를 참조하세요.
[2021-05-11 15:16:30.132] [renderer1] [error] 알 수 없는 오류가 발생했습니다. 자세한 내용은 로그를 참조하세요.
[2021-05-11 15:16:32.631] [renderer1] [error] 알 수 없는 오류가 발생했습니다. 자세한 내용은 로그를 참조하세요.
[2021-05-11 15:16:36.497] [renderer1] [error] 알 수 없는 오류가 발생했습니다. 자세한 내용은 로그를 참조하세요.
[2021-05-11 15:16:42.461] [renderer1] [error] 알 수 없는 오류가 발생했습니다. 자세한 내용은 로그를 참조하세요.
[2021-05-11 15:16:45.743] [renderer1] [error] 알 수 없는 오류가 발생했습니다. 자세한 내용은 로그를 참조하세요.
[2021-05-11 15:16:48.335] [renderer1] [error] 알 수 없는 오류가 발생했습니다. 자세한 내용은 로그를 참조하세요.
[2021-05-11 15:16:49.908] [renderer1] [error] 알 수 없는 오류가 발생했습니다. 자세한 내용은 로그를 참조하세요.
[2021-05-11 15:16:50.726] [renderer1] [error] 파일 '/home/kist/Mobile_Robot-main/kist/test/src/subsrc/packet_handler.cpp'(Error: 존재하지 않는 파일 '/home/kist/Mobile_Robot-main/kist/test/src/subsrc/packet_handler.cpp'을(를) 확인할 수 없습니다.)을(를) 읽을 수 없음: Error: 파일 '/home/kist/Mobile_Robot-main/kist/test/src/subsrc/packet_handler.cpp'(Error: 존재하지 않는 파일 '/home/kist/Mobile_Robot-main/kist/test/src/subsrc/packet_handler.cpp'을(를) 확인할 수 없습니다.)을(를) 읽을 수 없음
    at o.doReadFileStream (file:///usr/share/code/resources/app/out/vs/workbench/workbench.desktop.main.js:626:48867)
    at async E.doRead (file:///usr/share/code/resources/app/out/vs/workbench/workbench.desktop.main.js:2151:80864)
    at async E.readStream (file:///usr/share/code/resources/app/out/vs/workbench/workbench.desktop.main.js:2151:80510)
    at async kr.loadFromFile (file:///usr/share/code/resources/app/out/vs/workbench/workbench.desktop.main.js:2149:49103)
[2021-05-11 15:16:50.797] [renderer1] [error] 알 수 없는 오류가 발생했습니다. 자세한 내용은 로그를 참조하세요.
[2021-05-11 15:16:52.274] [renderer1] [error] 알 수 없는 오류가 발생했습니다. 자세한 내용은 로그를 참조하세요.
[2021-05-11 15:16:55.372] [renderer1] [error] 알 수 없는 오류가 발생했습니다. 자세한 내용은 로그를 참조하세요.
[2021-05-11 15:17:04.653] [renderer1] [error] 알 수 없는 오류가 발생했습니다. 자세한 내용은 로그를 참조하세요.
[2021-05-11 15:17:07.100] [renderer1] [error] 알 수 없는 오류가 발생했습니다. 자세한 내용은 로그를 참조하세요.
[2021-05-11 15:17:08.500] [renderer1] [error] 알 수 없는 오류가 발생했습니다. 자세한 내용은 로그를 참조하세요.
[2021-05-11 15:17:55.912] [renderer1] [error] 알 수 없는 오류가 발생했습니다. 자세한 내용은 로그를 참조하세요.
[2021-05-11 15:17:57.286] [renderer1] [error] 알 수 없는 오류가 발생했습니다. 자세한 내용은 로그를 참조하세요.
[2021-05-11 15:18:04.031] [renderer1] [error] 알 수 없는 오류가 발생했습니다. 자세한 내용은 로그를 참조하세요.
[2021-05-11 15:18:06.136] [renderer1] [error] 알 수 없는 오류가 발생했습니다. 자세한 내용은 로그를 참조하세요.
[2021-05-11 15:18:12.096] [renderer1] [error] 알 수 없는 오류가 발생했습니다. 자세한 내용은 로그를 참조하세요.
[2021-05-11 15:18:15.222] [renderer1] [error] 알 수 없는 오류가 발생했습니다. 자세한 내용은 로그를 참조하세요.
[2021-05-11 15:18:16.250] [renderer1] [error] 알 수 없는 오류가 발생했습니다. 자세한 내용은 로그를 참조하세요.
[2021-05-11 15:18:18.567] [renderer1] [error] 알 수 없는 오류가 발생했습니다. 자세한 내용은 로그를 참조하세요.
[2021-05-11 15:18:43.614] [renderer1] [error] 알 수 없는 오류가 발생했습니다. 자세한 내용은 로그를 참조하세요.
[2021-05-11 15:19:28.278] [renderer1] [error] 알 수 없는 오류가 발생했습니다. 자세한 내용은 로그를 참조하세요.
[2021-05-11 15:19:31.463] [renderer1] [error] 알 수 없는 오류가 발생했습니다. 자세한 내용은 로그를 참조하세요.
[2021-05-11 15:20:04.664] [renderer1] [error] 알 수 없는 오류가 발생했습니다. 자세한 내용은 로그를 참조하세요.
[2021-05-11 15:20:07.703] [renderer1] [error] 알 수 없는 오류가 발생했습니다. 자세한 내용은 로그를 참조하세요.
[2021-05-11 15:20:50.681] [renderer1] [error] 알 수 없는 오류가 발생했습니다. 자세한 내용은 로그를 참조하세요.
[2021-05-11 15:20:55.155] [renderer1] [error] 알 수 없는 오류가 발생했습니다. 자세한 내용은 로그를 참조하세요.
[2021-05-11 15:20:57.009] [renderer1] [error] 알 수 없는 오류가 발생했습니다. 자세한 내용은 로그를 참조하세요.
[2021-05-11 15:21:01.475] [renderer1] [error] 알 수 없는 오류가 발생했습니다. 자세한 내용은 로그를 참조하세요.
[2021-05-11 15:21:09.645] [renderer1] [error] 알 수 없는 오류가 발생했습니다. 자세한 내용은 로그를 참조하세요.
[2021-05-11 15:21:13.839] [renderer1] [error] 알 수 없는 오류가 발생했습니다. 자세한 내용은 로그를 참조하세요.
[2021-05-11 15:21:18.077] [renderer1] [error] 알 수 없는 오류가 발생했습니다. 자세한 내용은 로그를 참조하세요.
[2021-05-11 15:21:42.144] [renderer1] [error] 알 수 없는 오류가 발생했습니다. 자세한 내용은 로그를 참조하세요.
[2021-05-11 15:22:01.356] [renderer1] [error] 알 수 없는 오류가 발생했습니다. 자세한 내용은 로그를 참조하세요.
[2021-05-11 16:27:42.921] [renderer1] [error] 알 수 없는 오류가 발생했습니다. 자세한 내용은 로그를 참조하세요.
[2021-05-11 16:31:25.941] [renderer1] [error] 알 수 없는 오류가 발생했습니다. 자세한 내용은 로그를 참조하세요.
[2021-05-11 16:31:28.554] [renderer1] [error] 알 수 없는 오류가 발생했습니다. 자세한 내용은 로그를 참조하세요.
[2021-05-11 16:41:07.274] [renderer1] [error] 알 수 없는 오류가 발생했습니다. 자세한 내용은 로그를 참조하세요.
[2021-05-11 16:41:10.264] [renderer1] [error] 알 수 없는 오류가 발생했습니다. 자세한 내용은 로그를 참조하세요.
[2021-05-11 16:41:16.211] [renderer1] [error] 알 수 없는 오류가 발생했습니다. 자세한 내용은 로그를 참조하세요.
[2021-05-11 16:41:17.452] [renderer1] [error] 알 수 없는 오류가 발생했습니다. 자세한 내용은 로그를 참조하세요.
[2021-05-11 16:41:19.755] [renderer1] [error] 알 수 없는 오류가 발생했습니다. 자세한 내용은 로그를 참조하세요.
[2021-05-11 16:41:21.455] [renderer1] [error] 알 수 없는 오류가 발생했습니다. 자세한 내용은 로그를 참조하세요.
[2021-05-11 16:41:24.233] [renderer1] [error] 알 수 없는 오류가 발생했습니다. 자세한 내용은 로그를 참조하세요.
[2021-05-11 16:41:26.590] [renderer1] [error] 알 수 없는 오류가 발생했습니다. 자세한 내용은 로그를 참조하세요.
[2021-05-11 16:41:27.982] [renderer1] [error] 알 수 없는 오류가 발생했습니다. 자세한 내용은 로그를 참조하세요.
[2021-05-11 16:41:29.000] [renderer1] [error] 알 수 없는 오류가 발생했습니다. 자세한 내용은 로그를 참조하세요.
[2021-05-11 16:41:49.600] [renderer1] [error] 알 수 없는 오류가 발생했습니다. 자세한 내용은 로그를 참조하세요.
[2021-05-11 16:41:55.759] [renderer1] [error] 알 수 없는 오류가 발생했습니다. 자세한 내용은 로그를 참조하세요.
[2021-05-11 16:41:58.093] [renderer1] [error] 알 수 없는 오류가 발생했습니다. 자세한 내용은 로그를 참조하세요.
[2021-05-11 16:42:20.018] [renderer1] [error] 알 수 없는 오류가 발생했습니다. 자세한 내용은 로그를 참조하세요.
[2021-05-11 16:42:21.294] [renderer1] [error] 알 수 없는 오류가 발생했습니다. 자세한 내용은 로그를 참조하세요.
[2021-05-11 16:42:30.429] [renderer1] [error] 알 수 없는 오류가 발생했습니다. 자세한 내용은 로그를 참조하세요.
[2021-05-11 16:42:32.250] [renderer1] [error] 알 수 없는 오류가 발생했습니다. 자세한 내용은 로그를 참조하세요.
[2021-05-11 16:42:36.565] [renderer1] [error] 알 수 없는 오류가 발생했습니다. 자세한 내용은 로그를 참조하세요.
[2021-05-11 16:42:38.385] [renderer1] [error] 알 수 없는 오류가 발생했습니다. 자세한 내용은 로그를 참조하세요.
[2021-05-11 16:42:42.830] [renderer1] [error] 알 수 없는 오류가 발생했습니다. 자세한 내용은 로그를 참조하세요.
[2021-05-11 16:42:46.942] [renderer1] [error] 알 수 없는 오류가 발생했습니다. 자세한 내용은 로그를 참조하세요.
[2021-05-11 16:42:48.116] [renderer1] [error] 알 수 없는 오류가 발생했습니다. 자세한 내용은 로그를 참조하세요.
[2021-05-11 16:42:52.362] [renderer1] [error] 알 수 없는 오류가 발생했습니다. 자세한 내용은 로그를 참조하세요.
[2021-05-11 16:43:05.835] [renderer1] [error] 알 수 없는 오류가 발생했습니다. 자세한 내용은 로그를 참조하세요.
[2021-05-11 16:43:10.413] [renderer1] [error] 알 수 없는 오류가 발생했습니다. 자세한 내용은 로그를 참조하세요.
[2021-05-11 16:43:28.848] [renderer1] [error] 알 수 없는 오류가 발생했습니다. 자세한 내용은 로그를 참조하세요.
[2021-05-11 16:43:35.154] [renderer1] [error] 알 수 없는 오류가 발생했습니다. 자세한 내용은 로그를 참조하세요.
[2021-05-11 16:43:36.733] [renderer1] [error] 알 수 없는 오류가 발생했습니다. 자세한 내용은 로그를 참조하세요.
[2021-05-11 16:43:47.226] [renderer1] [error] 알 수 없는 오류가 발생했습니다. 자세한 내용은 로그를 참조하세요.
[2021-05-11 16:44:26.272] [renderer1] [error] 알 수 없는 오류가 발생했습니다. 자세한 내용은 로그를 참조하세요.
[2021-05-11 16:44:41.637] [renderer1] [error] 알 수 없는 오류가 발생했습니다. 자세한 내용은 로그를 참조하세요.
[2021-05-11 16:44:54.028] [renderer1] [error] 알 수 없는 오류가 발생했습니다. 자세한 내용은 로그를 참조하세요.
[2021-05-11 16:45:27.689] [renderer1] [error] 알 수 없는 오류가 발생했습니다. 자세한 내용은 로그를 참조하세요.
[2021-05-11 16:45:33.887] [renderer1] [error] 알 수 없는 오류가 발생했습니다. 자세한 내용은 로그를 참조하세요.
[2021-05-11 16:45:42.535] [renderer1] [error] 알 수 없는 오류가 발생했습니다. 자세한 내용은 로그를 참조하세요.
[2021-05-11 16:46:03.002] [renderer1] [error] 알 수 없는 오류가 발생했습니다. 자세한 내용은 로그를 참조하세요.
[2021-05-11 16:46:09.526] [renderer1] [error] 알 수 없는 오류가 발생했습니다. 자세한 내용은 로그를 참조하세요.
[2021-05-11 16:57:29.977] [renderer1] [error] 알 수 없는 오류가 발생했습니다. 자세한 내용은 로그를 참조하세요.
[2021-05-11 16:57:47.025] [renderer1] [error] 알 수 없는 오류가 발생했습니다. 자세한 내용은 로그를 참조하세요.
[2021-05-11 16:57:52.194] [renderer1] [error] 알 수 없는 오류가 발생했습니다. 자세한 내용은 로그를 참조하세요.
[2021-05-11 16:58:06.879] [renderer1] [error] 알 수 없는 오류가 발생했습니다. 자세한 내용은 로그를 참조하세요.
[2021-05-11 16:58:09.633] [renderer1] [error] 알 수 없는 오류가 발생했습니다. 자세한 내용은 로그를 참조하세요.
[2021-05-11 16:58:26.922] [renderer1] [error] 알 수 없는 오류가 발생했습니다. 자세한 내용은 로그를 참조하세요.
[2021-05-11 16:58:45.360] [renderer1] [error] 알 수 없는 오류가 발생했습니다. 자세한 내용은 로그를 참조하세요.
[2021-05-11 16:58:54.967] [renderer1] [error] 알 수 없는 오류가 발생했습니다. 자세한 내용은 로그를 참조하세요.
[2021-05-11 16:59:01.516] [renderer1] [error] 알 수 없는 오류가 발생했습니다. 자세한 내용은 로그를 참조하세요.
[2021-05-11 16:59:08.019] [renderer1] [error] 알 수 없는 오류가 발생했습니다. 자세한 내용은 로그를 참조하세요.
[2021-05-11 16:59:13.292] [renderer1] [error] 알 수 없는 오류가 발생했습니다. 자세한 내용은 로그를 참조하세요.
[2021-05-11 16:59:17.821] [renderer1] [error] 알 수 없는 오류가 발생했습니다. 자세한 내용은 로그를 참조하세요.
[2021-05-11 16:59:22.620] [renderer1] [error] 알 수 없는 오류가 발생했습니다. 자세한 내용은 로그를 참조하세요.
[2021-05-11 16:59:32.693] [renderer1] [error] 알 수 없는 오류가 발생했습니다. 자세한 내용은 로그를 참조하세요.
[2021-05-11 16:59:50.063] [renderer1] [error] 알 수 없는 오류가 발생했습니다. 자세한 내용은 로그를 참조하세요.
[2021-05-11 17:00:15.299] [renderer1] [error] 알 수 없는 오류가 발생했습니다. 자세한 내용은 로그를 참조하세요.
[2021-05-11 17:00:24.948] [renderer1] [error] 알 수 없는 오류가 발생했습니다. 자세한 내용은 로그를 참조하세요.
[2021-05-11 17:00:26.150] [renderer1] [error] 알 수 없는 오류가 발생했습니다. 자세한 내용은 로그를 참조하세요.
[2021-05-11 17:00:41.332] [renderer1] [error] 알 수 없는 오류가 발생했습니다. 자세한 내용은 로그를 참조하세요.
[2021-05-11 17:00:44.493] [renderer1] [error] 알 수 없는 오류가 발생했습니다. 자세한 내용은 로그를 참조하세요.
[2021-05-11 17:00:46.674] [renderer1] [error] 알 수 없는 오류가 발생했습니다. 자세한 내용은 로그를 참조하세요.
[2021-05-11 17:00:53.199] [renderer1] [error] 알 수 없는 오류가 발생했습니다. 자세한 내용은 로그를 참조하세요.
[2021-05-11 17:01:06.505] [renderer1] [error] 알 수 없는 오류가 발생했습니다. 자세한 내용은 로그를 참조하세요.
[2021-05-11 17:01:07.892] [renderer1] [error] 알 수 없는 오류가 발생했습니다. 자세한 내용은 로그를 참조하세요.
[2021-05-11 17:01:12.534] [renderer1] [error] 알 수 없는 오류가 발생했습니다. 자세한 내용은 로그를 참조하세요.
[2021-05-11 17:01:16.916] [renderer1] [error] 알 수 없는 오류가 발생했습니다. 자세한 내용은 로그를 참조하세요.
[2021-05-11 17:01:22.861] [renderer1] [error] 알 수 없는 오류가 발생했습니다. 자세한 내용은 로그를 참조하세요.
[2021-05-11 17:01:33.889] [renderer1] [error] 알 수 없는 오류가 발생했습니다. 자세한 내용은 로그를 참조하세요.
[2021-05-11 17:01:37.977] [renderer1] [error] 알 수 없는 오류가 발생했습니다. 자세한 내용은 로그를 참조하세요.
[2021-05-11 17:01:39.038] [renderer1] [error] 알 수 없는 오류가 발생했습니다. 자세한 내용은 로그를 참조하세요.
[2021-05-11 17:01:42.172] [renderer1] [error] 알 수 없는 오류가 발생했습니다. 자세한 내용은 로그를 참조하세요.
[2021-05-11 17:01:43.381] [renderer1] [error] 알 수 없는 오류가 발생했습니다. 자세한 내용은 로그를 참조하세요.
[2021-05-11 17:01:46.356] [renderer1] [error] 알 수 없는 오류가 발생했습니다. 자세한 내용은 로그를 참조하세요.
[2021-05-11 17:01:49.015] [renderer1] [error] 알 수 없는 오류가 발생했습니다. 자세한 내용은 로그를 참조하세요.
[2021-05-11 17:01:58.073] [renderer1] [error] 알 수 없는 오류가 발생했습니다. 자세한 내용은 로그를 참조하세요.
[2021-05-11 17:02:00.261] [renderer1] [error] 알 수 없는 오류가 발생했습니다. 자세한 내용은 로그를 참조하세요.
[2021-05-11 17:02:11.699] [renderer1] [error] 알 수 없는 오류가 발생했습니다. 자세한 내용은 로그를 참조하세요.
[2021-05-11 17:02:13.563] [renderer1] [error] 알 수 없는 오류가 발생했습니다. 자세한 내용은 로그를 참조하세요.
[2021-05-11 17:02:18.514] [renderer1] [error] 알 수 없는 오류가 발생했습니다. 자세한 내용은 로그를 참조하세요.
[2021-05-11 17:02:44.782] [renderer1] [error] 알 수 없는 오류가 발생했습니다. 자세한 내용은 로그를 참조하세요.
[2021-05-11 17:02:57.033] [renderer1] [error] 알 수 없는 오류가 발생했습니다. 자세한 내용은 로그를 참조하세요.
[2021-05-11 17:03:00.761] [renderer1] [error] 알 수 없는 오류가 발생했습니다. 자세한 내용은 로그를 참조하세요.
[2021-05-11 17:03:11.050] [renderer1] [error] 알 수 없는 오류가 발생했습니다. 자세한 내용은 로그를 참조하세요.
[2021-05-11 17:03:13.508] [renderer1] [error] 알 수 없는 오류가 발생했습니다. 자세한 내용은 로그를 참조하세요.
[2021-05-11 17:03:23.929] [renderer1] [error] 알 수 없는 오류가 발생했습니다. 자세한 내용은 로그를 참조하세요.
[2021-05-11 17:03:26.114] [renderer1] [error] 알 수 없는 오류가 발생했습니다. 자세한 내용은 로그를 참조하세요.
[2021-05-11 17:03:30.685] [renderer1] [error] 알 수 없는 오류가 발생했습니다. 자세한 내용은 로그를 참조하세요.
[2021-05-11 17:04:26.947] [renderer1] [error] 알 수 없는 오류가 발생했습니다. 자세한 내용은 로그를 참조하세요.
[2021-05-11 17:12:21.425] [renderer1] [error] 알 수 없는 오류가 발생했습니다. 자세한 내용은 로그를 참조하세요.
[2021-05-11 17:12:24.218] [renderer1] [error] 알 수 없는 오류가 발생했습니다. 자세한 내용은 로그를 참조하세요.
[2021-05-11 17:12:26.430] [renderer1] [error] 알 수 없는 오류가 발생했습니다. 자세한 내용은 로그를 참조하세요.
[2021-05-11 17:12:31.811] [renderer1] [error] 알 수 없는 오류가 발생했습니다. 자세한 내용은 로그를 참조하세요.
[2021-05-11 17:12:49.378] [renderer1] [error] 알 수 없는 오류가 발생했습니다. 자세한 내용은 로그를 참조하세요.
[2021-05-11 17:12:50.928] [renderer1] [error] 알 수 없는 오류가 발생했습니다. 자세한 내용은 로그를 참조하세요.
[2021-05-11 17:12:53.607] [renderer1] [error] 알 수 없는 오류가 발생했습니다. 자세한 내용은 로그를 참조하세요.
[2021-05-11 17:12:56.009] [renderer1] [error] 알 수 없는 오류가 발생했습니다. 자세한 내용은 로그를 참조하세요.
[2021-05-11 17:13:16.623] [renderer1] [error] 알 수 없는 오류가 발생했습니다. 자세한 내용은 로그를 참조하세요.
[2021-05-11 17:13:31.135] [renderer1] [error] 알 수 없는 오류가 발생했습니다. 자세한 내용은 로그를 참조하세요.
[2021-05-11 17:13:35.471] [renderer1] [error] 알 수 없는 오류가 발생했습니다. 자세한 내용은 로그를 참조하세요.
[2021-05-11 17:13:41.171] [renderer1] [error] 알 수 없는 오류가 발생했습니다. 자세한 내용은 로그를 참조하세요.
[2021-05-11 17:14:01.572] [renderer1] [error] 알 수 없는 오류가 발생했습니다. 자세한 내용은 로그를 참조하세요.
[2021-05-11 17:14:07.104] [renderer1] [error] 알 수 없는 오류가 발생했습니다. 자세한 내용은 로그를 참조하세요.
[2021-05-11 17:14:58.165] [renderer1] [error] 알 수 없는 오류가 발생했습니다. 자세한 내용은 로그를 참조하세요.
[2021-05-11 17:15:02.103] [renderer1] [error] 알 수 없는 오류가 발생했습니다. 자세한 내용은 로그를 참조하세요.
[2021-05-11 17:15:20.104] [renderer1] [error] 알 수 없는 오류가 발생했습니다. 자세한 내용은 로그를 참조하세요.
[2021-05-11 17:16:05.652] [renderer1] [error] 알 수 없는 오류가 발생했습니다. 자세한 내용은 로그를 참조하세요.
[2021-05-11 17:16:08.547] [renderer1] [error] 알 수 없는 오류가 발생했습니다. 자세한 내용은 로그를 참조하세요.
[2021-05-11 17:16:10.381] [renderer1] [error] 알 수 없는 오류가 발생했습니다. 자세한 내용은 로그를 참조하세요.
[2021-05-11 17:16:20.627] [renderer1] [error] 알 수 없는 오류가 발생했습니다. 자세한 내용은 로그를 참조하세요.
[2021-05-11 17:16:41.711] [renderer1] [error] 알 수 없는 오류가 발생했습니다. 자세한 내용은 로그를 참조하세요.
[2021-05-11 17:16:48.105] [renderer1] [error] 알 수 없는 오류가 발생했습니다. 자세한 내용은 로그를 참조하세요.
[2021-05-11 17:16:52.454] [renderer1] [error] 알 수 없는 오류가 발생했습니다. 자세한 내용은 로그를 참조하세요.
[2021-05-11 17:18:41.007] [renderer1] [error] 알 수 없는 오류가 발생했습니다. 자세한 내용은 로그를 참조하세요.
[2021-05-11 17:18:45.349] [renderer1] [error] 알 수 없는 오류가 발생했습니다. 자세한 내용은 로그를 참조하세요.
[2021-05-11 17:19:01.890] [renderer1] [error] 알 수 없는 오류가 발생했습니다. 자세한 내용은 로그를 참조하세요.
[2021-05-11 17:19:07.241] [renderer1] [error] 알 수 없는 오류가 발생했습니다. 자세한 내용은 로그를 참조하세요.
[2021-05-11 17:19:08.582] [renderer1] [error] 알 수 없는 오류가 발생했습니다. 자세한 내용은 로그를 참조하세요.
[2021-05-11 17:19:10.844] [renderer1] [error] 알 수 없는 오류가 발생했습니다. 자세한 내용은 로그를 참조하세요.
[2021-05-11 17:19:23.673] [renderer1] [error] 알 수 없는 오류가 발생했습니다. 자세한 내용은 로그를 참조하세요.
[2021-05-11 17:19:27.987] [renderer1] [error] 알 수 없는 오류가 발생했습니다. 자세한 내용은 로그를 참조하세요.
[2021-05-11 17:20:22.535] [renderer1] [error] 알 수 없는 오류가 발생했습니다. 자세한 내용은 로그를 참조하세요.
[2021-05-11 17:20:35.490] [renderer1] [error] 알 수 없는 오류가 발생했습니다. 자세한 내용은 로그를 참조하세요.
[2021-05-11 17:20:43.922] [renderer1] [error] 알 수 없는 오류가 발생했습니다. 자세한 내용은 로그를 참조하세요.
[2021-05-11 17:20:46.368] [renderer1] [error] 알 수 없는 오류가 발생했습니다. 자세한 내용은 로그를 참조하세요.
[2021-05-11 17:20:54.521] [renderer1] [error] 알 수 없는 오류가 발생했습니다. 자세한 내용은 로그를 참조하세요.
[2021-05-11 17:21:02.031] [renderer1] [error] 알 수 없는 오류가 발생했습니다. 자세한 내용은 로그를 참조하세요.
[2021-05-11 17:21:30.956] [renderer1] [error] 알 수 없는 오류가 발생했습니다. 자세한 내용은 로그를 참조하세요.
[2021-05-11 17:21:32.225] [renderer1] [error] 알 수 없는 오류가 발생했습니다. 자세한 내용은 로그를 참조하세요.
[2021-05-11 17:21:44.016] [renderer1] [error] 알 수 없는 오류가 발생했습니다. 자세한 내용은 로그를 참조하세요.
[2021-05-11 17:21:50.015] [renderer1] [error] 알 수 없는 오류가 발생했습니다. 자세한 내용은 로그를 참조하세요.
[2021-05-11 17:21:53.001] [renderer1] [error] 알 수 없는 오류가 발생했습니다. 자세한 내용은 로그를 참조하세요.
[2021-05-11 17:21:59.494] [renderer1] [error] 알 수 없는 오류가 발생했습니다. 자세한 내용은 로그를 참조하세요.
[2021-05-11 17:22:02.294] [renderer1] [error] 알 수 없는 오류가 발생했습니다. 자세한 내용은 로그를 참조하세요.
[2021-05-11 17:22:04.035] [renderer1] [error] 알 수 없는 오류가 발생했습니다. 자세한 내용은 로그를 참조하세요.
[2021-05-11 17:22:08.474] [renderer1] [error] 알 수 없는 오류가 발생했습니다. 자세한 내용은 로그를 참조하세요.
[2021-05-11 17:22:09.585] [renderer1] [error] 알 수 없는 오류가 발생했습니다. 자세한 내용은 로그를 참조하세요.
[2021-05-11 17:22:33.282] [renderer1] [error] 알 수 없는 오류가 발생했습니다. 자세한 내용은 로그를 참조하세요.
[2021-05-11 17:22:34.572] [renderer1] [error] 알 수 없는 오류가 발생했습니다. 자세한 내용은 로그를 참조하세요.
[2021-05-11 17:22:52.566] [renderer1] [error] 알 수 없는 오류가 발생했습니다. 자세한 내용은 로그를 참조하세요.
[2021-05-11 17:22:56.860] [renderer1] [error] 알 수 없는 오류가 발생했습니다. 자세한 내용은 로그를 참조하세요.
[2021-05-11 17:23:01.411] [renderer1] [error] 알 수 없는 오류가 발생했습니다. 자세한 내용은 로그를 참조하세요.
[2021-05-11 17:23:07.469] [renderer1] [error] 알 수 없는 오류가 발생했습니다. 자세한 내용은 로그를 참조하세요.
[2021-05-11 17:23:43.217] [renderer1] [error] 알 수 없는 오류가 발생했습니다. 자세한 내용은 로그를 참조하세요.
[2021-05-11 17:23:44.598] [renderer1] [error] 알 수 없는 오류가 발생했습니다. 자세한 내용은 로그를 참조하세요.
[2021-05-11 17:23:47.537] [renderer1] [error] 알 수 없는 오류가 발생했습니다. 자세한 내용은 로그를 참조하세요.
[2021-05-11 17:23:49.347] [renderer1] [error] 알 수 없는 오류가 발생했습니다. 자세한 내용은 로그를 참조하세요.
[2021-05-11 17:23:51.482] [renderer1] [error] 알 수 없는 오류가 발생했습니다. 자세한 내용은 로그를 참조하세요.
[2021-05-11 17:23:52.875] [renderer1] [error] 알 수 없는 오류가 발생했습니다. 자세한 내용은 로그를 참조하세요.
[2021-05-11 17:23:54.950] [renderer1] [error] 알 수 없는 오류가 발생했습니다. 자세한 내용은 로그를 참조하세요.
[2021-05-11 17:23:59.801] [renderer1] [error] 알 수 없는 오류가 발생했습니다. 자세한 내용은 로그를 참조하세요.
[2021-05-11 17:27:15.104] [renderer1] [error] 알 수 없는 오류가 발생했습니다. 자세한 내용은 로그를 참조하세요.
[2021-05-11 17:27:16.269] [renderer1] [error] 알 수 없는 오류가 발생했습니다. 자세한 내용은 로그를 참조하세요.
[2021-05-11 17:27:18.437] [renderer1] [error] 알 수 없는 오류가 발생했습니다. 자세한 내용은 로그를 참조하세요.
[2021-05-11 17:27:35.960] [renderer1] [error] 알 수 없는 오류가 발생했습니다. 자세한 내용은 로그를 참조하세요.
[2021-05-11 17:27:40.021] [renderer1] [error] 알 수 없는 오류가 발생했습니다. 자세한 내용은 로그를 참조하세요.
[2021-05-11 17:27:50.454] [renderer1] [error] 알 수 없는 오류가 발생했습니다. 자세한 내용은 로그를 참조하세요.
[2021-05-11 17:28:23.170] [renderer1] [error] 알 수 없는 오류가 발생했습니다. 자세한 내용은 로그를 참조하세요.
[2021-05-11 17:28:25.668] [renderer1] [error] 알 수 없는 오류가 발생했습니다. 자세한 내용은 로그를 참조하세요.
[2021-05-11 17:28:29.597] [renderer1] [error] 알 수 없는 오류가 발생했습니다. 자세한 내용은 로그를 참조하세요.
[2021-05-11 17:28:36.315] [renderer1] [error] 알 수 없는 오류가 발생했습니다. 자세한 내용은 로그를 참조하세요.
[2021-05-11 17:28:38.126] [renderer1] [error] 알 수 없는 오류가 발생했습니다. 자세한 내용은 로그를 참조하세요.
[2021-05-11 17:28:44.892] [renderer1] [error] 알 수 없는 오류가 발생했습니다. 자세한 내용은 로그를 참조하세요.
[2021-05-11 17:28:46.946] [renderer1] [error] 알 수 없는 오류가 발생했습니다. 자세한 내용은 로그를 참조하세요.
[2021-05-11 17:28:49.024] [renderer1] [error] 알 수 없는 오류가 발생했습니다. 자세한 내용은 로그를 참조하세요.
[2021-05-11 17:28:51.301] [renderer1] [error] 알 수 없는 오류가 발생했습니다. 자세한 내용은 로그를 참조하세요.
[2021-05-11 17:28:52.545] [renderer1] [error] 알 수 없는 오류가 발생했습니다. 자세한 내용은 로그를 참조하세요.
[2021-05-11 17:29:10.197] [renderer1] [error] 알 수 없는 오류가 발생했습니다. 자세한 내용은 로그를 참조하세요.
[2021-05-11 17:34:24.599] [renderer1] [error] 알 수 없는 오류가 발생했습니다. 자세한 내용은 로그를 참조하세요.
[2021-05-11 17:34:42.199] [renderer1] [error] 알 수 없는 오류가 발생했습니다. 자세한 내용은 로그를 참조하세요.
[2021-05-11 17:34:48.264] [renderer1] [error] 알 수 없는 오류가 발생했습니다. 자세한 내용은 로그를 참조하세요.
[2021-05-11 17:34:54.922] [renderer1] [error] 알 수 없는 오류가 발생했습니다. 자세한 내용은 로그를 참조하세요.
[2021-05-11 17:38:17.061] [renderer1] [error] 알 수 없는 오류가 발생했습니다. 자세한 내용은 로그를 참조하세요.
[2021-05-11 17:39:15.447] [renderer1] [error] 알 수 없는 오류가 발생했습니다. 자세한 내용은 로그를 참조하세요.
[2021-05-11 17:39:18.622] [renderer1] [error] 알 수 없는 오류가 발생했습니다. 자세한 내용은 로그를 참조하세요.
[2021-05-11 17:39:22.526] [renderer1] [error] 알 수 없는 오류가 발생했습니다. 자세한 내용은 로그를 참조하세요.
[2021-05-11 17:39:25.557] [renderer1] [error] 알 수 없는 오류가 발생했습니다. 자세한 내용은 로그를 참조하세요.
[2021-05-11 17:39:29.386] [renderer1] [error] 알 수 없는 오류가 발생했습니다. 자세한 내용은 로그를 참조하세요.
[2021-05-11 17:39:34.510] [renderer1] [error] 알 수 없는 오류가 발생했습니다. 자세한 내용은 로그를 참조하세요.
[2021-05-11 17:39:36.978] [renderer1] [error] 알 수 없는 오류가 발생했습니다. 자세한 내용은 로그를 참조하세요.
[2021-05-11 17:43:50.533] [renderer1] [error] 알 수 없는 오류가 발생했습니다. 자세한 내용은 로그를 참조하세요.
[2021-05-11 17:47:22.574] [renderer1] [error] 알 수 없는 오류가 발생했습니다. 자세한 내용은 로그를 참조하세요.
[2021-05-11 17:47:27.026] [renderer1] [error] 알 수 없는 오류가 발생했습니다. 자세한 내용은 로그를 참조하세요.
[2021-05-11 17:47:29.623] [renderer1] [error] 알 수 없는 오류가 발생했습니다. 자세한 내용은 로그를 참조하세요.
[2021-05-11 17:50:54.889] [renderer1] [error] 알 수 없는 오류가 발생했습니다. 자세한 내용은 로그를 참조하세요.
[2021-05-11 17:50:56.945] [renderer1] [error] 알 수 없는 오류가 발생했습니다. 자세한 내용은 로그를 참조하세요.
[2021-05-11 17:50:59.895] [renderer1] [error] 알 수 없는 오류가 발생했습니다. 자세한 내용은 로그를 참조하세요.
[2021-05-11 17:51:01.149] [renderer1] [error] 알 수 없는 오류가 발생했습니다. 자세한 내용은 로그를 참조하세요.
[2021-05-11 17:51:02.537] [renderer1] [error] 알 수 없는 오류가 발생했습니다. 자세한 내용은 로그를 참조하세요.
[2021-05-11 17:51:03.550] [renderer1] [error] 알 수 없는 오류가 발생했습니다. 자세한 내용은 로그를 참조하세요.
[2021-05-11 17:51:04.676] [renderer1] [error] 알 수 없는 오류가 발생했습니다. 자세한 내용은 로그를 참조하세요.
[2021-05-11 17:51:06.406] [renderer1] [error] 알 수 없는 오류가 발생했습니다. 자세한 내용은 로그를 참조하세요.
