[2021-05-06 17:24:23.400] [exthost] [info] extension host started
[2021-05-06 17:24:23.487] [exthost] [info] ExtensionService#_doActivateExtension vscode.microsoft-authentication {"startup":false,"extensionId":{"value":"vscode.microsoft-authentication","_lower":"vscode.microsoft-authentication"},"activationEvent":"onAuthenticationRequest:microsoft"}
[2021-05-06 17:24:23.487] [exthost] [info] ExtensionService#loadCommonJSModule file:///usr/share/code/resources/app/extensions/microsoft-authentication/dist/extension.js
[2021-05-06 17:24:23.501] [exthost] [info] ExtensionService#_doActivateExtension ms-vscode.cpptools {"startup":false,"extensionId":{"value":"ms-vscode.cpptools","_lower":"ms-vscode.cpptools"},"activationEvent":"onLanguage:cpp"}
[2021-05-06 17:24:23.501] [exthost] [info] ExtensionService#loadCommonJSModule file:///home/kist/.vscode/extensions/ms-vscode.cpptools-1.3.1/dist/main
[2021-05-06 17:24:23.587] [exthost] [info] ExtensionService#_doActivateExtension vscode.debug-auto-launch {"startup":true,"extensionId":{"value":"vscode.debug-auto-launch","_lower":"vscode.debug-auto-launch"},"activationEvent":"*"}
[2021-05-06 17:24:23.587] [exthost] [info] ExtensionService#loadCommonJSModule file:///usr/share/code/resources/app/extensions/debug-auto-launch/dist/extension
[2021-05-06 17:24:23.593] [exthost] [info] ExtensionService#_doActivateExtension vscode.git {"startup":true,"extensionId":{"value":"vscode.github","_lower":"vscode.github"},"activationEvent":"*"}
[2021-05-06 17:24:23.593] [exthost] [info] ExtensionService#loadCommonJSModule file:///usr/share/code/resources/app/extensions/git/dist/main
[2021-05-06 17:24:24.045] [exthost] [info] ExtensionService#_doActivateExtension ms-vscode.cmake-tools {"startup":true,"extensionId":{"value":"ms-vscode.cmake-tools","_lower":"ms-vscode.cmake-tools"},"activationEvent":"workspaceContains:**/CMakeLists.txt"}
[2021-05-06 17:24:24.045] [exthost] [info] ExtensionService#loadCommonJSModule file:///home/kist/.vscode/extensions/ms-vscode.cmake-tools-1.7.1/dist/main
[2021-05-06 17:24:24.174] [exthost] [info] ExtensionService#_doActivateExtension ms-vscode.js-debug {"startup":false,"extensionId":{"value":"ms-vscode.js-debug","_lower":"ms-vscode.js-debug"},"activationEvent":"onCommand:extension.js-debug.clearAutoAttachVariables"}
[2021-05-06 17:24:24.175] [exthost] [info] ExtensionService#loadCommonJSModule file:///usr/share/code/resources/app/extensions/ms-vscode.js-debug/src/extension.js
[2021-05-06 17:24:24.383] [exthost] [info] ExtensionService#_doActivateExtension vscode.github {"startup":true,"extensionId":{"value":"vscode.github","_lower":"vscode.github"},"activationEvent":"*"}
[2021-05-06 17:24:24.383] [exthost] [info] ExtensionService#loadCommonJSModule file:///usr/share/code/resources/app/extensions/github/dist/extension.js
[2021-05-06 17:24:24.497] [exthost] [info] ExtensionService#_doActivateExtension vscode.github-authentication {"startup":false,"extensionId":{"value":"vscode.github-authentication","_lower":"vscode.github-authentication"},"activationEvent":"onAuthenticationRequest:github"}
[2021-05-06 17:24:24.497] [exthost] [info] ExtensionService#loadCommonJSModule file:///usr/share/code/resources/app/extensions/github-authentication/dist/extension.js
[2021-05-06 17:24:24.514] [exthost] [info] ExtensionService#_doActivateExtension vscode.configuration-editing {"startup":false,"extensionId":{"value":"vscode.configuration-editing","_lower":"vscode.configuration-editing"},"activationEvent":"onLanguage:json"}
[2021-05-06 17:24:24.515] [exthost] [info] ExtensionService#loadCommonJSModule file:///usr/share/code/resources/app/extensions/configuration-editing/dist/configurationEditingMain
[2021-05-06 17:24:24.521] [exthost] [info] ExtensionService#_doActivateExtension vscode.extension-editing {"startup":false,"extensionId":{"value":"vscode.extension-editing","_lower":"vscode.extension-editing"},"activationEvent":"onLanguage:json"}
[2021-05-06 17:24:24.521] [exthost] [info] ExtensionService#loadCommonJSModule file:///usr/share/code/resources/app/extensions/extension-editing/dist/extensionEditingMain
[2021-05-06 17:24:24.533] [exthost] [info] ExtensionService#_doActivateExtension vscode.json-language-features {"startup":false,"extensionId":{"value":"vscode.json-language-features","_lower":"vscode.json-language-features"},"activationEvent":"onLanguage:json"}
[2021-05-06 17:24:24.533] [exthost] [info] ExtensionService#loadCommonJSModule file:///usr/share/code/resources/app/extensions/json-language-features/client/dist/node/jsonClientMain
[2021-05-06 17:24:24.564] [exthost] [info] ExtensionService#_doActivateExtension vscode.npm {"startup":false,"extensionId":{"value":"vscode.npm","_lower":"vscode.npm"},"activationEvent":"onLanguage:json"}
[2021-05-06 17:24:24.564] [exthost] [info] ExtensionService#loadCommonJSModule file:///usr/share/code/resources/app/extensions/npm/dist/npmMain
[2021-05-06 17:24:24.705] [exthost] [info] ExtensionService#_doActivateExtension vscode.typescript-language-features {"startup":false,"extensionId":{"value":"vscode.typescript-language-features","_lower":"vscode.typescript-language-features"},"activationEvent":"onLanguage:jsonc"}
[2021-05-06 17:24:24.705] [exthost] [info] ExtensionService#loadCommonJSModule file:///usr/share/code/resources/app/extensions/typescript-language-features/dist/extension
[2021-05-06 17:24:24.945] [exthost] [info] eager extensions activated
[2021-05-06 17:24:24.961] [exthost] [info] ExtensionService#_doActivateExtension vscode.emmet {"startup":false,"extensionId":{"value":"vscode.emmet","_lower":"vscode.emmet"},"activationEvent":"onStartupFinished"}
[2021-05-06 17:24:24.961] [exthost] [info] ExtensionService#loadCommonJSModule file:///usr/share/code/resources/app/extensions/emmet/dist/node/emmetNodeMain
[2021-05-06 17:24:24.975] [exthost] [info] ExtensionService#_doActivateExtension vscode.merge-conflict {"startup":false,"extensionId":{"value":"vscode.merge-conflict","_lower":"vscode.merge-conflict"},"activationEvent":"onStartupFinished"}
[2021-05-06 17:24:24.975] [exthost] [info] ExtensionService#loadCommonJSModule file:///usr/share/code/resources/app/extensions/merge-conflict/dist/mergeConflictMain
[2021-05-06 17:24:24.981] [exthost] [info] ExtensionService#_doActivateExtension vscode.testing-editor-contributions {"startup":false,"extensionId":{"value":"vscode.testing-editor-contributions","_lower":"vscode.testing-editor-contributions"},"activationEvent":"onStartupFinished"}
[2021-05-06 17:24:24.981] [exthost] [info] ExtensionService#loadCommonJSModule file:///usr/share/code/resources/app/extensions/testing-editor-contributions/dist/extension.js
[2021-05-06 17:25:27.510] [exthost] [error] [ms-vscode.cpptools] provider FAILED
[2021-05-06 17:25:27.510] [exthost] [error] undefined
[2021-05-06 17:26:12.674] [exthost] [error] [ms-vscode.cpptools] provider FAILED
[2021-05-06 17:26:12.674] [exthost] [error] undefined
[2021-05-06 17:26:35.777] [exthost] [error] [ms-vscode.cpptools] provider FAILED
[2021-05-06 17:26:35.777] [exthost] [error] undefined
[2021-05-06 17:27:43.837] [exthost] [error] [ms-vscode.cpptools] provider FAILED
[2021-05-06 17:27:43.837] [exthost] [error] undefined
[2021-05-06 17:27:49.254] [exthost] [error] [ms-vscode.cpptools] provider FAILED
[2021-05-06 17:27:49.254] [exthost] [error] undefined
[2021-05-06 17:27:58.876] [exthost] [error] [ms-vscode.cpptools] provider FAILED
[2021-05-06 17:27:58.876] [exthost] [error] undefined
[2021-05-06 17:28:05.044] [exthost] [error] [ms-vscode.cpptools] provider FAILED
[2021-05-06 17:28:05.044] [exthost] [error] undefined
[2021-05-06 17:28:39.447] [exthost] [error] [ms-vscode.cpptools] provider FAILED
[2021-05-06 17:28:39.447] [exthost] [error] undefined
[2021-05-06 17:29:33.595] [exthost] [error] [ms-vscode.cpptools] provider FAILED
[2021-05-06 17:29:33.595] [exthost] [error] undefined
[2021-05-06 17:29:33.856] [exthost] [error] [ms-vscode.cpptools] provider FAILED
[2021-05-06 17:29:33.856] [exthost] [error] undefined
[2021-05-06 17:29:38.157] [exthost] [error] [ms-vscode.cpptools] provider FAILED
[2021-05-06 17:29:38.157] [exthost] [error] undefined
[2021-05-06 17:33:35.525] [exthost] [error] [ms-vscode.cpptools] provider FAILED
[2021-05-06 17:33:35.525] [exthost] [error] undefined
[2021-05-06 17:33:42.973] [exthost] [error] [ms-vscode.cpptools] provider FAILED
[2021-05-06 17:33:42.973] [exthost] [error] undefined
[2021-05-06 17:33:53.148] [exthost] [error] [ms-vscode.cpptools] provider FAILED
[2021-05-06 17:33:53.149] [exthost] [error] undefined
[2021-05-06 17:36:27.174] [exthost] [error] [ms-vscode.cpptools] provider FAILED
[2021-05-06 17:36:27.174] [exthost] [error] undefined
[2021-05-06 17:36:37.322] [exthost] [error] [ms-vscode.cpptools] provider FAILED
[2021-05-06 17:36:37.322] [exthost] [error] undefined
[2021-05-06 17:36:45.623] [exthost] [error] [ms-vscode.cpptools] provider FAILED
[2021-05-06 17:36:45.623] [exthost] [error] undefined
[2021-05-06 17:36:50.221] [exthost] [error] [ms-vscode.cpptools] provider FAILED
[2021-05-06 17:36:50.221] [exthost] [error] undefined
[2021-05-06 17:36:56.413] [exthost] [error] [ms-vscode.cpptools] provider FAILED
[2021-05-06 17:36:56.413] [exthost] [error] undefined
[2021-05-06 17:40:32.754] [exthost] [error] [ms-vscode.cpptools] provider FAILED
[2021-05-06 17:40:32.754] [exthost] [error] undefined
[2021-05-06 17:42:26.954] [exthost] [error] [ms-vscode.cpptools] provider FAILED
[2021-05-06 17:42:26.954] [exthost] [error] undefined
[2021-05-06 17:42:38.620] [exthost] [error] [ms-vscode.cpptools] provider FAILED
[2021-05-06 17:42:38.620] [exthost] [error] undefined
[2021-05-06 17:42:55.101] [exthost] [error] [ms-vscode.cpptools] provider FAILED
[2021-05-06 17:42:55.101] [exthost] [error] undefined
[2021-05-06 17:43:16.112] [exthost] [error] [ms-vscode.cpptools] provider FAILED
[2021-05-06 17:43:16.112] [exthost] [error] undefined
[2021-05-06 17:43:17.083] [exthost] [error] [ms-vscode.cpptools] provider FAILED
[2021-05-06 17:43:17.083] [exthost] [error] undefined
[2021-05-06 17:43:18.306] [exthost] [error] [ms-vscode.cpptools] provider FAILED
[2021-05-06 17:43:18.306] [exthost] [error] undefined
[2021-05-06 17:44:30.054] [exthost] [error] [ms-vscode.cpptools] provider FAILED
[2021-05-06 17:44:30.054] [exthost] [error] undefined
[2021-05-06 17:44:30.962] [exthost] [error] [ms-vscode.cpptools] provider FAILED
[2021-05-06 17:44:30.962] [exthost] [error] undefined
[2021-05-06 17:45:04.757] [exthost] [error] [ms-vscode.cpptools] provider FAILED
[2021-05-06 17:45:04.757] [exthost] [error] undefined
[2021-05-06 17:45:13.156] [exthost] [error] [ms-vscode.cpptools] provider FAILED
[2021-05-06 17:45:13.156] [exthost] [error] undefined
[2021-05-06 17:45:39.641] [exthost] [error] [ms-vscode.cpptools] provider FAILED
[2021-05-06 17:45:39.641] [exthost] [error] undefined
[2021-05-06 17:45:51.724] [exthost] [error] [ms-vscode.cpptools] provider FAILED
[2021-05-06 17:45:51.724] [exthost] [error] undefined
[2021-05-06 17:46:52.256] [exthost] [error] [ms-vscode.cpptools] provider FAILED
[2021-05-06 17:46:52.256] [exthost] [error] undefined
[2021-05-06 17:48:01.456] [exthost] [error] [ms-vscode.cpptools] provider FAILED
[2021-05-06 17:48:01.456] [exthost] [error] undefined
[2021-05-06 17:49:59.906] [exthost] [error] [ms-vscode.cpptools] provider FAILED
[2021-05-06 17:49:59.906] [exthost] [error] undefined
[2021-05-06 17:50:34.502] [exthost] [error] [ms-vscode.cpptools] provider FAILED
[2021-05-06 17:50:34.502] [exthost] [error] undefined
[2021-05-06 17:51:23.188] [exthost] [error] [ms-vscode.cpptools] provider FAILED
[2021-05-06 17:51:23.188] [exthost] [error] undefined
[2021-05-06 17:51:31.765] [exthost] [error] [ms-vscode.cpptools] provider FAILED
[2021-05-06 17:51:31.765] [exthost] [error] undefined
[2021-05-06 17:52:31.675] [exthost] [error] [ms-vscode.cpptools] provider FAILED
[2021-05-06 17:52:31.675] [exthost] [error] undefined
[2021-05-06 17:52:39.337] [exthost] [error] [ms-vscode.cpptools] provider FAILED
[2021-05-06 17:52:39.337] [exthost] [error] undefined
[2021-05-06 17:52:39.339] [exthost] [error] [ms-vscode.cpptools] provider FAILED
[2021-05-06 17:52:39.339] [exthost] [error] undefined
[2021-05-06 17:52:40.937] [exthost] [error] [ms-vscode.cpptools] provider FAILED
[2021-05-06 17:52:40.937] [exthost] [error] undefined
[2021-05-06 17:52:48.463] [exthost] [error] [ms-vscode.cpptools] provider FAILED
[2021-05-06 17:52:48.463] [exthost] [error] undefined
[2021-05-06 17:53:06.518] [exthost] [error] [ms-vscode.cpptools] provider FAILED
[2021-05-06 17:53:06.518] [exthost] [error] undefined
[2021-05-06 17:53:13.361] [exthost] [error] [ms-vscode.cpptools] provider FAILED
[2021-05-06 17:53:13.362] [exthost] [error] undefined
[2021-05-06 17:57:47.489] [exthost] [error] [ms-vscode.cpptools] provider FAILED
[2021-05-06 17:57:47.489] [exthost] [error] undefined
[2021-05-06 18:01:43.309] [exthost] [error] [ms-vscode.cpptools] provider FAILED
[2021-05-06 18:01:43.309] [exthost] [error] undefined
[2021-05-06 18:02:02.968] [exthost] [error] [ms-vscode.cpptools] provider FAILED
[2021-05-06 18:02:02.969] [exthost] [error] undefined
[2021-05-06 18:02:09.530] [exthost] [error] [ms-vscode.cpptools] provider FAILED
[2021-05-06 18:02:09.530] [exthost] [error] undefined
[2021-05-06 18:02:13.728] [exthost] [error] [ms-vscode.cpptools] provider FAILED
[2021-05-06 18:02:13.728] [exthost] [error] undefined
[2021-05-06 18:02:32.577] [exthost] [error] [ms-vscode.cpptools] provider FAILED
[2021-05-06 18:02:32.577] [exthost] [error] undefined
[2021-05-06 18:02:50.110] [exthost] [error] [ms-vscode.cpptools] provider FAILED
[2021-05-06 18:02:50.110] [exthost] [error] undefined
[2021-05-06 18:02:56.585] [exthost] [error] [ms-vscode.cpptools] provider FAILED
[2021-05-06 18:02:56.585] [exthost] [error] undefined
[2021-05-06 18:03:08.610] [exthost] [error] [ms-vscode.cpptools] provider FAILED
[2021-05-06 18:03:08.610] [exthost] [error] undefined
[2021-05-06 18:03:32.781] [exthost] [error] [ms-vscode.cpptools] provider FAILED
[2021-05-06 18:03:32.781] [exthost] [error] undefined
[2021-05-06 18:03:37.605] [exthost] [error] [ms-vscode.cpptools] provider FAILED
[2021-05-06 18:03:37.605] [exthost] [error] undefined
[2021-05-06 18:03:48.436] [exthost] [error] [ms-vscode.cpptools] provider FAILED
[2021-05-06 18:03:48.436] [exthost] [error] undefined
[2021-05-06 18:03:50.076] [exthost] [error] [ms-vscode.cpptools] provider FAILED
[2021-05-06 18:03:50.076] [exthost] [error] undefined
[2021-05-06 18:03:53.749] [exthost] [error] [ms-vscode.cpptools] provider FAILED
[2021-05-06 18:03:53.749] [exthost] [error] undefined
[2021-05-06 18:04:27.093] [exthost] [error] [ms-vscode.cpptools] provider FAILED
[2021-05-06 18:04:27.093] [exthost] [error] undefined
[2021-05-06 18:04:28.267] [exthost] [error] [ms-vscode.cpptools] provider FAILED
[2021-05-06 18:04:28.267] [exthost] [error] undefined
[2021-05-06 18:04:28.267] [exthost] [error] [ms-vscode.cpptools] provider FAILED
[2021-05-06 18:04:28.267] [exthost] [error] undefined
[2021-05-06 18:04:30.206] [exthost] [error] [ms-vscode.cpptools] provider FAILED
[2021-05-06 18:04:30.206] [exthost] [error] undefined
[2021-05-06 18:04:32.706] [exthost] [error] [ms-vscode.cpptools] provider FAILED
[2021-05-06 18:04:32.706] [exthost] [error] undefined
[2021-05-06 18:04:34.963] [exthost] [error] [ms-vscode.cpptools] provider FAILED
[2021-05-06 18:04:34.963] [exthost] [error] undefined
[2021-05-06 18:04:46.899] [exthost] [error] [ms-vscode.cpptools] provider FAILED
[2021-05-06 18:04:46.899] [exthost] [error] undefined
[2021-05-06 18:04:49.156] [exthost] [error] [ms-vscode.cpptools] provider FAILED
[2021-05-06 18:04:49.156] [exthost] [error] undefined
[2021-05-06 18:04:52.903] [exthost] [error] [ms-vscode.cpptools] provider FAILED
[2021-05-06 18:04:52.903] [exthost] [error] undefined
[2021-05-06 18:05:33.978] [exthost] [error] [ms-vscode.cpptools] provider FAILED
[2021-05-06 18:05:33.978] [exthost] [error] undefined
[2021-05-06 18:06:15.751] [exthost] [error] [ms-vscode.cpptools] provider FAILED
[2021-05-06 18:06:15.751] [exthost] [error] undefined
[2021-05-06 18:07:52.079] [exthost] [info] extension host terminating: received terminate message from renderer
[2021-05-06 18:07:53.092] [exthost] [info] exiting with code 0
